#
# There is insufficient memory for the Java Runtime Environment to continue.
# Native memory allocation (malloc) failed to allocate 2190256 bytes. Error detail: Chunk::new
# Possible reasons:
#   The system is out of physical RAM or swap space
#   This process is running with CompressedOops enabled, and the Java Heap may be blocking the growth of the native heap
# Possible solutions:
#   Reduce memory load on the system
#   Increase physical memory or swap space
#   Check if swap backing store is full
#   Decrease Java heap size (-Xmx/-Xms)
#   Decrease number of Java threads
#   Decrease Java thread stack sizes (-Xss)
#   Set larger code cache with -XX:ReservedCodeCacheSize=
#   JVM is running with Unscaled Compressed Oops mode in which the Java heap is
#     placed in the first 4GB address space. The Java Heap base address is the
#     maximum limit for the native heap growth. Please use -XX:HeapBaseMinAddress
#     to set the Java Heap base and to place the Java Heap above 4GB virtual address.
# This output file may be truncated or incomplete.
#
#  Out of Memory Error (arena.cpp:191), pid=8552, tid=15196
#
# JRE version: OpenJDK Runtime Environment Temurin-17.0.11+9 (17.0.11+9) (build 17.0.11+9)
# Java VM: OpenJDK 64-Bit Server VM Temurin-17.0.11+9 (17.0.11+9, mixed mode, tiered, compressed oops, compressed class ptrs, parallel gc, windows-amd64)
# No core dump will be written. Minidumps are not enabled by default on client versions of Windows
#

---------------  S U M M A R Y ------------

Command Line: --add-modules=ALL-SYSTEM --add-opens=java.base/java.util=ALL-UNNAMED --add-opens=java.base/java.lang=ALL-UNNAMED --add-opens=java.base/sun.nio.fs=ALL-UNNAMED -Declipse.application=org.eclipse.jdt.ls.core.id1 -Dosgi.bundles.defaultStartLevel=4 -Declipse.product=org.eclipse.jdt.ls.core.product -Djava.import.generatesMetadataFilesAtProjectRoot=false -DDetectVMInstallationsJob.disabled=true -Dfile.encoding=utf8 -XX:+UseParallelGC -XX:GCTimeRatio=4 -XX:AdaptiveSizePolicyWeight=90 -Dsun.zip.disableMemoryMapping=true -Xmx1G -Xms100m -Xlog:disable -javaagent:c:\Users\CLIENTE\.vscode\extensions\redhat.java-1.31.0-win32-x64\lombok\lombok-1.18.32.jar -XX:+HeapDumpOnOutOfMemoryError -XX:HeapDumpPath=c:\Users\CLIENTE\AppData\Roaming\Code\User\workspaceStorage\908a2c74f25d912da51aec7b1e1fdb1a\redhat.java -Daether.dependencyCollector.impl=bf c:\Users\CLIENTE\.vscode\extensions\redhat.java-1.31.0-win32-x64\server\plugins\org.eclipse.equinox.launcher_1.6.800.v20240513-1750.jar -configuration c:\Users\CLIENTE\AppData\Roaming\Code\User\globalStorage\redhat.java\1.31.0\config_win -data c:\Users\CLIENTE\AppData\Roaming\Code\User\workspaceStorage\908a2c74f25d912da51aec7b1e1fdb1a\redhat.java\jdt_ws --pipe=\\.\pipe\lsp-e7c697ad50d03b1d3d68f9e7f64c95ec-sock

Host: Intel(R) Core(TM) i3-9100F CPU @ 3.60GHz, 4 cores, 7G,  Windows 10 , 64 bit Build 19041 (10.0.19041.3636)
Time: Tue Jun 11 10:52:37 2024 Hora oficial do Brasil elapsed time: 7645.144430 seconds (0d 2h 7m 25s)

---------------  T H R E A D  ---------------

Current thread (0x000002ba7efa1f40):  JavaThread "C2 CompilerThread1" daemon [_thread_in_native, id=15196, stack(0x000000bbccf00000,0x000000bbcd000000)]


Current CompileTask:
C2:7645144 32461       4       org.eclipse.jdt.internal.compiler.lookup.ParameterizedTypeBinding::swapUnresolved (129 bytes)

Stack: [0x000000bbccf00000,0x000000bbcd000000]
Native frames: (J=compiled Java code, j=interpreted, Vv=VM code, C=native code)
V  [jvm.dll+0x67d429]
V  [jvm.dll+0x834b7a]
V  [jvm.dll+0x83663e]
V  [jvm.dll+0x836ca3]
V  [jvm.dll+0x247dbf]
V  [jvm.dll+0xac534]
V  [jvm.dll+0xacb7c]
V  [jvm.dll+0x3665f2]
V  [jvm.dll+0x330bba]
V  [jvm.dll+0x33005a]
V  [jvm.dll+0x21a471]
V  [jvm.dll+0x2198b1]
V  [jvm.dll+0x1a534d]
V  [jvm.dll+0x2295cd]
V  [jvm.dll+0x22779c]
V  [jvm.dll+0x7e9d07]
V  [jvm.dll+0x7e410a]
V  [jvm.dll+0x67c315]
C  [ucrtbase.dll+0x21bb2]
C  [KERNEL32.DLL+0x17344]
C  [ntdll.dll+0x526b1]


---------------  P R O C E S S  ---------------

Threads class SMR info:
_java_thread_list=0x000002ba7fc25b30, length=44, elements={
0x000002ba62f3e990, 0x000002ba78ccf500, 0x000002ba78cd0510, 0x000002ba78d09130,
0x000002ba78d09ec0, 0x000002ba78d0ac50, 0x000002ba78d0cb90, 0x000002ba78d0d790,
0x000002ba78d17640, 0x000002ba78d186f0, 0x000002ba7dfcd3b0, 0x000002ba7e1a3150,
0x000002ba7e98f560, 0x000002ba7e963e30, 0x000002ba7df3f080, 0x000002ba7e40e510,
0x000002ba7e42f500, 0x000002ba7ed629b0, 0x000002ba7ed63df0, 0x000002ba7ed61a80,
0x000002ba7ed61f90, 0x000002ba7ed64810, 0x000002ba7ed624a0, 0x000002ba7ed62ec0,
0x000002ba7e4bc5d0, 0x000002ba7e4bbbb0, 0x000002ba7e4b9840, 0x000002ba7e4bcae0,
0x000002ba7e4ba260, 0x000002ba007b29b0, 0x000002ba007b5740, 0x000002ba007b1060,
0x000002ba007b5c50, 0x000002ba007b24a0, 0x000002ba007b2ec0, 0x000002ba007b6670,
0x000002ba007b7090, 0x000002ba007b4810, 0x000002ba007b4300, 0x000002ba007b1a80,
0x000002ba007b5230, 0x000002ba007b1f90, 0x000002ba007b75a0, 0x000002ba7efa1f40
}

Java Threads: ( => current thread )
  0x000002ba62f3e990 JavaThread "main" [_thread_blocked, id=12640, stack(0x000000bbca000000,0x000000bbca100000)]
  0x000002ba78ccf500 JavaThread "Reference Handler" daemon [_thread_blocked, id=7808, stack(0x000000bbca300000,0x000000bbca400000)]
  0x000002ba78cd0510 JavaThread "Finalizer" daemon [_thread_blocked, id=760, stack(0x000000bbca400000,0x000000bbca500000)]
  0x000002ba78d09130 JavaThread "Signal Dispatcher" daemon [_thread_blocked, id=8752, stack(0x000000bbca500000,0x000000bbca600000)]
  0x000002ba78d09ec0 JavaThread "Attach Listener" daemon [_thread_blocked, id=13268, stack(0x000000bbca600000,0x000000bbca700000)]
  0x000002ba78d0ac50 JavaThread "Service Thread" daemon [_thread_blocked, id=9508, stack(0x000000bbca700000,0x000000bbca800000)]
  0x000002ba78d0cb90 JavaThread "Monitor Deflation Thread" daemon [_thread_blocked, id=6724, stack(0x000000bbca800000,0x000000bbca900000)]
  0x000002ba78d0d790 JavaThread "C2 CompilerThread0" daemon [_thread_in_native, id=3288, stack(0x000000bbca900000,0x000000bbcaa00000)]
  0x000002ba78d17640 JavaThread "C1 CompilerThread0" daemon [_thread_blocked, id=5540, stack(0x000000bbcaa00000,0x000000bbcab00000)]
  0x000002ba78d186f0 JavaThread "Sweeper thread" daemon [_thread_blocked, id=12044, stack(0x000000bbcab00000,0x000000bbcac00000)]
  0x000002ba7dfcd3b0 JavaThread "Common-Cleaner" daemon [_thread_blocked, id=11436, stack(0x000000bbcac00000,0x000000bbcad00000)]
  0x000002ba7e1a3150 JavaThread "Notification Thread" daemon [_thread_blocked, id=2256, stack(0x000000bbcad00000,0x000000bbcae00000)]
  0x000002ba7e98f560 JavaThread "Active Thread: Equinox Container: 148cf8f7-7d1f-4de8-9816-e171db852e6c" [_thread_blocked, id=5992, stack(0x000000bbcb300000,0x000000bbcb400000)]
  0x000002ba7e963e30 JavaThread "Framework Event Dispatcher: Equinox Container: 148cf8f7-7d1f-4de8-9816-e171db852e6c" daemon [_thread_blocked, id=5188, stack(0x000000bbcb200000,0x000000bbcb300000)]
  0x000002ba7df3f080 JavaThread "Start Level: Equinox Container: 148cf8f7-7d1f-4de8-9816-e171db852e6c" daemon [_thread_blocked, id=7612, stack(0x000000bbcb400000,0x000000bbcb500000)]
  0x000002ba7e40e510 JavaThread "Bundle File Closer" daemon [_thread_blocked, id=11672, stack(0x000000bbcb600000,0x000000bbcb700000)]
  0x000002ba7e42f500 JavaThread "SCR Component Actor" daemon [_thread_blocked, id=2020, stack(0x000000bbcb500000,0x000000bbcb600000)]
  0x000002ba7ed629b0 JavaThread "Worker-JM" [_thread_blocked, id=6444, stack(0x000000bbcb800000,0x000000bbcb900000)]
  0x000002ba7ed63df0 JavaThread "Java indexing" daemon [_thread_blocked, id=5080, stack(0x000000bbcbc00000,0x000000bbcbd00000)]
  0x000002ba7ed61a80 JavaThread "JNA Cleaner" daemon [_thread_blocked, id=4700, stack(0x000000bbcbb00000,0x000000bbcbc00000)]
  0x000002ba7ed61f90 JavaThread "Thread-2" daemon [_thread_in_native, id=11872, stack(0x000000bbcc100000,0x000000bbcc200000)]
  0x000002ba7ed64810 JavaThread "Thread-3" daemon [_thread_in_native, id=11544, stack(0x000000bbcc200000,0x000000bbcc300000)]
  0x000002ba7ed624a0 JavaThread "Thread-4" daemon [_thread_in_native, id=12932, stack(0x000000bbcc300000,0x000000bbcc400000)]
  0x000002ba7ed62ec0 JavaThread "Thread-5" daemon [_thread_in_native, id=8584, stack(0x000000bbcc400000,0x000000bbcc500000)]
  0x000002ba7e4bc5d0 JavaThread "Thread-6" daemon [_thread_in_native, id=6376, stack(0x000000bbcc500000,0x000000bbcc600000)]
  0x000002ba7e4bbbb0 JavaThread "pool-2-thread-1" [_thread_blocked, id=3260, stack(0x000000bbcc600000,0x000000bbcc700000)]
  0x000002ba7e4b9840 JavaThread "WorkspaceEventsHandler" [_thread_blocked, id=3688, stack(0x000000bbcc700000,0x000000bbcc800000)]
  0x000002ba7e4bcae0 JavaThread "pool-1-thread-1" [_thread_blocked, id=10940, stack(0x000000bbcc800000,0x000000bbcc900000)]
  0x000002ba7e4ba260 JavaThread "Cleaner-0" daemon [_thread_blocked, id=6816, stack(0x000000bbcbf00000,0x000000bbcc000000)]
  0x000002ba007b29b0 JavaThread "Worker-47" [_thread_blocked, id=288, stack(0x000000bbcba00000,0x000000bbcbb00000)]
  0x000002ba007b5740 JavaThread "Worker-48" [_thread_blocked, id=12524, stack(0x000000bbcbd00000,0x000000bbcbe00000)]
  0x000002ba007b1060 JavaThread "ForkJoinPool.commonPool-worker-41" daemon [_thread_blocked, id=15292, stack(0x000000bbc9e00000,0x000000bbc9f00000)]
  0x000002ba007b5c50 JavaThread "ForkJoinPool.commonPool-worker-42" daemon [_thread_blocked, id=14352, stack(0x000000bbc9f00000,0x000000bbca000000)]
  0x000002ba007b24a0 JavaThread "ForkJoinPool.commonPool-worker-43" daemon [_thread_blocked, id=14380, stack(0x000000bbcb700000,0x000000bbcb800000)]
  0x000002ba007b2ec0 JavaThread "ForkJoinPool.commonPool-worker-44" daemon [_thread_blocked, id=15124, stack(0x000000bbcb900000,0x000000bbcba00000)]
  0x000002ba007b6670 JavaThread "ForkJoinPool.commonPool-worker-45" daemon [_thread_blocked, id=5012, stack(0x000000bbcbe00000,0x000000bbcbf00000)]
  0x000002ba007b7090 JavaThread "Worker-49" [_thread_blocked, id=11180, stack(0x000000bbcc000000,0x000000bbcc100000)]
  0x000002ba007b4810 JavaThread "Worker-50" [_thread_blocked, id=2404, stack(0x000000bbcc900000,0x000000bbcca00000)]
  0x000002ba007b4300 JavaThread "ForkJoinPool.commonPool-worker-46" daemon [_thread_blocked, id=14768, stack(0x000000bbcca00000,0x000000bbccb00000)]
  0x000002ba007b1a80 JavaThread "ForkJoinPool.commonPool-worker-47" daemon [_thread_blocked, id=7520, stack(0x000000bbccb00000,0x000000bbccc00000)]
  0x000002ba007b5230 JavaThread "ForkJoinPool.commonPool-worker-48" daemon [_thread_blocked, id=15180, stack(0x000000bbccc00000,0x000000bbccd00000)]
  0x000002ba007b1f90 JavaThread "pool-1-thread-13" [_thread_blocked, id=9780, stack(0x000000bbccd00000,0x000000bbcce00000)]
  0x000002ba007b75a0 JavaThread "Worker-51" [_thread_blocked, id=14548, stack(0x000000bbcce00000,0x000000bbccf00000)]
=>0x000002ba7efa1f40 JavaThread "C2 CompilerThread1" daemon [_thread_in_native, id=15196, stack(0x000000bbccf00000,0x000000bbcd000000)]

Other Threads:
  0x000002ba62fc78e0 VMThread "VM Thread" [stack: 0x000000bbca200000,0x000000bbca300000] [id=13880]
  0x000002ba7e1a3630 WatcherThread [stack: 0x000000bbcae00000,0x000000bbcaf00000] [id=5280]
  0x000002ba62f56ef0 GCTaskThread "GC Thread#0" [stack: 0x000000bbca100000,0x000000bbca200000] [id=1508]
  0x000002ba7e7edd20 GCTaskThread "GC Thread#1" [stack: 0x000000bbcaf00000,0x000000bbcb000000] [id=8928]
  0x000002ba7e7edfe0 GCTaskThread "GC Thread#2" [stack: 0x000000bbcb000000,0x000000bbcb100000] [id=4668]
  0x000002ba7e390400 GCTaskThread "GC Thread#3" [stack: 0x000000bbcb100000,0x000000bbcb200000] [id=6800]

Threads with active compile tasks:
C2 CompilerThread0  7645193 32462       4       org.eclipse.jdt.internal.compiler.lookup.TypeSystem$HashedParameterizedTypes$PTBKey::swapUnresolved (143 bytes)
C2 CompilerThread1  7645193 32461       4       org.eclipse.jdt.internal.compiler.lookup.ParameterizedTypeBinding::swapUnresolved (129 bytes)

VM state: not at safepoint (normal execution)

VM Mutex/Monitor currently owned by a thread: None

Heap address: 0x00000000c0000000, size: 1024 MB, Compressed Oops mode: 32-bit

CDS archive(s) not mapped
Compressed class space mapped at: 0x0000000100000000-0x0000000140000000, reserved size: 1073741824
Narrow klass base: 0x0000000000000000, Narrow klass shift: 3, Narrow klass range: 0x140000000

GC Precious Log:
 CPUs: 4 total, 4 available
 Memory: 8127M
 Large Page Support: Disabled
 NUMA Support: Disabled
 Compressed Oops: Enabled (32-bit)
 Alignments: Space 512K, Generation 512K, Heap 2M
 Heap Min Capacity: 100M
 Heap Initial Capacity: 100M
 Heap Max Capacity: 1G
 Pre-touch: Disabled
 Parallel Workers: 4

Heap:
 PSYoungGen      total 11264K, used 10655K [0x00000000eab00000, 0x00000000ec000000, 0x0000000100000000)
  eden space 9216K, 96% used [0x00000000eab00000,0x00000000eb3b9538,0x00000000eb400000)
  from space 2048K, 84% used [0x00000000ebe00000,0x00000000ebfae900,0x00000000ec000000)
  to   space 4608K, 0% used [0x00000000eb700000,0x00000000eb700000,0x00000000ebb80000)
 ParOldGen       total 286720K, used 220310K [0x00000000c0000000, 0x00000000d1800000, 0x00000000eab00000)
  object space 286720K, 76% used [0x00000000c0000000,0x00000000cd725850,0x00000000d1800000)
 Metaspace       used 104692K, committed 106240K, reserved 1179648K
  class space    used 10261K, committed 10944K, reserved 1048576K

Card table byte_map: [0x000002ba765a0000,0x000002ba767b0000] _byte_map_base: 0x000002ba75fa0000

Marking Bits: (ParMarkBitMap*) 0x00007ffb22bcd820
 Begin Bits: [0x000002ba76910000, 0x000002ba77910000)
 End Bits:   [0x000002ba77910000, 0x000002ba78910000)

Polling page: 0x000002ba63000000

Metaspace:

Usage:
  Non-class:     92.22 MB used.
      Class:     10.02 MB used.
       Both:    102.24 MB used.

Virtual space:
  Non-class space:      128.00 MB reserved,      93.06 MB ( 73%) committed,  2 nodes.
      Class space:        1.00 GB reserved,      10.69 MB (  1%) committed,  1 nodes.
             Both:        1.12 GB reserved,     103.75 MB (  9%) committed. 

Chunk freelists:
   Non-Class:  2.92 MB
       Class:  5.32 MB
        Both:  8.25 MB

MaxMetaspaceSize: unlimited
CompressedClassSpaceSize: 1.00 GB
Initial GC threshold: 21.00 MB
Current GC threshold: 172.94 MB
CDS: off
MetaspaceReclaimPolicy: balanced
 - commit_granule_bytes: 65536.
 - commit_granule_words: 8192.
 - virtual_space_node_default_size: 8388608.
 - enlarge_chunks_in_place: 1.
 - new_chunks_are_fully_committed: 0.
 - uncommit_free_chunks: 1.
 - use_allocation_guard: 0.
 - handle_deallocations: 1.


Internal statistics:

num_allocs_failed_limit: 9.
num_arena_births: 1448.
num_arena_deaths: 556.
num_vsnodes_births: 3.
num_vsnodes_deaths: 0.
num_space_committed: 1661.
num_space_uncommitted: 1.
num_chunks_returned_to_freelist: 709.
num_chunks_taken_from_freelist: 6335.
num_chunk_merges: 247.
num_chunk_splits: 3603.
num_chunks_enlarged: 1865.
num_inconsistent_stats: 0.

CodeHeap 'non-profiled nmethods': size=120000Kb used=31288Kb max_used=33569Kb free=88711Kb
 bounds [0x000002ba6ee90000, 0x000002ba70fb0000, 0x000002ba763c0000]
CodeHeap 'profiled nmethods': size=120000Kb used=49840Kb max_used=49840Kb free=70159Kb
 bounds [0x000002ba673c0000, 0x000002ba6a480000, 0x000002ba6e8f0000]
CodeHeap 'non-nmethods': size=5760Kb used=1472Kb max_used=1604Kb free=4288Kb
 bounds [0x000002ba6e8f0000, 0x000002ba6eb60000, 0x000002ba6ee90000]
 total_blobs=23468 nmethods=22638 adapters=740
 compilation: enabled
              stopped_count=0, restarted_count=0
 full_count=0

Compilation events (20 events):
Event: 7644.263 Thread 0x000002ba7efa1f40 nmethod 32453 0x000002ba70415b90 code [0x000002ba70415d80, 0x000002ba70416638]
Event: 7644.264 Thread 0x000002ba7efa1f40 32155       4       org.eclipse.jdt.internal.compiler.lookup.ReferenceBinding::getTypeVariable (37 bytes)
Event: 7644.266 Thread 0x000002ba7efa1f40 nmethod 32155 0x000002ba6fd85c90 code [0x000002ba6fd85e20, 0x000002ba6fd86108]
Event: 7644.266 Thread 0x000002ba7efa1f40 32147       4       org.eclipse.jdt.internal.compiler.lookup.ClassScope::detectHierarchyCycle (732 bytes)
Event: 7644.428 Thread 0x000002ba78d0d790 nmethod 32406 0x000002ba70961f90 code [0x000002ba709622e0, 0x000002ba70966b50]
Event: 7644.428 Thread 0x000002ba78d0d790 32430       4       org.eclipse.jdt.internal.compiler.lookup.ReferenceBinding::canBeSeenBy (217 bytes)
Event: 7644.434 Thread 0x000002ba78d0d790 nmethod 32430 0x000002ba70806590 code [0x000002ba708067a0, 0x000002ba70806dd8]
Event: 7644.435 Thread 0x000002ba78d0d790 32395   !   4       org.eclipse.jdt.internal.compiler.lookup.ParameterizedTypeBinding::fields (135 bytes)
Event: 7644.501 Thread 0x000002ba78d17640 32459       3       org.eclipse.jdt.internal.compiler.lookup.ReferenceBinding::isSubtypeOf (127 bytes)
Event: 7644.501 Thread 0x000002ba78d17640 nmethod 32459 0x000002ba6a473190 code [0x000002ba6a473420, 0x000002ba6a4740b8]
Event: 7644.508 Thread 0x000002ba78d17640 32460       3       org.eclipse.jdt.internal.compiler.ast.UnaryExpression::bindingsWhenFalse (30 bytes)
Event: 7644.508 Thread 0x000002ba78d17640 nmethod 32460 0x000002ba6a474410 code [0x000002ba6a4745c0, 0x000002ba6a474808]
Event: 7644.874 Thread 0x000002ba7efa1f40 nmethod 32147 0x000002ba70d3f590 code [0x000002ba70d3fe80, 0x000002ba70d4b5d0]
Event: 7644.875 Thread 0x000002ba7efa1f40 32458       4       org.eclipse.jdt.internal.compiler.lookup.Scope::enclosingSourceType (31 bytes)
Event: 7644.876 Thread 0x000002ba7efa1f40 nmethod 32458 0x000002ba703e1a10 code [0x000002ba703e1ba0, 0x000002ba703e1c98]
Event: 7644.876 Thread 0x000002ba7efa1f40 32457       4       org.eclipse.jdt.internal.compiler.lookup.TypeSystem$HashedParameterizedTypes$PTBKey::hashCode (96 bytes)
Event: 7644.880 Thread 0x000002ba7efa1f40 nmethod 32457 0x000002ba6fffd010 code [0x000002ba6fffd1e0, 0x000002ba6fffd588]
Event: 7644.880 Thread 0x000002ba7efa1f40 32461       4       org.eclipse.jdt.internal.compiler.lookup.ParameterizedTypeBinding::swapUnresolved (129 bytes)
Event: 7644.999 Thread 0x000002ba78d0d790 nmethod 32395 0x000002ba70caf310 code [0x000002ba70cafac0, 0x000002ba70cbb270]
Event: 7645.000 Thread 0x000002ba78d0d790 32462       4       org.eclipse.jdt.internal.compiler.lookup.TypeSystem$HashedParameterizedTypes$PTBKey::swapUnresolved (143 bytes)

GC Heap History (20 events):
Event: 7643.457 GC heap before
{Heap before GC invocations=10310 (full 216):
 PSYoungGen      total 5120K, used 4480K [0x00000000eab00000, 0x00000000eb100000, 0x0000000100000000)
  eden space 4096K, 100% used [0x00000000eab00000,0x00000000eaf00000,0x00000000eaf00000)
  from space 1024K, 37% used [0x00000000eb000000,0x00000000eb060000,0x00000000eb100000)
  to   space 1024K, 0% used [0x00000000eaf00000,0x00000000eaf00000,0x00000000eb000000)
 ParOldGen       total 286720K, used 199355K [0x00000000c0000000, 0x00000000d1800000, 0x00000000eab00000)
  object space 286720K, 69% used [0x00000000c0000000,0x00000000cc2aee78,0x00000000d1800000)
 Metaspace       used 104691K, committed 106240K, reserved 1179648K
  class space    used 10261K, committed 10944K, reserved 1048576K
}
Event: 7643.460 GC heap after
{Heap after GC invocations=10310 (full 216):
 PSYoungGen      total 5120K, used 512K [0x00000000eab00000, 0x00000000eb200000, 0x0000000100000000)
  eden space 4096K, 0% used [0x00000000eab00000,0x00000000eab00000,0x00000000eaf00000)
  from space 1024K, 50% used [0x00000000eaf00000,0x00000000eaf80000,0x00000000eb000000)
  to   space 1024K, 0% used [0x00000000eb100000,0x00000000eb100000,0x00000000eb200000)
 ParOldGen       total 286720K, used 199663K [0x00000000c0000000, 0x00000000d1800000, 0x00000000eab00000)
  object space 286720K, 69% used [0x00000000c0000000,0x00000000cc2fbe88,0x00000000d1800000)
 Metaspace       used 104691K, committed 106240K, reserved 1179648K
  class space    used 10261K, committed 10944K, reserved 1048576K
}
Event: 7643.484 GC heap before
{Heap before GC invocations=10311 (full 216):
 PSYoungGen      total 5120K, used 4608K [0x00000000eab00000, 0x00000000eb200000, 0x0000000100000000)
  eden space 4096K, 100% used [0x00000000eab00000,0x00000000eaf00000,0x00000000eaf00000)
  from space 1024K, 50% used [0x00000000eaf00000,0x00000000eaf80000,0x00000000eb000000)
  to   space 1024K, 0% used [0x00000000eb100000,0x00000000eb100000,0x00000000eb200000)
 ParOldGen       total 286720K, used 199663K [0x00000000c0000000, 0x00000000d1800000, 0x00000000eab00000)
  object space 286720K, 69% used [0x00000000c0000000,0x00000000cc2fbe88,0x00000000d1800000)
 Metaspace       used 104692K, committed 106240K, reserved 1179648K
  class space    used 10261K, committed 10944K, reserved 1048576K
}
Event: 7643.486 GC heap after
{Heap after GC invocations=10311 (full 216):
 PSYoungGen      total 6144K, used 736K [0x00000000eab00000, 0x00000000eb200000, 0x0000000100000000)
  eden space 5120K, 0% used [0x00000000eab00000,0x00000000eab00000,0x00000000eb000000)
  from space 1024K, 71% used [0x00000000eb100000,0x00000000eb1b8000,0x00000000eb200000)
  to   space 1024K, 0% used [0x00000000eb000000,0x00000000eb000000,0x00000000eb100000)
 ParOldGen       total 286720K, used 200083K [0x00000000c0000000, 0x00000000d1800000, 0x00000000eab00000)
  object space 286720K, 69% used [0x00000000c0000000,0x00000000cc364ef8,0x00000000d1800000)
 Metaspace       used 104692K, committed 106240K, reserved 1179648K
  class space    used 10261K, committed 10944K, reserved 1048576K
}
Event: 7643.509 GC heap before
{Heap before GC invocations=10312 (full 216):
 PSYoungGen      total 6144K, used 5856K [0x00000000eab00000, 0x00000000eb200000, 0x0000000100000000)
  eden space 5120K, 100% used [0x00000000eab00000,0x00000000eb000000,0x00000000eb000000)
  from space 1024K, 71% used [0x00000000eb100000,0x00000000eb1b8000,0x00000000eb200000)
  to   space 1024K, 0% used [0x00000000eb000000,0x00000000eb000000,0x00000000eb100000)
 ParOldGen       total 286720K, used 200083K [0x00000000c0000000, 0x00000000d1800000, 0x00000000eab00000)
  object space 286720K, 69% used [0x00000000c0000000,0x00000000cc364ef8,0x00000000d1800000)
 Metaspace       used 104692K, committed 106240K, reserved 1179648K
  class space    used 10261K, committed 10944K, reserved 1048576K
}
Event: 7643.511 GC heap after
{Heap after GC invocations=10312 (full 216):
 PSYoungGen      total 6144K, used 628K [0x00000000eab00000, 0x00000000eb300000, 0x0000000100000000)
  eden space 5120K, 0% used [0x00000000eab00000,0x00000000eab00000,0x00000000eb000000)
  from space 1024K, 61% used [0x00000000eb000000,0x00000000eb09d200,0x00000000eb100000)
  to   space 1024K, 0% used [0x00000000eb200000,0x00000000eb200000,0x00000000eb300000)
 ParOldGen       total 286720K, used 200769K [0x00000000c0000000, 0x00000000d1800000, 0x00000000eab00000)
  object space 286720K, 70% used [0x00000000c0000000,0x00000000cc410678,0x00000000d1800000)
 Metaspace       used 104692K, committed 106240K, reserved 1179648K
  class space    used 10261K, committed 10944K, reserved 1048576K
}
Event: 7644.025 GC heap before
{Heap before GC invocations=10313 (full 216):
 PSYoungGen      total 6144K, used 5748K [0x00000000eab00000, 0x00000000eb300000, 0x0000000100000000)
  eden space 5120K, 100% used [0x00000000eab00000,0x00000000eb000000,0x00000000eb000000)
  from space 1024K, 61% used [0x00000000eb000000,0x00000000eb09d200,0x00000000eb100000)
  to   space 1024K, 0% used [0x00000000eb200000,0x00000000eb200000,0x00000000eb300000)
 ParOldGen       total 286720K, used 200769K [0x00000000c0000000, 0x00000000d1800000, 0x00000000eab00000)
  object space 286720K, 70% used [0x00000000c0000000,0x00000000cc410678,0x00000000d1800000)
 Metaspace       used 104692K, committed 106240K, reserved 1179648K
  class space    used 10261K, committed 10944K, reserved 1048576K
}
Event: 7644.026 GC heap after
{Heap after GC invocations=10313 (full 216):
 PSYoungGen      total 7168K, used 666K [0x00000000eab00000, 0x00000000eb300000, 0x0000000100000000)
  eden space 6144K, 0% used [0x00000000eab00000,0x00000000eab00000,0x00000000eb100000)
  from space 1024K, 65% used [0x00000000eb200000,0x00000000eb2a6920,0x00000000eb300000)
  to   space 1024K, 0% used [0x00000000eb100000,0x00000000eb100000,0x00000000eb200000)
 ParOldGen       total 286720K, used 201331K [0x00000000c0000000, 0x00000000d1800000, 0x00000000eab00000)
  object space 286720K, 70% used [0x00000000c0000000,0x00000000cc49cee0,0x00000000d1800000)
 Metaspace       used 104692K, committed 106240K, reserved 1179648K
  class space    used 10261K, committed 10944K, reserved 1048576K
}
Event: 7644.041 GC heap before
{Heap before GC invocations=10314 (full 216):
 PSYoungGen      total 7168K, used 6810K [0x00000000eab00000, 0x00000000eb300000, 0x0000000100000000)
  eden space 6144K, 100% used [0x00000000eab00000,0x00000000eb100000,0x00000000eb100000)
  from space 1024K, 65% used [0x00000000eb200000,0x00000000eb2a6920,0x00000000eb300000)
  to   space 1024K, 0% used [0x00000000eb100000,0x00000000eb100000,0x00000000eb200000)
 ParOldGen       total 286720K, used 201331K [0x00000000c0000000, 0x00000000d1800000, 0x00000000eab00000)
  object space 286720K, 70% used [0x00000000c0000000,0x00000000cc49cee0,0x00000000d1800000)
 Metaspace       used 104692K, committed 106240K, reserved 1179648K
  class space    used 10261K, committed 10944K, reserved 1048576K
}
Event: 7644.046 GC heap after
{Heap after GC invocations=10314 (full 216):
 PSYoungGen      total 7168K, used 1016K [0x00000000eab00000, 0x00000000ec280000, 0x0000000100000000)
  eden space 6144K, 0% used [0x00000000eab00000,0x00000000eab00000,0x00000000eb100000)
  from space 1024K, 99% used [0x00000000eb100000,0x00000000eb1fe0b0,0x00000000eb200000)
  to   space 8192K, 0% used [0x00000000eba80000,0x00000000eba80000,0x00000000ec280000)
 ParOldGen       total 286720K, used 207118K [0x00000000c0000000, 0x00000000d1800000, 0x00000000eab00000)
  object space 286720K, 72% used [0x00000000c0000000,0x00000000cca438a0,0x00000000d1800000)
 Metaspace       used 104692K, committed 106240K, reserved 1179648K
  class space    used 10261K, committed 10944K, reserved 1048576K
}
Event: 7644.082 GC heap before
{Heap before GC invocations=10315 (full 216):
 PSYoungGen      total 7168K, used 7160K [0x00000000eab00000, 0x00000000ec280000, 0x0000000100000000)
  eden space 6144K, 100% used [0x00000000eab00000,0x00000000eb100000,0x00000000eb100000)
  from space 1024K, 99% used [0x00000000eb100000,0x00000000eb1fe0b0,0x00000000eb200000)
  to   space 8192K, 0% used [0x00000000eba80000,0x00000000eba80000,0x00000000ec280000)
 ParOldGen       total 286720K, used 207118K [0x00000000c0000000, 0x00000000d1800000, 0x00000000eab00000)
  object space 286720K, 72% used [0x00000000c0000000,0x00000000cca438a0,0x00000000d1800000)
 Metaspace       used 104692K, committed 106240K, reserved 1179648K
  class space    used 10261K, committed 10944K, reserved 1048576K
}
Event: 7644.085 GC heap after
{Heap after GC invocations=10315 (full 216):
 PSYoungGen      total 10752K, used 2682K [0x00000000eab00000, 0x00000000ebd80000, 0x0000000100000000)
  eden space 7680K, 0% used [0x00000000eab00000,0x00000000eab00000,0x00000000eb280000)
  from space 3072K, 87% used [0x00000000eba80000,0x00000000ebd1e900,0x00000000ebd80000)
  to   space 4608K, 0% used [0x00000000eb480000,0x00000000eb480000,0x00000000eb900000)
 ParOldGen       total 286720K, used 208150K [0x00000000c0000000, 0x00000000d1800000, 0x00000000eab00000)
  object space 286720K, 72% used [0x00000000c0000000,0x00000000ccb45950,0x00000000d1800000)
 Metaspace       used 104692K, committed 106240K, reserved 1179648K
  class space    used 10261K, committed 10944K, reserved 1048576K
}
Event: 7644.132 GC heap before
{Heap before GC invocations=10316 (full 216):
 PSYoungGen      total 10752K, used 10362K [0x00000000eab00000, 0x00000000ebd80000, 0x0000000100000000)
  eden space 7680K, 100% used [0x00000000eab00000,0x00000000eb280000,0x00000000eb280000)
  from space 3072K, 87% used [0x00000000eba80000,0x00000000ebd1e900,0x00000000ebd80000)
  to   space 4608K, 0% used [0x00000000eb480000,0x00000000eb480000,0x00000000eb900000)
 ParOldGen       total 286720K, used 208150K [0x00000000c0000000, 0x00000000d1800000, 0x00000000eab00000)
  object space 286720K, 72% used [0x00000000c0000000,0x00000000ccb45950,0x00000000d1800000)
 Metaspace       used 104692K, committed 106240K, reserved 1179648K
  class space    used 10261K, committed 10944K, reserved 1048576K
}
Event: 7644.134 GC heap after
{Heap after GC invocations=10316 (full 216):
 PSYoungGen      total 12288K, used 852K [0x00000000eab00000, 0x00000000ebb00000, 0x0000000100000000)
  eden space 7680K, 0% used [0x00000000eab00000,0x00000000eab00000,0x00000000eb280000)
  from space 4608K, 18% used [0x00000000eb480000,0x00000000eb555200,0x00000000eb900000)
  to   space 2048K, 0% used [0x00000000eb900000,0x00000000eb900000,0x00000000ebb00000)
 ParOldGen       total 286720K, used 210702K [0x00000000c0000000, 0x00000000d1800000, 0x00000000eab00000)
  object space 286720K, 73% used [0x00000000c0000000,0x00000000ccdc3ba0,0x00000000d1800000)
 Metaspace       used 104692K, committed 106240K, reserved 1179648K
  class space    used 10261K, committed 10944K, reserved 1048576K
}
Event: 7644.419 GC heap before
{Heap before GC invocations=10317 (full 216):
 PSYoungGen      total 12288K, used 8254K [0x00000000eab00000, 0x00000000ebb00000, 0x0000000100000000)
  eden space 7680K, 96% used [0x00000000eab00000,0x00000000eb23a9b0,0x00000000eb280000)
  from space 4608K, 18% used [0x00000000eb480000,0x00000000eb555200,0x00000000eb900000)
  to   space 2048K, 0% used [0x00000000eb900000,0x00000000eb900000,0x00000000ebb00000)
 ParOldGen       total 286720K, used 210702K [0x00000000c0000000, 0x00000000d1800000, 0x00000000eab00000)
  object space 286720K, 73% used [0x00000000c0000000,0x00000000ccdc3ba0,0x00000000d1800000)
 Metaspace       used 104692K, committed 106240K, reserved 1179648K
  class space    used 10261K, committed 10944K, reserved 1048576K
}
Event: 7644.422 GC heap after
{Heap after GC invocations=10317 (full 216):
 PSYoungGen      total 9216K, used 1130K [0x00000000eab00000, 0x00000000eba80000, 0x0000000100000000)
  eden space 7680K, 0% used [0x00000000eab00000,0x00000000eab00000,0x00000000eb280000)
  from space 1536K, 73% used [0x00000000eb900000,0x00000000eba1a930,0x00000000eba80000)
  to   space 1536K, 0% used [0x00000000eb780000,0x00000000eb780000,0x00000000eb900000)
 ParOldGen       total 286720K, used 211487K [0x00000000c0000000, 0x00000000d1800000, 0x00000000eab00000)
  object space 286720K, 73% used [0x00000000c0000000,0x00000000cce87db0,0x00000000d1800000)
 Metaspace       used 104692K, committed 106240K, reserved 1179648K
  class space    used 10261K, committed 10944K, reserved 1048576K
}
Event: 7644.441 GC heap before
{Heap before GC invocations=10318 (full 216):
 PSYoungGen      total 9216K, used 8810K [0x00000000eab00000, 0x00000000eba80000, 0x0000000100000000)
  eden space 7680K, 100% used [0x00000000eab00000,0x00000000eb280000,0x00000000eb280000)
  from space 1536K, 73% used [0x00000000eb900000,0x00000000eba1a930,0x00000000eba80000)
  to   space 1536K, 0% used [0x00000000eb780000,0x00000000eb780000,0x00000000eb900000)
 ParOldGen       total 286720K, used 211487K [0x00000000c0000000, 0x00000000d1800000, 0x00000000eab00000)
  object space 286720K, 73% used [0x00000000c0000000,0x00000000cce87db0,0x00000000d1800000)
 Metaspace       used 104692K, committed 106240K, reserved 1179648K
  class space    used 10261K, committed 10944K, reserved 1048576K
}
Event: 7644.448 GC heap after
{Heap after GC invocations=10318 (full 216):
 PSYoungGen      total 10752K, used 1528K [0x00000000eab00000, 0x00000000ec800000, 0x0000000100000000)
  eden space 9216K, 0% used [0x00000000eab00000,0x00000000eab00000,0x00000000eb400000)
  from space 1536K, 99% used [0x00000000eb780000,0x00000000eb8fe0b0,0x00000000eb900000)
  to   space 10240K, 0% used [0x00000000ebe00000,0x00000000ebe00000,0x00000000ec800000)
 ParOldGen       total 286720K, used 218757K [0x00000000c0000000, 0x00000000d1800000, 0x00000000eab00000)
  object space 286720K, 76% used [0x00000000c0000000,0x00000000cd5a17a0,0x00000000d1800000)
 Metaspace       used 104692K, committed 106240K, reserved 1179648K
  class space    used 10261K, committed 10944K, reserved 1048576K
}
Event: 7644.511 GC heap before
{Heap before GC invocations=10319 (full 216):
 PSYoungGen      total 10752K, used 10744K [0x00000000eab00000, 0x00000000ec800000, 0x0000000100000000)
  eden space 9216K, 100% used [0x00000000eab00000,0x00000000eb400000,0x00000000eb400000)
  from space 1536K, 99% used [0x00000000eb780000,0x00000000eb8fe0b0,0x00000000eb900000)
  to   space 10240K, 0% used [0x00000000ebe00000,0x00000000ebe00000,0x00000000ec800000)
 ParOldGen       total 286720K, used 218757K [0x00000000c0000000, 0x00000000d1800000, 0x00000000eab00000)
  object space 286720K, 76% used [0x00000000c0000000,0x00000000cd5a17a0,0x00000000d1800000)
 Metaspace       used 104692K, committed 106240K, reserved 1179648K
  class space    used 10261K, committed 10944K, reserved 1048576K
}
Event: 7644.513 GC heap after
{Heap after GC invocations=10319 (full 216):
 PSYoungGen      total 11264K, used 1722K [0x00000000eab00000, 0x00000000ec000000, 0x0000000100000000)
  eden space 9216K, 0% used [0x00000000eab00000,0x00000000eab00000,0x00000000eb400000)
  from space 2048K, 84% used [0x00000000ebe00000,0x00000000ebfae900,0x00000000ec000000)
  to   space 4608K, 0% used [0x00000000eb700000,0x00000000eb700000,0x00000000ebb80000)
 ParOldGen       total 286720K, used 220310K [0x00000000c0000000, 0x00000000d1800000, 0x00000000eab00000)
  object space 286720K, 76% used [0x00000000c0000000,0x00000000cd725850,0x00000000d1800000)
 Metaspace       used 104692K, committed 106240K, reserved 1179648K
  class space    used 10261K, committed 10944K, reserved 1048576K
}

Dll operation events (12 events):
Event: 0.054 Loaded shared library c:\Users\CLIENTE\.vscode\extensions\redhat.java-1.31.0-win32-x64\jre\17.0.11-win32-x86_64\bin\java.dll
Event: 0.635 Loaded shared library c:\Users\CLIENTE\.vscode\extensions\redhat.java-1.31.0-win32-x64\jre\17.0.11-win32-x86_64\bin\zip.dll
Event: 0.646 Loaded shared library C:\Users\CLIENTE\.vscode\extensions\redhat.java-1.31.0-win32-x64\jre\17.0.11-win32-x86_64\bin\instrument.dll
Event: 0.817 Loaded shared library C:\Users\CLIENTE\.vscode\extensions\redhat.java-1.31.0-win32-x64\jre\17.0.11-win32-x86_64\bin\net.dll
Event: 0.825 Loaded shared library C:\Users\CLIENTE\.vscode\extensions\redhat.java-1.31.0-win32-x64\jre\17.0.11-win32-x86_64\bin\nio.dll
Event: 0.910 Loaded shared library C:\Users\CLIENTE\.vscode\extensions\redhat.java-1.31.0-win32-x64\jre\17.0.11-win32-x86_64\bin\zip.dll
Event: 1.024 Loaded shared library C:\Users\CLIENTE\.vscode\extensions\redhat.java-1.31.0-win32-x64\jre\17.0.11-win32-x86_64\bin\jimage.dll
Event: 1.223 Loaded shared library c:\Users\CLIENTE\.vscode\extensions\redhat.java-1.31.0-win32-x64\jre\17.0.11-win32-x86_64\bin\verify.dll
Event: 9.327 Loaded shared library C:\Users\CLIENTE\AppData\Roaming\Code\User\globalStorage\redhat.java\1.31.0\config_win\org.eclipse.equinox.launcher\org.eclipse.equinox.launcher.win32.win32.x86_64_1.2.1000.v20240507-1834\eclipse_11902.dll
Event: 28.042 Loaded shared library C:\Users\CLIENTE\AppData\Local\Temp\jna-1578570202\jna7755954832042934761.dll
Event: 213.170 Loaded shared library C:\Users\CLIENTE\.vscode\extensions\redhat.java-1.31.0-win32-x64\jre\17.0.11-win32-x86_64\bin\sunmscapi.dll
Event: 599.384 Loaded shared library C:\Users\CLIENTE\.vscode\extensions\redhat.java-1.31.0-win32-x64\jre\17.0.11-win32-x86_64\bin\extnet.dll

Deoptimization events (20 events):
Event: 7642.522 Thread 0x000002ba007b5c50 DEOPT PACKING pc=0x000002ba6fd5af10 sp=0x000000bbc9ffdbb0
Event: 7642.522 Thread 0x000002ba007b5c50 DEOPT UNPACKING pc=0x000002ba6e9466a3 sp=0x000000bbc9ffdb18 mode 2
Event: 7642.528 Thread 0x000002ba007b5c50 Uncommon trap: trap_request=0xffffffde fr.pc=0x000002ba70cd6a58 relative=0x0000000000001e38
Event: 7642.528 Thread 0x000002ba007b5c50 Uncommon trap: reason=class_check action=maybe_recompile pc=0x000002ba70cd6a58 method=org.eclipse.jdt.internal.compiler.lookup.ParameterizedTypeBinding.genericTypeSignature()[C @ 121 c2
Event: 7642.528 Thread 0x000002ba007b5c50 DEOPT PACKING pc=0x000002ba70cd6a58 sp=0x000000bbc9ffe050
Event: 7642.528 Thread 0x000002ba007b5c50 DEOPT UNPACKING pc=0x000002ba6e9466a3 sp=0x000000bbc9ffe040 mode 2
Event: 7642.528 Thread 0x000002ba007b5c50 Uncommon trap: trap_request=0xffffffde fr.pc=0x000002ba70cd6a58 relative=0x0000000000001e38
Event: 7642.528 Thread 0x000002ba007b5c50 Uncommon trap: reason=class_check action=maybe_recompile pc=0x000002ba70cd6a58 method=org.eclipse.jdt.internal.compiler.lookup.ParameterizedTypeBinding.genericTypeSignature()[C @ 121 c2
Event: 7642.528 Thread 0x000002ba007b5c50 DEOPT PACKING pc=0x000002ba70cd6a58 sp=0x000000bbc9ffe050
Event: 7642.528 Thread 0x000002ba007b5c50 DEOPT UNPACKING pc=0x000002ba6e9466a3 sp=0x000000bbc9ffe040 mode 2
Event: 7643.211 Thread 0x000002ba007b24a0 Uncommon trap: trap_request=0xffffff45 fr.pc=0x000002ba7097a518 relative=0x0000000000002c78
Event: 7643.211 Thread 0x000002ba007b24a0 Uncommon trap: reason=unstable_if action=reinterpret pc=0x000002ba7097a518 method=org.eclipse.jdt.internal.compiler.parser.Scanner.internalScanIdentifierOrKeyword(II[C)I @ 4608 c2
Event: 7643.211 Thread 0x000002ba007b24a0 DEOPT PACKING pc=0x000002ba7097a518 sp=0x000000bbcb7fdd60
Event: 7643.211 Thread 0x000002ba007b24a0 DEOPT UNPACKING pc=0x000002ba6e9466a3 sp=0x000000bbcb7fdd40 mode 2
Event: 7643.447 Thread 0x000002ba007b4810 DEOPT PACKING pc=0x000002ba6a2afad6 sp=0x000000bbcc9fd9d0
Event: 7643.448 Thread 0x000002ba007b4810 DEOPT UNPACKING pc=0x000002ba6e946e43 sp=0x000000bbcc9fd048 mode 0
Event: 7643.508 Thread 0x000002ba007b24a0 DEOPT PACKING pc=0x000002ba6a2afb94 sp=0x000000bbcb7fd180
Event: 7643.508 Thread 0x000002ba007b24a0 DEOPT UNPACKING pc=0x000002ba6e946e43 sp=0x000000bbcb7fc7f8 mode 0
Event: 7644.125 Thread 0x000002ba007b24a0 DEOPT PACKING pc=0x000002ba6a2afb94 sp=0x000000bbcb7fd310
Event: 7644.125 Thread 0x000002ba007b24a0 DEOPT UNPACKING pc=0x000002ba6e946e43 sp=0x000000bbcb7fc988 mode 0

Classes unloaded (20 events):
Event: 7573.148 Thread 0x000002ba62fc78e0 Unloading class 0x0000000100308000 'java/lang/invoke/LambdaForm$MH+0x0000000100308000'
Event: 7573.148 Thread 0x000002ba62fc78e0 Unloading class 0x0000000100307000 'jdk/internal/reflect/GeneratedSerializationConstructorAccessor13'
Event: 7573.148 Thread 0x000002ba62fc78e0 Unloading class 0x0000000100306c00 'jdk/internal/reflect/GeneratedSerializationConstructorAccessor12'
Event: 7573.148 Thread 0x000002ba62fc78e0 Unloading class 0x0000000100304c00 'java/lang/invoke/LambdaForm$MH+0x0000000100304c00'
Event: 7573.148 Thread 0x000002ba62fc78e0 Unloading class 0x0000000100303800 'jdk/internal/reflect/GeneratedMethodAccessor8'
Event: 7573.148 Thread 0x000002ba62fc78e0 Unloading class 0x0000000100303400 'jdk/internal/reflect/GeneratedMethodAccessor7'
Event: 7573.148 Thread 0x000002ba62fc78e0 Unloading class 0x0000000100303000 'jdk/internal/reflect/GeneratedSerializationConstructorAccessor11'
Event: 7573.148 Thread 0x000002ba62fc78e0 Unloading class 0x0000000100302c00 'java/lang/invoke/LambdaForm$MH+0x0000000100302c00'
Event: 7573.148 Thread 0x000002ba62fc78e0 Unloading class 0x0000000100302800 'jdk/internal/reflect/GeneratedSerializationConstructorAccessor10'
Event: 7573.148 Thread 0x000002ba62fc78e0 Unloading class 0x0000000100302400 'jdk/internal/reflect/GeneratedSerializationConstructorAccessor9'
Event: 7573.148 Thread 0x000002ba62fc78e0 Unloading class 0x00000001002da800 'java/lang/invoke/LambdaForm$MH+0x00000001002da800'
Event: 7573.148 Thread 0x000002ba62fc78e0 Unloading class 0x00000001002da000 'java/lang/invoke/LambdaForm$MH+0x00000001002da000'
Event: 7573.148 Thread 0x000002ba62fc78e0 Unloading class 0x00000001002d6000 'jdk/internal/reflect/GeneratedSerializationConstructorAccessor8'
Event: 7573.148 Thread 0x000002ba62fc78e0 Unloading class 0x00000001002d5c00 'jdk/internal/reflect/GeneratedSerializationConstructorAccessor7'
Event: 7573.148 Thread 0x000002ba62fc78e0 Unloading class 0x00000001002d5800 'jdk/internal/reflect/GeneratedSerializationConstructorAccessor6'
Event: 7573.148 Thread 0x000002ba62fc78e0 Unloading class 0x00000001002d5400 'jdk/internal/reflect/GeneratedSerializationConstructorAccessor5'
Event: 7573.148 Thread 0x000002ba62fc78e0 Unloading class 0x00000001002d5000 'jdk/internal/reflect/GeneratedSerializationConstructorAccessor4'
Event: 7573.148 Thread 0x000002ba62fc78e0 Unloading class 0x00000001002d4c00 'jdk/internal/reflect/GeneratedSerializationConstructorAccessor3'
Event: 7573.148 Thread 0x000002ba62fc78e0 Unloading class 0x00000001002d4800 'jdk/internal/reflect/GeneratedSerializationConstructorAccessor2'
Event: 7573.148 Thread 0x000002ba62fc78e0 Unloading class 0x00000001002d4400 'jdk/internal/reflect/GeneratedSerializationConstructorAccessor1'

Classes redefined (0 events):
No events

Internal exceptions (20 events):
Event: 7639.489 Thread 0x000002ba007b5c50 Implicit null exception at 0x000002ba7014d9c3 to 0x000002ba70151fac
Event: 7639.489 Thread 0x000002ba007b5c50 Implicit null exception at 0x000002ba70576ce0 to 0x000002ba705779ec
Event: 7639.490 Thread 0x000002ba007b5c50 Implicit null exception at 0x000002ba70ba49b1 to 0x000002ba70ba6aa8
Event: 7639.725 Thread 0x000002ba007b5c50 Implicit null exception at 0x000002ba70a84780 to 0x000002ba70a84994
Event: 7639.778 Thread 0x000002ba007b5c50 Implicit null exception at 0x000002ba70e16946 to 0x000002ba70e17514
Event: 7639.778 Thread 0x000002ba007b5c50 Implicit null exception at 0x000002ba70394b80 to 0x000002ba70395dcc
Event: 7639.779 Thread 0x000002ba007b5c50 Implicit null exception at 0x000002ba70cc500f to 0x000002ba70cc50bc
Event: 7639.784 Thread 0x000002ba007b5c50 Implicit null exception at 0x000002ba70965840 to 0x000002ba70966cac
Event: 7639.788 Thread 0x000002ba007b5c50 Implicit null exception at 0x000002ba70397b20 to 0x000002ba703981c0
Event: 7639.992 Thread 0x000002ba007b5c50 Implicit null exception at 0x000002ba70a8218a to 0x000002ba70a82244
Event: 7640.079 Thread 0x000002ba007b5c50 Implicit null exception at 0x000002ba700cf020 to 0x000002ba700cf494
Event: 7640.079 Thread 0x000002ba007b5c50 Implicit null exception at 0x000002ba6fd996cf to 0x000002ba6fd997c0
Event: 7640.240 Thread 0x000002ba007b5c50 Implicit null exception at 0x000002ba6fdea8c5 to 0x000002ba6fdeaf84
Event: 7640.240 Thread 0x000002ba007b5c50 Implicit null exception at 0x000002ba7047d94f to 0x000002ba7047da10
Event: 7640.240 Thread 0x000002ba007b5c50 Implicit null exception at 0x000002ba704beaaf to 0x000002ba704bebe0
Event: 7642.046 Thread 0x000002ba007b5c50 Implicit null exception at 0x000002ba6fdf17a8 to 0x000002ba6fdf1b13
Event: 7642.046 Thread 0x000002ba007b5c50 Implicit null exception at 0x000002ba6fab30f4 to 0x000002ba6fab3115
Event: 7642.500 Thread 0x000002ba007b5c50 Implicit null exception at 0x000002ba6fbf1790 to 0x000002ba6fbf1848
Event: 7642.598 Thread 0x000002ba7ed63df0 Exception <a 'sun/nio/fs/WindowsException'{0x00000000eab33900}> (0x00000000eab33900) 
thrown [s\src\hotspot\share\prims\jni.cpp, line 516]
Event: 7642.994 Thread 0x000002ba7ed63df0 Exception <a 'sun/nio/fs/WindowsException'{0x00000000eab03bf0}> (0x00000000eab03bf0) 
thrown [s\src\hotspot\share\prims\jni.cpp, line 516]

VM Operations (20 events):
Event: 7643.484 Executing VM operation: ParallelGCFailedAllocation
Event: 7643.486 Executing VM operation: ParallelGCFailedAllocation done
Event: 7643.509 Executing VM operation: ParallelGCFailedAllocation
Event: 7643.511 Executing VM operation: ParallelGCFailedAllocation done
Event: 7644.025 Executing VM operation: ParallelGCFailedAllocation
Event: 7644.027 Executing VM operation: ParallelGCFailedAllocation done
Event: 7644.041 Executing VM operation: ParallelGCFailedAllocation
Event: 7644.046 Executing VM operation: ParallelGCFailedAllocation done
Event: 7644.082 Executing VM operation: ParallelGCFailedAllocation
Event: 7644.085 Executing VM operation: ParallelGCFailedAllocation done
Event: 7644.132 Executing VM operation: ParallelGCFailedAllocation
Event: 7644.134 Executing VM operation: ParallelGCFailedAllocation done
Event: 7644.199 Executing VM operation: HandshakeAllThreads
Event: 7644.199 Executing VM operation: HandshakeAllThreads done
Event: 7644.419 Executing VM operation: ParallelGCFailedAllocation
Event: 7644.422 Executing VM operation: ParallelGCFailedAllocation done
Event: 7644.441 Executing VM operation: ParallelGCFailedAllocation
Event: 7644.448 Executing VM operation: ParallelGCFailedAllocation done
Event: 7644.511 Executing VM operation: ParallelGCFailedAllocation
Event: 7644.513 Executing VM operation: ParallelGCFailedAllocation done

Events (20 events):
Event: 7644.206 Thread 0x000002ba78d186f0 flushing nmethod 0x000002ba70244210
Event: 7644.206 Thread 0x000002ba78d186f0 flushing nmethod 0x000002ba70295710
Event: 7644.207 Thread 0x000002ba78d186f0 flushing nmethod 0x000002ba7037f890
Event: 7644.207 Thread 0x000002ba78d186f0 flushing nmethod 0x000002ba703e1a10
Event: 7644.207 Thread 0x000002ba78d186f0 flushing nmethod 0x000002ba704ebb90
Event: 7644.207 Thread 0x000002ba78d186f0 flushing nmethod 0x000002ba70508410
Event: 7644.207 Thread 0x000002ba78d186f0 flushing nmethod 0x000002ba7053fb90
Event: 7644.207 Thread 0x000002ba78d186f0 flushing nmethod 0x000002ba705e0690
Event: 7644.207 Thread 0x000002ba78d186f0 flushing nmethod 0x000002ba7060bc10
Event: 7644.208 Thread 0x000002ba78d186f0 flushing nmethod 0x000002ba7077d910
Event: 7644.208 Thread 0x000002ba78d186f0 flushing nmethod 0x000002ba707c4010
Event: 7644.208 Thread 0x000002ba78d186f0 flushing nmethod 0x000002ba7096fc10
Event: 7644.208 Thread 0x000002ba78d186f0 flushing nmethod 0x000002ba70973c90
Event: 7644.208 Thread 0x000002ba78d186f0 flushing nmethod 0x000002ba70974110
Event: 7644.209 Thread 0x000002ba78d186f0 flushing nmethod 0x000002ba70a8dd10
Event: 7644.209 Thread 0x000002ba78d186f0 flushing nmethod 0x000002ba70b26710
Event: 7644.210 Thread 0x000002ba78d186f0 flushing nmethod 0x000002ba70df6910
Event: 7644.210 Thread 0x000002ba78d186f0 flushing nmethod 0x000002ba70e0b690
Event: 7644.210 Thread 0x000002ba78d186f0 flushing nmethod 0x000002ba70e2f210
Event: 7644.210 Thread 0x000002ba78d186f0 flushing nmethod 0x000002ba70e78410


Dynamic libraries:
0x00007ff7227b0000 - 0x00007ff7227be000 	c:\Users\CLIENTE\.vscode\extensions\redhat.java-1.31.0-win32-x64\jre\17.0.11-win32-x86_64\bin\java.exe
0x00007ffb6f630000 - 0x00007ffb6f828000 	C:\Windows\SYSTEM32\ntdll.dll
0x00007ffb6e6c0000 - 0x00007ffb6e77d000 	C:\Windows\System32\KERNEL32.DLL
0x00007ffb6d0f0000 - 0x00007ffb6d3e6000 	C:\Windows\System32\KERNELBASE.dll
0x00007ffb6ccf0000 - 0x00007ffb6cdf0000 	C:\Windows\System32\ucrtbase.dll
0x00007ffb2bb50000 - 0x00007ffb2bb67000 	c:\Users\CLIENTE\.vscode\extensions\redhat.java-1.31.0-win32-x64\jre\17.0.11-win32-x86_64\bin\jli.dll
0x00007ffb6f350000 - 0x00007ffb6f4ef000 	C:\Windows\System32\USER32.dll
0x00007ffb6d460000 - 0x00007ffb6d482000 	C:\Windows\System32\win32u.dll
0x00007ffb6f5c0000 - 0x00007ffb6f5eb000 	C:\Windows\System32\GDI32.dll
0x00007ffb6cdf0000 - 0x00007ffb6cf07000 	C:\Windows\System32\gdi32full.dll
0x00007ffb6d490000 - 0x00007ffb6d52d000 	C:\Windows\System32\msvcp_win.dll
0x00007ffb499a0000 - 0x00007ffb499bb000 	c:\Users\CLIENTE\.vscode\extensions\redhat.java-1.31.0-win32-x64\jre\17.0.11-win32-x86_64\bin\VCRUNTIME140.dll
0x00007ffb66220000 - 0x00007ffb664ba000 	C:\Windows\WinSxS\amd64_microsoft.windows.common-controls_6595b64144ccf1df_6.0.19041.4355_none_60b8b9eb71f62e16\COMCTL32.dll
0x00007ffb6eb90000 - 0x00007ffb6ec2e000 	C:\Windows\System32\msvcrt.dll
0x00007ffb6d670000 - 0x00007ffb6d69f000 	C:\Windows\System32\IMM32.DLL
0x00007ffb5b500000 - 0x00007ffb5b50c000 	c:\Users\CLIENTE\.vscode\extensions\redhat.java-1.31.0-win32-x64\jre\17.0.11-win32-x86_64\bin\vcruntime140_1.dll
0x00007ffb2bac0000 - 0x00007ffb2bb4d000 	c:\Users\CLIENTE\.vscode\extensions\redhat.java-1.31.0-win32-x64\jre\17.0.11-win32-x86_64\bin\msvcp140.dll
0x00007ffb22030000 - 0x00007ffb22c92000 	c:\Users\CLIENTE\.vscode\extensions\redhat.java-1.31.0-win32-x64\jre\17.0.11-win32-x86_64\bin\server\jvm.dll
0x00007ffb6edc0000 - 0x00007ffb6ee70000 	C:\Windows\System32\ADVAPI32.dll
0x00007ffb6f2b0000 - 0x00007ffb6f350000 	C:\Windows\System32\sechost.dll
0x00007ffb6ec30000 - 0x00007ffb6ed53000 	C:\Windows\System32\RPCRT4.dll
0x00007ffb6d0c0000 - 0x00007ffb6d0e7000 	C:\Windows\System32\bcrypt.dll
0x00007ffb6c610000 - 0x00007ffb6c65b000 	C:\Windows\SYSTEM32\POWRPROF.dll
0x00007ffb5ae80000 - 0x00007ffb5ae89000 	C:\Windows\SYSTEM32\WSOCK32.dll
0x00007ffb6e8e0000 - 0x00007ffb6e94b000 	C:\Windows\System32\WS2_32.dll
0x00007ffb66e80000 - 0x00007ffb66ea7000 	C:\Windows\SYSTEM32\WINMM.dll
0x00007ffb66eb0000 - 0x00007ffb66eba000 	C:\Windows\SYSTEM32\VERSION.dll
0x00007ffb6c5f0000 - 0x00007ffb6c602000 	C:\Windows\SYSTEM32\UMPDC.dll
0x00007ffb6ab50000 - 0x00007ffb6ab62000 	C:\Windows\SYSTEM32\kernel.appcore.dll
0x00007ffb574e0000 - 0x00007ffb574ea000 	c:\Users\CLIENTE\.vscode\extensions\redhat.java-1.31.0-win32-x64\jre\17.0.11-win32-x86_64\bin\jimage.dll
0x00007ffb5be40000 - 0x00007ffb5c024000 	C:\Windows\SYSTEM32\DBGHELP.DLL
0x00007ffb5b8d0000 - 0x00007ffb5b904000 	C:\Windows\SYSTEM32\dbgcore.DLL
0x00007ffb6d530000 - 0x00007ffb6d5b2000 	C:\Windows\System32\bcryptPrimitives.dll
0x00007ffb57350000 - 0x00007ffb5735e000 	c:\Users\CLIENTE\.vscode\extensions\redhat.java-1.31.0-win32-x64\jre\17.0.11-win32-x86_64\bin\instrument.dll
0x00007ffb29fe0000 - 0x00007ffb2a005000 	c:\Users\CLIENTE\.vscode\extensions\redhat.java-1.31.0-win32-x64\jre\17.0.11-win32-x86_64\bin\java.dll
0x00007ffb2baa0000 - 0x00007ffb2bab8000 	c:\Users\CLIENTE\.vscode\extensions\redhat.java-1.31.0-win32-x64\jre\17.0.11-win32-x86_64\bin\zip.dll
0x00007ffb6df50000 - 0x00007ffb6e6ba000 	C:\Windows\System32\SHELL32.dll
0x00007ffb6ad50000 - 0x00007ffb6b4ed000 	C:\Windows\SYSTEM32\windows.storage.dll
0x00007ffb6ef50000 - 0x00007ffb6f2a3000 	C:\Windows\System32\combase.dll
0x00007ffb6c5c0000 - 0x00007ffb6c5ee000 	C:\Windows\SYSTEM32\Wldp.dll
0x00007ffb6f4f0000 - 0x00007ffb6f5bd000 	C:\Windows\System32\OLEAUT32.dll
0x00007ffb6e830000 - 0x00007ffb6e8dd000 	C:\Windows\System32\SHCORE.dll
0x00007ffb6d8c0000 - 0x00007ffb6d915000 	C:\Windows\System32\shlwapi.dll
0x00007ffb6cc20000 - 0x00007ffb6cc44000 	C:\Windows\SYSTEM32\profapi.dll
0x00007ffb22010000 - 0x00007ffb22029000 	C:\Users\CLIENTE\.vscode\extensions\redhat.java-1.31.0-win32-x64\jre\17.0.11-win32-x86_64\bin\net.dll
0x00007ffb67080000 - 0x00007ffb6718a000 	C:\Windows\SYSTEM32\WINHTTP.dll
0x00007ffb6c340000 - 0x00007ffb6c3aa000 	C:\Windows\system32\mswsock.dll
0x00007ffb21ff0000 - 0x00007ffb22006000 	C:\Users\CLIENTE\.vscode\extensions\redhat.java-1.31.0-win32-x64\jre\17.0.11-win32-x86_64\bin\nio.dll
0x00007ffb56b40000 - 0x00007ffb56b50000 	c:\Users\CLIENTE\.vscode\extensions\redhat.java-1.31.0-win32-x64\jre\17.0.11-win32-x86_64\bin\verify.dll
0x00007ffb4dcb0000 - 0x00007ffb4dcf4000 	C:\Users\CLIENTE\AppData\Roaming\Code\User\globalStorage\redhat.java\1.31.0\config_win\org.eclipse.equinox.launcher\org.eclipse.equinox.launcher.win32.win32.x86_64_1.2.1000.v20240507-1834\eclipse_11902.dll
0x00007ffb6d730000 - 0x00007ffb6d85b000 	C:\Windows\System32\ole32.dll
0x00007ffb6c7d0000 - 0x00007ffb6c7e8000 	C:\Windows\SYSTEM32\CRYPTSP.dll
0x00007ffb6bc80000 - 0x00007ffb6bcb4000 	C:\Windows\system32\rsaenh.dll
0x00007ffb6cbd0000 - 0x00007ffb6cbfe000 	C:\Windows\SYSTEM32\USERENV.dll
0x00007ffb6c4d0000 - 0x00007ffb6c4dc000 	C:\Windows\SYSTEM32\CRYPTBASE.dll
0x00007ffb6c040000 - 0x00007ffb6c07b000 	C:\Windows\SYSTEM32\IPHLPAPI.DLL
0x00007ffb6df40000 - 0x00007ffb6df48000 	C:\Windows\System32\NSI.dll
0x00007ffb675b0000 - 0x00007ffb675c7000 	C:\Windows\SYSTEM32\dhcpcsvc6.DLL
0x00007ffb67700000 - 0x00007ffb6771d000 	C:\Windows\SYSTEM32\dhcpcsvc.DLL
0x00007ffb6c080000 - 0x00007ffb6c14a000 	C:\Windows\SYSTEM32\DNSAPI.dll
0x00007ffb52ed0000 - 0x00007ffb52f15000 	C:\Users\CLIENTE\AppData\Local\Temp\jna-1578570202\jna7755954832042934761.dll
0x00007ffb6d720000 - 0x00007ffb6d728000 	C:\Windows\System32\PSAPI.DLL
0x00007ffb52e00000 - 0x00007ffb52e0e000 	C:\Users\CLIENTE\.vscode\extensions\redhat.java-1.31.0-win32-x64\jre\17.0.11-win32-x86_64\bin\sunmscapi.dll
0x00007ffb6cf10000 - 0x00007ffb6d06e000 	C:\Windows\System32\CRYPT32.dll
0x00007ffb6c6a0000 - 0x00007ffb6c6c9000 	C:\Windows\SYSTEM32\ncrypt.dll
0x00007ffb6c660000 - 0x00007ffb6c69b000 	C:\Windows\SYSTEM32\NTASN1.dll
0x00007ffb6bda0000 - 0x00007ffb6bdd3000 	C:\Windows\SYSTEM32\ntmarta.dll
0x00007ffb59660000 - 0x00007ffb59667000 	C:\Windows\system32\wshunix.dll
0x00007ffb52df0000 - 0x00007ffb52df9000 	C:\Users\CLIENTE\.vscode\extensions\redhat.java-1.31.0-win32-x64\jre\17.0.11-win32-x86_64\bin\extnet.dll
0x00007ffb61470000 - 0x00007ffb6147a000 	C:\Windows\System32\rasadhlp.dll
0x00007ffb66600000 - 0x00007ffb66680000 	C:\Windows\System32\fwpuclnt.dll

dbghelp: loaded successfully - version: 4.0.5 - missing functions: none
symbol engine: initialized successfully - sym options: 0x614 - pdb path: .;c:\Users\CLIENTE\.vscode\extensions\redhat.java-1.31.0-win32-x64\jre\17.0.11-win32-x86_64\bin;C:\Windows\SYSTEM32;C:\Windows\WinSxS\amd64_microsoft.windows.common-controls_6595b64144ccf1df_6.0.19041.4355_none_60b8b9eb71f62e16;c:\Users\CLIENTE\.vscode\extensions\redhat.java-1.31.0-win32-x64\jre\17.0.11-win32-x86_64\bin\server;C:\Users\CLIENTE\AppData\Roaming\Code\User\globalStorage\redhat.java\1.31.0\config_win\org.eclipse.equinox.launcher\org.eclipse.equinox.launcher.win32.win32.x86_64_1.2.1000.v20240507-1834;C:\Users\CLIENTE\AppData\Local\Temp\jna-1578570202

VM Arguments:
jvm_args: --add-modules=ALL-SYSTEM --add-opens=java.base/java.util=ALL-UNNAMED --add-opens=java.base/java.lang=ALL-UNNAMED --add-opens=java.base/sun.nio.fs=ALL-UNNAMED -Declipse.application=org.eclipse.jdt.ls.core.id1 -Dosgi.bundles.defaultStartLevel=4 -Declipse.product=org.eclipse.jdt.ls.core.product -Djava.import.generatesMetadataFilesAtProjectRoot=false -DDetectVMInstallationsJob.disabled=true -Dfile.encoding=utf8 -XX:+UseParallelGC -XX:GCTimeRatio=4 -XX:AdaptiveSizePolicyWeight=90 -Dsun.zip.disableMemoryMapping=true -Xmx1G -Xms100m -Xlog:disable -javaagent:c:\Users\CLIENTE\.vscode\extensions\redhat.java-1.31.0-win32-x64\lombok\lombok-1.18.32.jar -XX:+HeapDumpOnOutOfMemoryError -XX:HeapDumpPath=c:\Users\CLIENTE\AppData\Roaming\Code\User\workspaceStorage\908a2c74f25d912da51aec7b1e1fdb1a\redhat.java -Daether.dependencyCollector.impl=bf 
java_command: c:\Users\CLIENTE\.vscode\extensions\redhat.java-1.31.0-win32-x64\server\plugins\org.eclipse.equinox.launcher_1.6.800.v20240513-1750.jar -configuration c:\Users\CLIENTE\AppData\Roaming\Code\User\globalStorage\redhat.java\1.31.0\config_win -data c:\Users\CLIENTE\AppData\Roaming\Code\User\workspaceStorage\908a2c74f25d912da51aec7b1e1fdb1a\redhat.java\jdt_ws --pipe=\\.\pipe\lsp-e7c697ad50d03b1d3d68f9e7f64c95ec-sock
java_class_path (initial): c:\Users\CLIENTE\.vscode\extensions\redhat.java-1.31.0-win32-x64\server\plugins\org.eclipse.equinox.launcher_1.6.800.v20240513-1750.jar
Launcher Type: SUN_STANDARD

[Global flags]
    uintx AdaptiveSizePolicyWeight                 = 90                                        {product} {command line}
     intx CICompilerCount                          = 3                                         {product} {ergonomic}
    uintx GCTimeRatio                              = 4                                         {product} {command line}
     bool HeapDumpOnOutOfMemoryError               = true                                   {manageable} {command line}
    ccstr HeapDumpPath                             = c:\Users\CLIENTE\AppData\Roaming\Code\User\workspaceStorage\908a2c74f25d912da51aec7b1e1fdb1a\redhat.java         {manageable} {command line}
   size_t InitialHeapSize                          = 104857600                                 {product} {command line}
   size_t MaxHeapSize                              = 1073741824                                {product} {command line}
   size_t MaxNewSize                               = 357564416                                 {product} {ergonomic}
   size_t MinHeapDeltaBytes                        = 524288                                    {product} {ergonomic}
   size_t MinHeapSize                              = 104857600                                 {product} {command line}
   size_t NewSize                                  = 34603008                                  {product} {ergonomic}
    uintx NonNMethodCodeHeapSize                   = 5832780                                {pd product} {ergonomic}
    uintx NonProfiledCodeHeapSize                  = 122912730                              {pd product} {ergonomic}
   size_t OldSize                                  = 70254592                                  {product} {ergonomic}
    uintx ProfiledCodeHeapSize                     = 122912730                              {pd product} {ergonomic}
    uintx ReservedCodeCacheSize                    = 251658240                              {pd product} {ergonomic}
     bool SegmentedCodeCache                       = true                                      {product} {ergonomic}
   size_t SoftMaxHeapSize                          = 1073741824                             {manageable} {ergonomic}
     bool UseCompressedClassPointers               = true                           {product lp64_product} {ergonomic}
     bool UseCompressedOops                        = true                           {product lp64_product} {ergonomic}
     bool UseLargePagesIndividualAllocation        = false                                  {pd product} {ergonomic}
     bool UseParallelGC                            = true                                      {product} {command line}

Logging:
Log output configuration:
 #0: stdout all=off uptime,level,tags
 #1: stderr all=off uptime,level,tags

Environment Variables:
PATH=C:\Program Files\Common Files\Oracle\Java\javapath;C:\Windows\system32;C:\Windows;C:\Windows\System32\Wbem;C:\Windows\System32\WindowsPowerShell\v1.0\;C:\Windows\System32\OpenSSH\;C:\Program Files\Git\cmd;C:\Program Files\Java\jdk-15.0.2\bin;C:\xampp\php;C:\ProgramData\ComposerSetup\bin;C:\Program Files\nodejs\;C:\Program Files\Docker\Docker\resources\bin;C:\ruby;C:\Users\CLIENTE\OneDrive\Documentos\apache-maven-3.9.0\bin;C:\msys64\mingw64\bin;C:\msys64\usr\bin;C:\Ruby33-x64\bin;C:\Ruby30-x64\bin;C:\Program Files\MySQL\MySQL Shell 8.0\bin\;C:\Users\CLIENTE\AppData\Local\Microsoft\WindowsApps;C:\Users\CLIENTE\AppData\Local\Programs\Microsoft VS Code\bin;C:\Users\CLIENTE\OneDrive\Documentos\flutter\bin;C:\Users\CLIENTE\Documents\apache-maven-3.9.0\bin;C:\Users\CLIENTE\AppData\Roaming\Composer\vendor\bin;C:\Users\CLIENTE\AppData\Roaming\npm
USERNAME=CLIENTE
OS=Windows_NT
PROCESSOR_IDENTIFIER=Intel64 Family 6 Model 158 Stepping 10, GenuineIntel
TMP=C:\Users\CLIENTE\AppData\Local\Temp
TEMP=C:\Users\CLIENTE\AppData\Local\Temp



Periodic native trim disabled


---------------  S Y S T E M  ---------------

OS:
 Windows 10 , 64 bit Build 19041 (10.0.19041.3636)
OS uptime: 4 days 20:56 hours
Hyper-V role detected

CPU: total 4 (initial active 4) (4 cores per cpu, 1 threads per core) family 6 model 158 stepping 10 microcode 0xd6, cx8, cmov, fxsr, mmx, 3dnowpref, sse, sse2, sse3, ssse3, sse4.1, sse4.2, popcnt, lzcnt, tsc, tscinvbit, avx, avx2, aes, erms, clmul, bmi1, bmi2, adx, fma, vzeroupper, clflush, clflushopt, hv
Processor Information for all 4 processors :
  Max Mhz: 3600, Current Mhz: 3600, Mhz Limit: 3600

Memory: 4k page, system-wide physical 8127M (1018M free)
TotalPageFile size 14266M (AvailPageFile size 3M)
current process WorkingSet (physical memory assigned to process): 685M, peak: 717M
current process commit charge ("private bytes"): 688M, peak: 741M

vm_info: OpenJDK 64-Bit Server VM (17.0.11+9) for windows-amd64 JRE (17.0.11+9), built on Apr 17 2024 06:07:48 by "admin" with MS VC++ 16.10 / 16.11 (VS2019)

END.
