#
# There is insufficient memory for the Java Runtime Environment to continue.
# Native memory allocation (mmap) failed to map 502267904 bytes for G1 virtual space
# Possible reasons:
#   The system is out of physical RAM or swap space
#   The process is running with CompressedOops enabled, and the Java Heap may be blocking the growth of the native heap
# Possible solutions:
#   Reduce memory load on the system
#   Increase physical memory or swap space
#   Check if swap backing store is full
#   Decrease Java heap size (-Xmx/-Xms)
#   Decrease number of Java threads
#   Decrease Java thread stack sizes (-Xss)
#   Set larger code cache with -XX:ReservedCodeCacheSize=
#   JVM is running with Unscaled Compressed Oops mode in which the Java heap is
#     placed in the first 4GB address space. The Java Heap base address is the
#     maximum limit for the native heap growth. Please use -XX:HeapBaseMinAddress
#     to set the Java Heap base and to place the Java Heap above 4GB virtual address.
# This output file may be truncated or incomplete.
#
#  Out of Memory Error (os_windows.cpp:3548), pid=4276, tid=9660
#
# JRE version: Java(TM) SE Runtime Environment (17.0.10+11) (build 17.0.10+11-LTS-240)
# Java VM: Java HotSpot(TM) 64-Bit Server VM (17.0.10+11-LTS-240, mixed mode, emulated-client, sharing, tiered, compressed oops, compressed class ptrs, g1 gc, windows-amd64)
# No core dump will be written. Minidumps are not enabled by default on client versions of Windows
#

---------------  S U M M A R Y ------------

Command Line: -XX:TieredStopAtLevel=1 com.apprh.apprh.AppRhApplication

Host: Intel(R) Core(TM) i3-9100F CPU @ 3.60GHz, 4 cores, 7G,  Windows 10 , 64 bit Build 19041 (10.0.19041.3636)
Time: Tue Jun 11 11:27:01 2024 Hora oficial do Brasil elapsed time: 5150.521090 seconds (0d 1h 25m 50s)

---------------  T H R E A D  ---------------

Current thread (0x0000021d9b8c12d0):  VMThread "VM Thread" [stack: 0x0000005a06b00000,0x0000005a06c00000] [id=9660]

Stack: [0x0000005a06b00000,0x0000005a06c00000]
Native frames: (J=compiled Java code, j=interpreted, Vv=VM code, C=native code)
V  [jvm.dll+0x677a5a]
V  [jvm.dll+0x7d8b2d]
V  [jvm.dll+0x7da48e]
V  [jvm.dll+0x7daaf3]
V  [jvm.dll+0x2455ff]
V  [jvm.dll+0x6749b9]
V  [jvm.dll+0x669382]
V  [jvm.dll+0x302e96]
V  [jvm.dll+0x30a416]
V  [jvm.dll+0x359cbe]
V  [jvm.dll+0x359eef]
V  [jvm.dll+0x2d9e88]
V  [jvm.dll+0x2d8295]
V  [jvm.dll+0x2d789c]
V  [jvm.dll+0x31b18b]
V  [jvm.dll+0x7df30b]
V  [jvm.dll+0x7e0044]
V  [jvm.dll+0x7e055d]
V  [jvm.dll+0x7e0934]
V  [jvm.dll+0x7e0a00]
V  [jvm.dll+0x78888a]
V  [jvm.dll+0x676935]
C  [ucrtbase.dll+0x21bb2]
C  [KERNEL32.DLL+0x17344]
C  [ntdll.dll+0x526b1]

VM_Operation (0x0000005a0affd2c0): G1CollectForAllocation, mode: safepoint, requested by thread 0x0000021de85f60e0


---------------  P R O C E S S  ---------------

Threads class SMR info:
_java_thread_list=0x0000021de85ec290, length=67, elements={
0x0000021d9b8c6180, 0x0000021d9b8c6c50, 0x0000021d9b8de250, 0x0000021d9b8ded20,
0x0000021d9b8e1700, 0x0000021d9b8e43e0, 0x0000021d9b8eccc0, 0x0000021d9b8f0ad0,
0x0000021d9bb26e60, 0x0000021d9bb2fd50, 0x0000021de21b7a80, 0x0000021de231b5a0,
0x0000021de23178e0, 0x0000021de231bab0, 0x0000021de231bfc0, 0x0000021de21ba300,
0x0000021de2319c50, 0x0000021de21b7f90, 0x0000021de21b8ec0, 0x0000021de231c4d0,
0x0000021de21b7060, 0x0000021de2319740, 0x0000021de21b98e0, 0x0000021de2317df0,
0x0000021de38df510, 0x0000021de38dcc90, 0x0000021de38e1d90, 0x0000021de38dff30,
0x0000021de38e36e0, 0x0000021de38e0950, 0x0000021de38e1880, 0x0000021de38ddbc0,
0x0000021de231a670, 0x0000021de38e0440, 0x0000021de2315a80, 0x0000021de23173d0,
0x0000021de38e1370, 0x0000021de23169b0, 0x0000021de38e3bf0, 0x0000021de2318300,
0x0000021de38e0e60, 0x0000021de21b93d0, 0x0000021de2318810, 0x0000021de21b84a0,
0x0000021de2315060, 0x0000021de21ba810, 0x0000021de38e4100, 0x0000021de38e2cc0,
0x0000021de38e4610, 0x0000021de38dfa20, 0x0000021de38dd6b0, 0x0000021de32e69e0,
0x0000021de38e22a0, 0x0000021de2318d20, 0x0000021de38e27b0, 0x0000021de2319230,
0x0000021de38e31d0, 0x0000021de21b9df0, 0x0000021de32e7e20, 0x0000021de32e6ef0,
0x0000021de32e5ab0, 0x0000021de8486820, 0x0000021de32e8330, 0x0000021de85e5180,
0x0000021de85f9da0, 0x0000021de85fb6f0, 0x0000021de85f60e0
}
_to_delete_list=0x0000021de838be20, length=66, elements={
0x0000021d9b8c6180, 0x0000021d9b8c6c50, 0x0000021d9b8de250, 0x0000021d9b8ded20,
0x0000021d9b8e1700, 0x0000021d9b8e43e0, 0x0000021d9b8eccc0, 0x0000021d9b8f0ad0,
0x0000021d9bb26e60, 0x0000021d9bb2fd50, 0x0000021de21b7a80, 0x0000021de231b5a0,
0x0000021de23178e0, 0x0000021de231bab0, 0x0000021de231bfc0, 0x0000021de21ba300,
0x0000021de2319c50, 0x0000021de21b7f90, 0x0000021de21b8ec0, 0x0000021de231c4d0,
0x0000021de21b7060, 0x0000021de2319740, 0x0000021de21b98e0, 0x0000021de2317df0,
0x0000021de38df510, 0x0000021de38dcc90, 0x0000021de38e1d90, 0x0000021de38dff30,
0x0000021de38e36e0, 0x0000021de38e0950, 0x0000021de38e1880, 0x0000021de38ddbc0,
0x0000021de231a670, 0x0000021de38e0440, 0x0000021de2315a80, 0x0000021de23173d0,
0x0000021de38e1370, 0x0000021de23169b0, 0x0000021de38e3bf0, 0x0000021de2318300,
0x0000021de38e0e60, 0x0000021de21b93d0, 0x0000021de2318810, 0x0000021de21b84a0,
0x0000021de2315060, 0x0000021de21ba810, 0x0000021de38e4100, 0x0000021de38e2cc0,
0x0000021de38e4610, 0x0000021de38dfa20, 0x0000021de38dd6b0, 0x0000021de32e69e0,
0x0000021de38e22a0, 0x0000021de2318d20, 0x0000021de38e27b0, 0x0000021de2319230,
0x0000021de38e31d0, 0x0000021de21b9df0, 0x0000021de32e7e20, 0x0000021de32e6ef0,
0x0000021de32e5ab0, 0x0000021de8486820, 0x0000021de32e8330, 0x0000021de85e5180,
0x0000021de85f9da0, 0x0000021de85fb6f0
}

Java Threads: ( => current thread )
  0x0000021d9b8c6180 JavaThread "Reference Handler" daemon [_thread_blocked, id=8704, stack(0x0000005a06c00000,0x0000005a06d00000)]
  0x0000021d9b8c6c50 JavaThread "Finalizer" daemon [_thread_blocked, id=9232, stack(0x0000005a06d00000,0x0000005a06e00000)]
  0x0000021d9b8de250 JavaThread "Signal Dispatcher" daemon [_thread_blocked, id=11024, stack(0x0000005a06e00000,0x0000005a06f00000)]
  0x0000021d9b8ded20 JavaThread "Attach Listener" daemon [_thread_blocked, id=3380, stack(0x0000005a06f00000,0x0000005a07000000)]
  0x0000021d9b8e1700 JavaThread "Service Thread" daemon [_thread_blocked, id=8720, stack(0x0000005a07000000,0x0000005a07100000)]
  0x0000021d9b8e43e0 JavaThread "Monitor Deflation Thread" daemon [_thread_blocked, id=11916, stack(0x0000005a07100000,0x0000005a07200000)]
  0x0000021d9b8eccc0 JavaThread "C1 CompilerThread0" daemon [_thread_blocked, id=12164, stack(0x0000005a07200000,0x0000005a07300000)]
  0x0000021d9b8f0ad0 JavaThread "Sweeper thread" daemon [_thread_blocked, id=9344, stack(0x0000005a07300000,0x0000005a07400000)]
  0x0000021d9bb26e60 JavaThread "Notification Thread" daemon [_thread_blocked, id=10356, stack(0x0000005a07600000,0x0000005a07700000)]
  0x0000021d9bb2fd50 JavaThread "Common-Cleaner" daemon [_thread_blocked, id=11248, stack(0x0000005a07800000,0x0000005a07900000)]
  0x0000021de21b7a80 JavaThread "mysql-cj-abandoned-connection-cleanup" daemon [_thread_blocked, id=11260, stack(0x0000005a08b00000,0x0000005a08c00000)]
  0x0000021de231b5a0 JavaThread "Live Reload Server" daemon [_thread_in_native, id=4412, stack(0x0000005a09000000,0x0000005a09100000)]
  0x0000021de23178e0 JavaThread "DestroyJavaVM" [_thread_blocked, id=12144, stack(0x0000005a06500000,0x0000005a06600000)]
  0x0000021de231bab0 JavaThread "File Watcher" daemon [_thread_blocked, id=3056, stack(0x0000005a07400000,0x0000005a07500000)]
  0x0000021de231bfc0 JavaThread "File Watcher" daemon [_thread_blocked, id=13772, stack(0x0000005a08a00000,0x0000005a08b00000)]
  0x0000021de21ba300 JavaThread "File Watcher" daemon [_thread_blocked, id=1228, stack(0x0000005a07500000,0x0000005a07600000)]
  0x0000021de2319c50 JavaThread "File Watcher" daemon [_thread_blocked, id=13256, stack(0x0000005a07c00000,0x0000005a07d00000)]
  0x0000021de21b7f90 JavaThread "File Watcher" daemon [_thread_blocked, id=2488, stack(0x0000005a07d00000,0x0000005a07e00000)]
  0x0000021de21b8ec0 JavaThread "File Watcher" daemon [_thread_blocked, id=8464, stack(0x0000005a07e00000,0x0000005a07f00000)]
  0x0000021de231c4d0 JavaThread "File Watcher" daemon [_thread_blocked, id=12256, stack(0x0000005a07f00000,0x0000005a08000000)]
  0x0000021de21b7060 JavaThread "File Watcher" daemon [_thread_blocked, id=14348, stack(0x0000005a08100000,0x0000005a08200000)]
  0x0000021de2319740 JavaThread "File Watcher" daemon [_thread_blocked, id=5540, stack(0x0000005a08200000,0x0000005a08300000)]
  0x0000021de21b98e0 JavaThread "File Watcher" daemon [_thread_blocked, id=3488, stack(0x0000005a08300000,0x0000005a08400000)]
  0x0000021de2317df0 JavaThread "File Watcher" daemon [_thread_blocked, id=14328, stack(0x0000005a08400000,0x0000005a08500000)]
  0x0000021de38df510 JavaThread "File Watcher" daemon [_thread_blocked, id=9356, stack(0x0000005a08500000,0x0000005a08600000)]
  0x0000021de38dcc90 JavaThread "File Watcher" daemon [_thread_blocked, id=7384, stack(0x0000005a08700000,0x0000005a08800000)]
  0x0000021de38e1d90 JavaThread "File Watcher" daemon [_thread_blocked, id=4860, stack(0x0000005a08600000,0x0000005a08700000)]
  0x0000021de38dff30 JavaThread "File Watcher" daemon [_thread_blocked, id=2496, stack(0x0000005a08800000,0x0000005a08900000)]
  0x0000021de38e36e0 JavaThread "File Watcher" daemon [_thread_blocked, id=6192, stack(0x0000005a08c00000,0x0000005a08d00000)]
  0x0000021de38e0950 JavaThread "File Watcher" daemon [_thread_blocked, id=6904, stack(0x0000005a08900000,0x0000005a08a00000)]
  0x0000021de38e1880 JavaThread "File Watcher" daemon [_thread_blocked, id=11372, stack(0x0000005a08d00000,0x0000005a08e00000)]
  0x0000021de38ddbc0 JavaThread "File Watcher" daemon [_thread_blocked, id=8224, stack(0x0000005a08e00000,0x0000005a08f00000)]
  0x0000021de231a670 JavaThread "File Watcher" daemon [_thread_blocked, id=13836, stack(0x0000005a08f00000,0x0000005a09000000)]
  0x0000021de38e0440 JavaThread "File Watcher" daemon [_thread_blocked, id=5828, stack(0x0000005a09200000,0x0000005a09300000)]
  0x0000021de2315a80 JavaThread "File Watcher" daemon [_thread_blocked, id=11408, stack(0x0000005a09100000,0x0000005a09200000)]
  0x0000021de23173d0 JavaThread "Thread-261" [_thread_blocked, id=2932, stack(0x0000005a06200000,0x0000005a06300000)]
  0x0000021de38e1370 JavaThread "File Watcher" daemon [_thread_blocked, id=11368, stack(0x0000005a06300000,0x0000005a06400000)]
  0x0000021de23169b0 JavaThread "File Watcher" daemon [_thread_blocked, id=11144, stack(0x0000005a08000000,0x0000005a08100000)]
  0x0000021de38e3bf0 JavaThread "File Watcher" daemon [_thread_blocked, id=10532, stack(0x0000005a09300000,0x0000005a09400000)]
  0x0000021de2318300 JavaThread "File Watcher" daemon [_thread_blocked, id=13020, stack(0x0000005a09400000,0x0000005a09500000)]
  0x0000021de38e0e60 JavaThread "File Watcher" daemon [_thread_blocked, id=8504, stack(0x0000005a09700000,0x0000005a09800000)]
  0x0000021de21b93d0 JavaThread "File Watcher" daemon [_thread_blocked, id=828, stack(0x0000005a09800000,0x0000005a09900000)]
  0x0000021de2318810 JavaThread "File Watcher" daemon [_thread_blocked, id=7840, stack(0x0000005a09900000,0x0000005a09a00000)]
  0x0000021de21b84a0 JavaThread "File Watcher" daemon [_thread_blocked, id=13452, stack(0x0000005a09600000,0x0000005a09700000)]
  0x0000021de2315060 JavaThread "File Watcher" daemon [_thread_blocked, id=12876, stack(0x0000005a09b00000,0x0000005a09c00000)]
  0x0000021de21ba810 JavaThread "File Watcher" daemon [_thread_blocked, id=9780, stack(0x0000005a09a00000,0x0000005a09b00000)]
  0x0000021de38e4100 JavaThread "File Watcher" daemon [_thread_blocked, id=12688, stack(0x0000005a09d00000,0x0000005a09e00000)]
  0x0000021de38e2cc0 JavaThread "File Watcher" daemon [_thread_blocked, id=4916, stack(0x0000005a09c00000,0x0000005a09d00000)]
  0x0000021de38e4610 JavaThread "File Watcher" daemon [_thread_blocked, id=5068, stack(0x0000005a09e00000,0x0000005a09f00000)]
  0x0000021de38dfa20 JavaThread "File Watcher" daemon [_thread_blocked, id=14648, stack(0x0000005a09f00000,0x0000005a0a000000)]
  0x0000021de38dd6b0 JavaThread "File Watcher" daemon [_thread_blocked, id=392, stack(0x0000005a0a000000,0x0000005a0a100000)]
  0x0000021de32e69e0 JavaThread "File Watcher" daemon [_thread_blocked, id=15012, stack(0x0000005a0a100000,0x0000005a0a200000)]
  0x0000021de38e22a0 JavaThread "File Watcher" daemon [_thread_blocked, id=11780, stack(0x0000005a0a400000,0x0000005a0a500000)]
  0x0000021de2318d20 JavaThread "File Watcher" daemon [_thread_blocked, id=13692, stack(0x0000005a0a300000,0x0000005a0a400000)]
  0x0000021de38e27b0 JavaThread "File Watcher" daemon [_thread_blocked, id=4060, stack(0x0000005a0a500000,0x0000005a0a600000)]
  0x0000021de2319230 JavaThread "File Watcher" daemon [_thread_blocked, id=2376, stack(0x0000005a0a600000,0x0000005a0a700000)]
  0x0000021de38e31d0 JavaThread "File Watcher" daemon [_thread_blocked, id=3040, stack(0x0000005a0a700000,0x0000005a0a800000)]
  0x0000021de21b9df0 JavaThread "File Watcher" daemon [_thread_blocked, id=7212, stack(0x0000005a0a200000,0x0000005a0a300000)]
  0x0000021de32e7e20 JavaThread "File Watcher" daemon [_thread_blocked, id=10244, stack(0x0000005a0a800000,0x0000005a0a900000)]
  0x0000021de32e6ef0 JavaThread "File Watcher" daemon [_thread_blocked, id=14932, stack(0x0000005a0a900000,0x0000005a0aa00000)]
  0x0000021de32e5ab0 JavaThread "File Watcher" daemon [_thread_blocked, id=6424, stack(0x0000005a0aa00000,0x0000005a0ab00000)]
  0x0000021de8486820 JavaThread "C1 CompilerThread1" daemon [_thread_blocked, id=8980, stack(0x0000005a0ac00000,0x0000005a0ad00000)]
  0x0000021de32e8330 JavaThread "File Watcher" daemon [_thread_blocked, id=4984, stack(0x0000005a0ab00000,0x0000005a0ac00000)]
  0x0000021de85e5180 JavaThread "C1 CompilerThread2" daemon [_thread_blocked, id=10924, stack(0x0000005a0bb00000,0x0000005a0bc00000)]
  0x0000021de85f9da0 JavaThread "File Watcher" daemon [_thread_blocked, id=15184, stack(0x0000005a0ad00000,0x0000005a0ae00000)]
  0x0000021de85fb6f0 JavaThread "File Watcher" daemon [_thread_blocked, id=14628, stack(0x0000005a0ae00000,0x0000005a0af00000)]
  0x0000021de85f60e0 JavaThread "restartedMain" [_thread_blocked, id=12488, stack(0x0000005a0af00000,0x0000005a0b000000)]

Other Threads:
=>0x0000021d9b8c12d0 VMThread "VM Thread" [stack: 0x0000005a06b00000,0x0000005a06c00000] [id=9660]
  0x0000021d8a198a00 WatcherThread [stack: 0x0000005a07700000,0x0000005a07800000] [id=3284]
  0x0000021d8a17a810 GCTaskThread "GC Thread#0" [stack: 0x0000005a06600000,0x0000005a06700000] [id=13528]
  0x0000021de13b21b0 GCTaskThread "GC Thread#1" [stack: 0x0000005a07900000,0x0000005a07a00000] [id=9804]
  0x0000021de13dafe0 GCTaskThread "GC Thread#2" [stack: 0x0000005a07a00000,0x0000005a07b00000] [id=1588]
  0x0000021de13fd400 GCTaskThread "GC Thread#3" [stack: 0x0000005a07b00000,0x0000005a07c00000] [id=14220]
  0x0000021d8a18b560 ConcurrentGCThread "G1 Main Marker" [stack: 0x0000005a06700000,0x0000005a06800000] [id=2976]
  0x0000021d8a18cf80 ConcurrentGCThread "G1 Conc#0" [stack: 0x0000005a06800000,0x0000005a06900000] [id=11604]
  0x0000021d9b780090 ConcurrentGCThread "G1 Refine#0" [stack: 0x0000005a06900000,0x0000005a06a00000] [id=4948]
  0x0000021d9b781c80 ConcurrentGCThread "G1 Service" [stack: 0x0000005a06a00000,0x0000005a06b00000] [id=12648]

Threads with active compile tasks:

VM state: at safepoint (normal execution)

VM Mutex/Monitor currently owned by a thread:  ([mutex/lock_event])
[0x0000021d8a113ba0] Threads_lock - owner thread: 0x0000021d9b8c12d0
[0x0000021d8a113f90] Heap_lock - owner thread: 0x0000021de85f60e0

Heap address: 0x0000000081000000, size: 2032 MB, Compressed Oops mode: 32-bit

CDS archive(s) mapped at: [0x0000021d9c000000-0x0000021d9cbd0000-0x0000021d9cbd0000), size 12386304, SharedBaseAddress: 0x0000021d9c000000, ArchiveRelocationMode: 1.
Compressed class space mapped at: 0x0000021d9d000000-0x0000021ddd000000, reserved size: 1073741824
Narrow klass base: 0x0000021d9c000000, Narrow klass shift: 0, Narrow klass range: 0x100000000

GC Precious Log:
 CPUs: 4 total, 4 available
 Memory: 8127M
 Large Page Support: Disabled
 NUMA Support: Disabled
 Compressed Oops: Enabled (32-bit)
 Heap Region Size: 1M
 Heap Min Capacity: 8M
 Heap Initial Capacity: 128M
 Heap Max Capacity: 2032M
 Pre-touch: Disabled
 Parallel Workers: 4
 Concurrent Workers: 1
 Concurrent Refinement Workers: 4
 Periodic GC: Disabled

Heap:
 garbage-first heap   total 372736K, used 124936K [0x0000000081000000, 0x0000000100000000)
  region size 1024K, 7 young (7168K), 7 survivors (7168K)
 Metaspace       used 89139K, committed 90560K, reserved 1179648K
  class space    used 12496K, committed 13184K, reserved 1048576K

Heap Regions: E=young(eden), S=young(survivor), O=old, HS=humongous(starts), HC=humongous(continues), CS=collection set, F=free, OA=open archive, CA=closed archive, TAMS=top-at-mark-start (previous, next)
|   0|0x0000000081000000, 0x0000000081100000, 0x0000000081100000|100%|HS|  |TAMS 0x0000000081100000, 0x0000000081100000| Complete 
|   1|0x0000000081100000, 0x0000000081200000, 0x0000000081200000|100%| O|  |TAMS 0x0000000081200000, 0x0000000081200000| Untracked 
|   2|0x0000000081200000, 0x0000000081300000, 0x0000000081300000|100%| O|  |TAMS 0x0000000081300000, 0x0000000081300000| Untracked 
|   3|0x0000000081300000, 0x0000000081400000, 0x0000000081400000|100%| O|  |TAMS 0x0000000081400000, 0x0000000081400000| Untracked 
|   4|0x0000000081400000, 0x0000000081500000, 0x0000000081500000|100%| O|  |TAMS 0x0000000081500000, 0x0000000081500000| Untracked 
|   5|0x0000000081500000, 0x00000000815fffe0, 0x0000000081600000| 99%| O|  |TAMS 0x00000000815fffe0, 0x00000000815fffe0| Untracked 
|   6|0x0000000081600000, 0x00000000816ffff0, 0x0000000081700000| 99%| O|  |TAMS 0x00000000816ffff0, 0x00000000816ffff0| Untracked 
|   7|0x0000000081700000, 0x00000000817fffd8, 0x0000000081800000| 99%| O|  |TAMS 0x00000000817fffd8, 0x00000000817fffd8| Untracked 
|   8|0x0000000081800000, 0x00000000818ffff8, 0x0000000081900000| 99%| O|  |TAMS 0x00000000818ffff8, 0x00000000818ffff8| Untracked 
|   9|0x0000000081900000, 0x0000000081a00000, 0x0000000081a00000|100%| O|  |TAMS 0x0000000081a00000, 0x0000000081a00000| Untracked 
|  10|0x0000000081a00000, 0x0000000081affdb8, 0x0000000081b00000| 99%| O|  |TAMS 0x0000000081affdb8, 0x0000000081affdb8| Untracked 
|  11|0x0000000081b00000, 0x0000000081bffb38, 0x0000000081c00000| 99%| O|  |TAMS 0x0000000081bffb38, 0x0000000081bffb38| Untracked 
|  12|0x0000000081c00000, 0x0000000081cffff0, 0x0000000081d00000| 99%| O|  |TAMS 0x0000000081cffff0, 0x0000000081cffff0| Untracked 
|  13|0x0000000081d00000, 0x0000000081dfffa8, 0x0000000081e00000| 99%| O|  |TAMS 0x0000000081dfffa8, 0x0000000081dfffa8| Untracked 
|  14|0x0000000081e00000, 0x0000000081effff0, 0x0000000081f00000| 99%| O|  |TAMS 0x0000000081effff0, 0x0000000081effff0| Untracked 
|  15|0x0000000081f00000, 0x0000000081ffffb8, 0x0000000082000000| 99%| O|  |TAMS 0x0000000081ffffb8, 0x0000000081ffffb8| Untracked 
|  16|0x0000000082000000, 0x00000000820fffc0, 0x0000000082100000| 99%| O|  |TAMS 0x00000000820fffc0, 0x00000000820fffc0| Untracked 
|  17|0x0000000082100000, 0x0000000082200000, 0x0000000082200000|100%| O|  |TAMS 0x0000000082200000, 0x0000000082200000| Untracked 
|  18|0x0000000082200000, 0x00000000822fffb0, 0x0000000082300000| 99%| O|  |TAMS 0x00000000822fffb0, 0x00000000822fffb0| Untracked 
|  19|0x0000000082300000, 0x00000000823fffd8, 0x0000000082400000| 99%| O|  |TAMS 0x00000000823fffd8, 0x00000000823fffd8| Untracked 
|  20|0x0000000082400000, 0x00000000824fffd8, 0x0000000082500000| 99%| O|  |TAMS 0x00000000824fffd8, 0x00000000824fffd8| Untracked 
|  21|0x0000000082500000, 0x00000000825ffff0, 0x0000000082600000| 99%| O|  |TAMS 0x00000000825ffff0, 0x00000000825ffff0| Untracked 
|  22|0x0000000082600000, 0x00000000826fff48, 0x0000000082700000| 99%| O|  |TAMS 0x00000000826fff48, 0x00000000826fff48| Untracked 
|  23|0x0000000082700000, 0x00000000827fffd0, 0x0000000082800000| 99%| O|  |TAMS 0x00000000827fffd0, 0x00000000827fffd0| Untracked 
|  24|0x0000000082800000, 0x00000000828ffff8, 0x0000000082900000| 99%| O|  |TAMS 0x00000000828ffff8, 0x00000000828ffff8| Untracked 
|  25|0x0000000082900000, 0x0000000082a00000, 0x0000000082a00000|100%| O|  |TAMS 0x0000000082900000, 0x0000000082a00000| Untracked 
|  26|0x0000000082a00000, 0x0000000082b00000, 0x0000000082b00000|100%| O|  |TAMS 0x0000000082b00000, 0x0000000082b00000| Untracked 
|  27|0x0000000082b00000, 0x0000000082c00000, 0x0000000082c00000|100%| O|  |TAMS 0x0000000082c00000, 0x0000000082c00000| Untracked 
|  28|0x0000000082c00000, 0x0000000082d00000, 0x0000000082d00000|100%| O|  |TAMS 0x0000000082d00000, 0x0000000082d00000| Untracked 
|  29|0x0000000082d00000, 0x0000000082e00000, 0x0000000082e00000|100%| O|  |TAMS 0x0000000082e00000, 0x0000000082e00000| Untracked 
|  30|0x0000000082e00000, 0x0000000082f00000, 0x0000000082f00000|100%| O|  |TAMS 0x0000000082f00000, 0x0000000082f00000| Untracked 
|  31|0x0000000082f00000, 0x0000000083000000, 0x0000000083000000|100%| O|  |TAMS 0x0000000083000000, 0x0000000083000000| Untracked 
|  32|0x0000000083000000, 0x0000000083100000, 0x0000000083100000|100%| O|  |TAMS 0x0000000083100000, 0x0000000083100000| Untracked 
|  33|0x0000000083100000, 0x0000000083200000, 0x0000000083200000|100%| O|  |TAMS 0x0000000083200000, 0x0000000083200000| Untracked 
|  34|0x0000000083200000, 0x0000000083300000, 0x0000000083300000|100%| O|  |TAMS 0x0000000083300000, 0x0000000083300000| Untracked 
|  35|0x0000000083300000, 0x0000000083400000, 0x0000000083400000|100%| O|  |TAMS 0x0000000083400000, 0x0000000083400000| Untracked 
|  36|0x0000000083400000, 0x0000000083500000, 0x0000000083500000|100%| O|  |TAMS 0x0000000083500000, 0x0000000083500000| Untracked 
|  37|0x0000000083500000, 0x0000000083600000, 0x0000000083600000|100%| O|  |TAMS 0x0000000083600000, 0x0000000083600000| Untracked 
|  38|0x0000000083600000, 0x0000000083700000, 0x0000000083700000|100%| O|  |TAMS 0x0000000083700000, 0x0000000083700000| Untracked 
|  39|0x0000000083700000, 0x0000000083800000, 0x0000000083800000|100%| O|  |TAMS 0x0000000083800000, 0x0000000083800000| Untracked 
|  40|0x0000000083800000, 0x0000000083900000, 0x0000000083900000|100%| O|  |TAMS 0x0000000083900000, 0x0000000083900000| Untracked 
|  41|0x0000000083900000, 0x0000000083a00000, 0x0000000083a00000|100%| O|  |TAMS 0x0000000083a00000, 0x0000000083a00000| Untracked 
|  42|0x0000000083a00000, 0x0000000083b00000, 0x0000000083b00000|100%| O|  |TAMS 0x0000000083b00000, 0x0000000083b00000| Untracked 
|  43|0x0000000083b00000, 0x0000000083c00000, 0x0000000083c00000|100%| O|  |TAMS 0x0000000083c00000, 0x0000000083c00000| Untracked 
|  44|0x0000000083c00000, 0x0000000083d00000, 0x0000000083d00000|100%| O|  |TAMS 0x0000000083d00000, 0x0000000083d00000| Untracked 
|  45|0x0000000083d00000, 0x0000000083e00000, 0x0000000083e00000|100%| O|  |TAMS 0x0000000083e00000, 0x0000000083e00000| Untracked 
|  46|0x0000000083e00000, 0x0000000083f00000, 0x0000000083f00000|100%| O|  |TAMS 0x0000000083f00000, 0x0000000083f00000| Untracked 
|  47|0x0000000083f00000, 0x0000000084000000, 0x0000000084000000|100%| O|  |TAMS 0x0000000084000000, 0x0000000084000000| Untracked 
|  48|0x0000000084000000, 0x0000000084100000, 0x0000000084100000|100%| O|  |TAMS 0x0000000084100000, 0x0000000084100000| Untracked 
|  49|0x0000000084100000, 0x0000000084200000, 0x0000000084200000|100%| O|  |TAMS 0x0000000084200000, 0x0000000084200000| Untracked 
|  50|0x0000000084200000, 0x0000000084300000, 0x0000000084300000|100%| O|  |TAMS 0x0000000084300000, 0x0000000084300000| Untracked 
|  51|0x0000000084300000, 0x0000000084400000, 0x0000000084400000|100%| O|  |TAMS 0x0000000084300000, 0x0000000084400000| Untracked 
|  52|0x0000000084400000, 0x0000000084500000, 0x0000000084500000|100%| O|  |TAMS 0x0000000084400000, 0x0000000084500000| Untracked 
|  53|0x0000000084500000, 0x0000000084600000, 0x0000000084600000|100%| O|  |TAMS 0x0000000084600000, 0x0000000084600000| Untracked 
|  54|0x0000000084600000, 0x0000000084600000, 0x0000000084700000|  0%| F|  |TAMS 0x0000000084600000, 0x0000000084600000| Untracked 
|  55|0x0000000084700000, 0x0000000084800000, 0x0000000084800000|100%| O|  |TAMS 0x0000000084800000, 0x0000000084800000| Untracked 
|  56|0x0000000084800000, 0x0000000084900000, 0x0000000084900000|100%| O|  |TAMS 0x0000000084900000, 0x0000000084900000| Untracked 
|  57|0x0000000084900000, 0x0000000084a00000, 0x0000000084a00000|100%| O|  |TAMS 0x0000000084a00000, 0x0000000084a00000| Untracked 
|  58|0x0000000084a00000, 0x0000000084b00000, 0x0000000084b00000|100%| O|  |TAMS 0x0000000084b00000, 0x0000000084b00000| Untracked 
|  59|0x0000000084b00000, 0x0000000084c00000, 0x0000000084c00000|100%| O|  |TAMS 0x0000000084c00000, 0x0000000084c00000| Untracked 
|  60|0x0000000084c00000, 0x0000000084d00000, 0x0000000084d00000|100%| O|  |TAMS 0x0000000084d00000, 0x0000000084d00000| Untracked 
|  61|0x0000000084d00000, 0x0000000084e00000, 0x0000000084e00000|100%| O|  |TAMS 0x0000000084e00000, 0x0000000084e00000| Untracked 
|  62|0x0000000084e00000, 0x0000000084f00000, 0x0000000084f00000|100%| O|  |TAMS 0x0000000084f00000, 0x0000000084f00000| Untracked 
|  63|0x0000000084f00000, 0x0000000085000000, 0x0000000085000000|100%| O|  |TAMS 0x0000000085000000, 0x0000000085000000| Untracked 
|  64|0x0000000085000000, 0x0000000085100000, 0x0000000085100000|100%| O|  |TAMS 0x0000000085100000, 0x0000000085100000| Untracked 
|  65|0x0000000085100000, 0x0000000085200000, 0x0000000085200000|100%| O|  |TAMS 0x0000000085200000, 0x0000000085200000| Untracked 
|  66|0x0000000085200000, 0x0000000085300000, 0x0000000085300000|100%| O|  |TAMS 0x0000000085300000, 0x0000000085300000| Untracked 
|  67|0x0000000085300000, 0x0000000085400000, 0x0000000085400000|100%| O|  |TAMS 0x0000000085400000, 0x0000000085400000| Untracked 
|  68|0x0000000085400000, 0x0000000085500000, 0x0000000085500000|100%| O|  |TAMS 0x0000000085500000, 0x0000000085500000| Untracked 
|  69|0x0000000085500000, 0x0000000085600000, 0x0000000085600000|100%| O|  |TAMS 0x0000000085600000, 0x0000000085600000| Untracked 
|  70|0x0000000085600000, 0x0000000085700000, 0x0000000085700000|100%| O|  |TAMS 0x0000000085700000, 0x0000000085700000| Untracked 
|  71|0x0000000085700000, 0x0000000085800000, 0x0000000085800000|100%| O|  |TAMS 0x0000000085800000, 0x0000000085800000| Untracked 
|  72|0x0000000085800000, 0x0000000085900000, 0x0000000085900000|100%| O|  |TAMS 0x0000000085900000, 0x0000000085900000| Untracked 
|  73|0x0000000085900000, 0x0000000085a00000, 0x0000000085a00000|100%| O|  |TAMS 0x0000000085a00000, 0x0000000085a00000| Untracked 
|  74|0x0000000085a00000, 0x0000000085b00000, 0x0000000085b00000|100%| O|  |TAMS 0x0000000085b00000, 0x0000000085b00000| Untracked 
|  75|0x0000000085b00000, 0x0000000085c00000, 0x0000000085c00000|100%| O|  |TAMS 0x0000000085c00000, 0x0000000085c00000| Untracked 
|  76|0x0000000085c00000, 0x0000000085d00000, 0x0000000085d00000|100%| O|  |TAMS 0x0000000085d00000, 0x0000000085d00000| Untracked 
|  77|0x0000000085d00000, 0x0000000085d00000, 0x0000000085e00000|  0%| F|  |TAMS 0x0000000085d00000, 0x0000000085d00000| Untracked 
|  78|0x0000000085e00000, 0x0000000085f00000, 0x0000000085f00000|100%| O|  |TAMS 0x0000000085f00000, 0x0000000085f00000| Untracked 
|  79|0x0000000085f00000, 0x0000000086000000, 0x0000000086000000|100%| O|  |TAMS 0x0000000086000000, 0x0000000086000000| Untracked 
|  80|0x0000000086000000, 0x0000000086100000, 0x0000000086100000|100%| O|  |TAMS 0x0000000086100000, 0x0000000086100000| Untracked 
|  81|0x0000000086100000, 0x0000000086100000, 0x0000000086200000|  0%| F|  |TAMS 0x0000000086100000, 0x0000000086100000| Untracked 
|  82|0x0000000086200000, 0x0000000086300000, 0x0000000086300000|100%| O|  |TAMS 0x0000000086300000, 0x0000000086300000| Untracked 
|  83|0x0000000086300000, 0x0000000086400000, 0x0000000086400000|100%| O|  |TAMS 0x0000000086400000, 0x0000000086400000| Untracked 
|  84|0x0000000086400000, 0x0000000086500000, 0x0000000086500000|100%| O|  |TAMS 0x0000000086500000, 0x0000000086500000| Untracked 
|  85|0x0000000086500000, 0x0000000086600000, 0x0000000086600000|100%| O|  |TAMS 0x0000000086600000, 0x0000000086600000| Untracked 
|  86|0x0000000086600000, 0x0000000086700000, 0x0000000086700000|100%| O|  |TAMS 0x0000000086700000, 0x0000000086700000| Untracked 
|  87|0x0000000086700000, 0x0000000086800000, 0x0000000086800000|100%| O|  |TAMS 0x0000000086800000, 0x0000000086800000| Untracked 
|  88|0x0000000086800000, 0x0000000086900000, 0x0000000086900000|100%| O|  |TAMS 0x0000000086900000, 0x0000000086900000| Untracked 
|  89|0x0000000086900000, 0x0000000086a00000, 0x0000000086a00000|100%| O|  |TAMS 0x0000000086a00000, 0x0000000086a00000| Untracked 
|  90|0x0000000086a00000, 0x0000000086b00000, 0x0000000086b00000|100%| O|  |TAMS 0x0000000086b00000, 0x0000000086b00000| Untracked 
|  91|0x0000000086b00000, 0x0000000086c00000, 0x0000000086c00000|100%| O|  |TAMS 0x0000000086c00000, 0x0000000086c00000| Untracked 
|  92|0x0000000086c00000, 0x0000000086d00000, 0x0000000086d00000|100%| O|  |TAMS 0x0000000086d00000, 0x0000000086d00000| Untracked 
|  93|0x0000000086d00000, 0x0000000086e00000, 0x0000000086e00000|100%| O|  |TAMS 0x0000000086e00000, 0x0000000086e00000| Untracked 
|  94|0x0000000086e00000, 0x0000000086f00000, 0x0000000086f00000|100%| O|  |TAMS 0x0000000086f00000, 0x0000000086f00000| Untracked 
|  95|0x0000000086f00000, 0x0000000087000000, 0x0000000087000000|100%| O|  |TAMS 0x0000000087000000, 0x0000000087000000| Untracked 
|  96|0x0000000087000000, 0x0000000087100000, 0x0000000087100000|100%| O|  |TAMS 0x0000000087100000, 0x0000000087100000| Untracked 
|  97|0x0000000087100000, 0x0000000087200000, 0x0000000087200000|100%| O|  |TAMS 0x0000000087100000, 0x0000000087200000| Untracked 
|  98|0x0000000087200000, 0x0000000087300000, 0x0000000087300000|100%| O|  |TAMS 0x0000000087300000, 0x0000000087300000| Untracked 
|  99|0x0000000087300000, 0x0000000087400000, 0x0000000087400000|100%| O|  |TAMS 0x0000000087400000, 0x0000000087400000| Untracked 
| 100|0x0000000087400000, 0x0000000087500000, 0x0000000087500000|100%| O|  |TAMS 0x0000000087500000, 0x0000000087500000| Untracked 
| 101|0x0000000087500000, 0x0000000087600000, 0x0000000087600000|100%| O|  |TAMS 0x0000000087600000, 0x0000000087600000| Untracked 
| 102|0x0000000087600000, 0x0000000087600000, 0x0000000087700000|  0%| F|  |TAMS 0x0000000087600000, 0x0000000087600000| Untracked 
| 103|0x0000000087700000, 0x0000000087800000, 0x0000000087800000|100%| O|  |TAMS 0x0000000087800000, 0x0000000087800000| Untracked 
| 104|0x0000000087800000, 0x0000000087900000, 0x0000000087900000|100%| O|  |TAMS 0x0000000087900000, 0x0000000087900000| Untracked 
| 105|0x0000000087900000, 0x0000000087a00000, 0x0000000087a00000|100%| O|  |TAMS 0x0000000087a00000, 0x0000000087a00000| Untracked 
| 106|0x0000000087a00000, 0x0000000087b00000, 0x0000000087b00000|100%| O|  |TAMS 0x0000000087b00000, 0x0000000087b00000| Untracked 
| 107|0x0000000087b00000, 0x0000000087c00000, 0x0000000087c00000|100%| O|  |TAMS 0x0000000087c00000, 0x0000000087c00000| Untracked 
| 108|0x0000000087c00000, 0x0000000087d00000, 0x0000000087d00000|100%| O|  |TAMS 0x0000000087d00000, 0x0000000087d00000| Untracked 
| 109|0x0000000087d00000, 0x0000000087e00000, 0x0000000087e00000|100%| O|  |TAMS 0x0000000087e00000, 0x0000000087e00000| Untracked 
| 110|0x0000000087e00000, 0x0000000087f00000, 0x0000000087f00000|100%| O|  |TAMS 0x0000000087ed8400, 0x0000000087f00000| Untracked 
| 111|0x0000000087f00000, 0x0000000088000000, 0x0000000088000000|100%| O|  |TAMS 0x0000000087f00000, 0x0000000088000000| Untracked 
| 112|0x0000000088000000, 0x0000000088100000, 0x0000000088100000|100%| O|  |TAMS 0x0000000088000000, 0x0000000088100000| Untracked 
| 113|0x0000000088100000, 0x0000000088200000, 0x0000000088200000|100%| O|  |TAMS 0x0000000088100000, 0x0000000088200000| Untracked 
| 114|0x0000000088200000, 0x0000000088300000, 0x0000000088300000|100%| O|  |TAMS 0x0000000088200000, 0x0000000088300000| Untracked 
| 115|0x0000000088300000, 0x0000000088400000, 0x0000000088400000|100%| O|  |TAMS 0x0000000088300000, 0x0000000088400000| Untracked 
| 116|0x0000000088400000, 0x0000000088500000, 0x0000000088500000|100%| O|  |TAMS 0x0000000088400000, 0x0000000088500000| Untracked 
| 117|0x0000000088500000, 0x0000000088600000, 0x0000000088600000|100%| O|  |TAMS 0x0000000088500000, 0x0000000088600000| Untracked 
| 118|0x0000000088600000, 0x0000000088700000, 0x0000000088700000|100%| O|  |TAMS 0x0000000088600000, 0x0000000088700000| Untracked 
| 119|0x0000000088700000, 0x0000000088780000, 0x0000000088800000| 50%| O|  |TAMS 0x0000000088700000, 0x0000000088780000| Untracked 
| 120|0x0000000088800000, 0x0000000088800000, 0x0000000088900000|  0%| F|  |TAMS 0x0000000088800000, 0x0000000088800000| Untracked 
| 121|0x0000000088900000, 0x0000000088900000, 0x0000000088a00000|  0%| F|  |TAMS 0x0000000088900000, 0x0000000088900000| Untracked 
| 122|0x0000000088a00000, 0x0000000088a00000, 0x0000000088b00000|  0%| F|  |TAMS 0x0000000088a00000, 0x0000000088a00000| Untracked 
| 123|0x0000000088b00000, 0x0000000088b00000, 0x0000000088c00000|  0%| F|  |TAMS 0x0000000088b00000, 0x0000000088b00000| Untracked 
| 124|0x0000000088c00000, 0x0000000088c00000, 0x0000000088d00000|  0%| F|  |TAMS 0x0000000088c00000, 0x0000000088c00000| Untracked 
| 125|0x0000000088d00000, 0x0000000088d00000, 0x0000000088e00000|  0%| F|  |TAMS 0x0000000088d00000, 0x0000000088d00000| Untracked 
| 126|0x0000000088e00000, 0x0000000088e00000, 0x0000000088f00000|  0%| F|  |TAMS 0x0000000088e00000, 0x0000000088e00000| Untracked 
| 127|0x0000000088f00000, 0x0000000088f00000, 0x0000000089000000|  0%| F|  |TAMS 0x0000000088f00000, 0x0000000088f00000| Untracked 
| 128|0x0000000089000000, 0x0000000089000000, 0x0000000089100000|  0%| F|  |TAMS 0x0000000089000000, 0x0000000089000000| Untracked 
| 129|0x0000000089100000, 0x0000000089100000, 0x0000000089200000|  0%| F|  |TAMS 0x0000000089100000, 0x0000000089100000| Untracked 
| 130|0x0000000089200000, 0x0000000089200000, 0x0000000089300000|  0%| F|  |TAMS 0x0000000089200000, 0x0000000089200000| Untracked 
| 131|0x0000000089300000, 0x0000000089300000, 0x0000000089400000|  0%| F|  |TAMS 0x0000000089300000, 0x0000000089300000| Untracked 
| 132|0x0000000089400000, 0x0000000089400000, 0x0000000089500000|  0%| F|  |TAMS 0x0000000089400000, 0x0000000089400000| Untracked 
| 133|0x0000000089500000, 0x0000000089500000, 0x0000000089600000|  0%| F|  |TAMS 0x0000000089500000, 0x0000000089500000| Untracked 
| 134|0x0000000089600000, 0x0000000089600000, 0x0000000089700000|  0%| F|  |TAMS 0x0000000089600000, 0x0000000089600000| Untracked 
| 135|0x0000000089700000, 0x0000000089700000, 0x0000000089800000|  0%| F|  |TAMS 0x0000000089700000, 0x0000000089700000| Untracked 
| 136|0x0000000089800000, 0x0000000089800000, 0x0000000089900000|  0%| F|  |TAMS 0x0000000089800000, 0x0000000089800000| Untracked 
| 137|0x0000000089900000, 0x0000000089900000, 0x0000000089a00000|  0%| F|  |TAMS 0x0000000089900000, 0x0000000089900000| Untracked 
| 138|0x0000000089a00000, 0x0000000089a00000, 0x0000000089b00000|  0%| F|  |TAMS 0x0000000089a00000, 0x0000000089a00000| Untracked 
| 139|0x0000000089b00000, 0x0000000089b00000, 0x0000000089c00000|  0%| F|  |TAMS 0x0000000089b00000, 0x0000000089b00000| Untracked 
| 140|0x0000000089c00000, 0x0000000089c00000, 0x0000000089d00000|  0%| F|  |TAMS 0x0000000089c00000, 0x0000000089c00000| Untracked 
| 141|0x0000000089d00000, 0x0000000089d00000, 0x0000000089e00000|  0%| F|  |TAMS 0x0000000089d00000, 0x0000000089d00000| Untracked 
| 142|0x0000000089e00000, 0x0000000089e00000, 0x0000000089f00000|  0%| F|  |TAMS 0x0000000089e00000, 0x0000000089e00000| Untracked 
| 143|0x0000000089f00000, 0x0000000089f00000, 0x000000008a000000|  0%| F|  |TAMS 0x0000000089f00000, 0x0000000089f00000| Untracked 
| 144|0x000000008a000000, 0x000000008a000000, 0x000000008a100000|  0%| F|  |TAMS 0x000000008a000000, 0x000000008a000000| Untracked 
| 145|0x000000008a100000, 0x000000008a100000, 0x000000008a200000|  0%| F|  |TAMS 0x000000008a100000, 0x000000008a100000| Untracked 
| 146|0x000000008a200000, 0x000000008a200000, 0x000000008a300000|  0%| F|  |TAMS 0x000000008a200000, 0x000000008a200000| Untracked 
| 147|0x000000008a300000, 0x000000008a300000, 0x000000008a400000|  0%| F|  |TAMS 0x000000008a300000, 0x000000008a300000| Untracked 
| 148|0x000000008a400000, 0x000000008a400000, 0x000000008a500000|  0%| F|  |TAMS 0x000000008a400000, 0x000000008a400000| Untracked 
| 149|0x000000008a500000, 0x000000008a500000, 0x000000008a600000|  0%| F|  |TAMS 0x000000008a500000, 0x000000008a500000| Untracked 
| 150|0x000000008a600000, 0x000000008a600000, 0x000000008a700000|  0%| F|  |TAMS 0x000000008a600000, 0x000000008a600000| Untracked 
| 151|0x000000008a700000, 0x000000008a700000, 0x000000008a800000|  0%| F|  |TAMS 0x000000008a700000, 0x000000008a700000| Untracked 
| 152|0x000000008a800000, 0x000000008a800000, 0x000000008a900000|  0%| F|  |TAMS 0x000000008a800000, 0x000000008a800000| Untracked 
| 153|0x000000008a900000, 0x000000008a900000, 0x000000008aa00000|  0%| F|  |TAMS 0x000000008a900000, 0x000000008a900000| Untracked 
| 154|0x000000008aa00000, 0x000000008aa00000, 0x000000008ab00000|  0%| F|  |TAMS 0x000000008aa00000, 0x000000008aa00000| Untracked 
| 155|0x000000008ab00000, 0x000000008ab00000, 0x000000008ac00000|  0%| F|  |TAMS 0x000000008ab00000, 0x000000008ab00000| Untracked 
| 156|0x000000008ac00000, 0x000000008ac00000, 0x000000008ad00000|  0%| F|  |TAMS 0x000000008ac00000, 0x000000008ac00000| Untracked 
| 157|0x000000008ad00000, 0x000000008ad00000, 0x000000008ae00000|  0%| F|  |TAMS 0x000000008ad00000, 0x000000008ad00000| Untracked 
| 158|0x000000008ae00000, 0x000000008ae82de0, 0x000000008af00000| 51%| S|CS|TAMS 0x000000008ae00000, 0x000000008ae00000| Complete 
| 159|0x000000008af00000, 0x000000008b000000, 0x000000008b000000|100%| S|CS|TAMS 0x000000008af00000, 0x000000008af00000| Complete 
| 160|0x000000008b000000, 0x000000008b100000, 0x000000008b100000|100%| S|CS|TAMS 0x000000008b000000, 0x000000008b000000| Complete 
| 161|0x000000008b100000, 0x000000008b200000, 0x000000008b200000|100%| S|CS|TAMS 0x000000008b100000, 0x000000008b100000| Complete 
| 162|0x000000008b200000, 0x000000008b300000, 0x000000008b300000|100%| S|CS|TAMS 0x000000008b200000, 0x000000008b200000| Complete 
| 163|0x000000008b300000, 0x000000008b400000, 0x000000008b400000|100%| S|CS|TAMS 0x000000008b300000, 0x000000008b300000| Complete 
| 164|0x000000008b400000, 0x000000008b500000, 0x000000008b500000|100%| S|CS|TAMS 0x000000008b400000, 0x000000008b400000| Complete 
| 165|0x000000008b500000, 0x000000008b500000, 0x000000008b600000|  0%| F|  |TAMS 0x000000008b500000, 0x000000008b500000| Untracked 
| 166|0x000000008b600000, 0x000000008b600000, 0x000000008b700000|  0%| F|  |TAMS 0x000000008b600000, 0x000000008b600000| Untracked 
| 167|0x000000008b700000, 0x000000008b700000, 0x000000008b800000|  0%| F|  |TAMS 0x000000008b700000, 0x000000008b700000| Untracked 
| 168|0x000000008b800000, 0x000000008b800000, 0x000000008b900000|  0%| F|  |TAMS 0x000000008b800000, 0x000000008b800000| Untracked 
| 169|0x000000008b900000, 0x000000008b900000, 0x000000008ba00000|  0%| F|  |TAMS 0x000000008b900000, 0x000000008b900000| Untracked 
| 170|0x000000008ba00000, 0x000000008ba00000, 0x000000008bb00000|  0%| F|  |TAMS 0x000000008ba00000, 0x000000008ba00000| Untracked 
| 171|0x000000008bb00000, 0x000000008bb00000, 0x000000008bc00000|  0%| F|  |TAMS 0x000000008bb00000, 0x000000008bb00000| Untracked 
| 172|0x000000008bc00000, 0x000000008bc00000, 0x000000008bd00000|  0%| F|  |TAMS 0x000000008bc00000, 0x000000008bc00000| Untracked 
| 173|0x000000008bd00000, 0x000000008bd00000, 0x000000008be00000|  0%| F|  |TAMS 0x000000008bd00000, 0x000000008bd00000| Untracked 
| 174|0x000000008be00000, 0x000000008be00000, 0x000000008bf00000|  0%| F|  |TAMS 0x000000008be00000, 0x000000008be00000| Untracked 
| 175|0x000000008bf00000, 0x000000008bf00000, 0x000000008c000000|  0%| F|  |TAMS 0x000000008bf00000, 0x000000008bf00000| Untracked 
| 176|0x000000008c000000, 0x000000008c000000, 0x000000008c100000|  0%| F|  |TAMS 0x000000008c000000, 0x000000008c000000| Untracked 
| 177|0x000000008c100000, 0x000000008c100000, 0x000000008c200000|  0%| F|  |TAMS 0x000000008c100000, 0x000000008c100000| Untracked 
| 178|0x000000008c200000, 0x000000008c200000, 0x000000008c300000|  0%| F|  |TAMS 0x000000008c200000, 0x000000008c200000| Untracked 
| 179|0x000000008c300000, 0x000000008c300000, 0x000000008c400000|  0%| F|  |TAMS 0x000000008c300000, 0x000000008c300000| Untracked 
| 180|0x000000008c400000, 0x000000008c400000, 0x000000008c500000|  0%| F|  |TAMS 0x000000008c400000, 0x000000008c400000| Untracked 
| 181|0x000000008c500000, 0x000000008c500000, 0x000000008c600000|  0%| F|  |TAMS 0x000000008c500000, 0x000000008c500000| Untracked 
| 182|0x000000008c600000, 0x000000008c600000, 0x000000008c700000|  0%| F|  |TAMS 0x000000008c600000, 0x000000008c600000| Untracked 
| 183|0x000000008c700000, 0x000000008c700000, 0x000000008c800000|  0%| F|  |TAMS 0x000000008c700000, 0x000000008c700000| Untracked 
| 184|0x000000008c800000, 0x000000008c800000, 0x000000008c900000|  0%| F|  |TAMS 0x000000008c800000, 0x000000008c800000| Untracked 
| 185|0x000000008c900000, 0x000000008c900000, 0x000000008ca00000|  0%| F|  |TAMS 0x000000008c900000, 0x000000008c900000| Untracked 
| 186|0x000000008ca00000, 0x000000008ca00000, 0x000000008cb00000|  0%| F|  |TAMS 0x000000008ca00000, 0x000000008ca00000| Untracked 
| 187|0x000000008cb00000, 0x000000008cb00000, 0x000000008cc00000|  0%| F|  |TAMS 0x000000008cb00000, 0x000000008cb00000| Untracked 
| 188|0x000000008cc00000, 0x000000008cc00000, 0x000000008cd00000|  0%| F|  |TAMS 0x000000008cc00000, 0x000000008cc00000| Untracked 
| 189|0x000000008cd00000, 0x000000008cd00000, 0x000000008ce00000|  0%| F|  |TAMS 0x000000008cd00000, 0x000000008cd00000| Untracked 
| 190|0x000000008ce00000, 0x000000008ce00000, 0x000000008cf00000|  0%| F|  |TAMS 0x000000008ce00000, 0x000000008ce00000| Untracked 
| 191|0x000000008cf00000, 0x000000008cf00000, 0x000000008d000000|  0%| F|  |TAMS 0x000000008cf00000, 0x000000008cf00000| Untracked 
| 192|0x000000008d000000, 0x000000008d000000, 0x000000008d100000|  0%| F|  |TAMS 0x000000008d000000, 0x000000008d000000| Untracked 
| 193|0x000000008d100000, 0x000000008d100000, 0x000000008d200000|  0%| F|  |TAMS 0x000000008d100000, 0x000000008d100000| Untracked 
| 194|0x000000008d200000, 0x000000008d200000, 0x000000008d300000|  0%| F|  |TAMS 0x000000008d200000, 0x000000008d200000| Untracked 
| 195|0x000000008d300000, 0x000000008d300000, 0x000000008d400000|  0%| F|  |TAMS 0x000000008d300000, 0x000000008d300000| Untracked 
| 196|0x000000008d400000, 0x000000008d400000, 0x000000008d500000|  0%| F|  |TAMS 0x000000008d400000, 0x000000008d400000| Untracked 
| 197|0x000000008d500000, 0x000000008d500000, 0x000000008d600000|  0%| F|  |TAMS 0x000000008d500000, 0x000000008d500000| Untracked 
| 198|0x000000008d600000, 0x000000008d600000, 0x000000008d700000|  0%| F|  |TAMS 0x000000008d600000, 0x000000008d600000| Untracked 
| 199|0x000000008d700000, 0x000000008d700000, 0x000000008d800000|  0%| F|  |TAMS 0x000000008d700000, 0x000000008d700000| Untracked 
| 200|0x000000008d800000, 0x000000008d800000, 0x000000008d900000|  0%| F|  |TAMS 0x000000008d800000, 0x000000008d800000| Untracked 
| 201|0x000000008d900000, 0x000000008d900000, 0x000000008da00000|  0%| F|  |TAMS 0x000000008d900000, 0x000000008d900000| Untracked 
| 202|0x000000008da00000, 0x000000008da00000, 0x000000008db00000|  0%| F|  |TAMS 0x000000008da00000, 0x000000008da00000| Untracked 
| 203|0x000000008db00000, 0x000000008db00000, 0x000000008dc00000|  0%| F|  |TAMS 0x000000008db00000, 0x000000008db00000| Untracked 
| 204|0x000000008dc00000, 0x000000008dc00000, 0x000000008dd00000|  0%| F|  |TAMS 0x000000008dc00000, 0x000000008dc00000| Untracked 
| 205|0x000000008dd00000, 0x000000008dd00000, 0x000000008de00000|  0%| F|  |TAMS 0x000000008dd00000, 0x000000008dd00000| Untracked 
| 206|0x000000008de00000, 0x000000008de00000, 0x000000008df00000|  0%| F|  |TAMS 0x000000008de00000, 0x000000008de00000| Untracked 
| 207|0x000000008df00000, 0x000000008df00000, 0x000000008e000000|  0%| F|  |TAMS 0x000000008df00000, 0x000000008df00000| Untracked 
| 208|0x000000008e000000, 0x000000008e000000, 0x000000008e100000|  0%| F|  |TAMS 0x000000008e000000, 0x000000008e000000| Untracked 
| 209|0x000000008e100000, 0x000000008e100000, 0x000000008e200000|  0%| F|  |TAMS 0x000000008e100000, 0x000000008e100000| Untracked 
| 210|0x000000008e200000, 0x000000008e200000, 0x000000008e300000|  0%| F|  |TAMS 0x000000008e200000, 0x000000008e200000| Untracked 
| 211|0x000000008e300000, 0x000000008e300000, 0x000000008e400000|  0%| F|  |TAMS 0x000000008e300000, 0x000000008e300000| Untracked 
| 212|0x000000008e400000, 0x000000008e400000, 0x000000008e500000|  0%| F|  |TAMS 0x000000008e400000, 0x000000008e400000| Untracked 
| 213|0x000000008e500000, 0x000000008e500000, 0x000000008e600000|  0%| F|  |TAMS 0x000000008e500000, 0x000000008e500000| Untracked 
| 214|0x000000008e600000, 0x000000008e600000, 0x000000008e700000|  0%| F|  |TAMS 0x000000008e600000, 0x000000008e600000| Untracked 
| 215|0x000000008e700000, 0x000000008e700000, 0x000000008e800000|  0%| F|  |TAMS 0x000000008e700000, 0x000000008e700000| Untracked 
| 216|0x000000008e800000, 0x000000008e800000, 0x000000008e900000|  0%| F|  |TAMS 0x000000008e800000, 0x000000008e800000| Untracked 
| 217|0x000000008e900000, 0x000000008e900000, 0x000000008ea00000|  0%| F|  |TAMS 0x000000008e900000, 0x000000008e900000| Untracked 
| 218|0x000000008ea00000, 0x000000008ea00000, 0x000000008eb00000|  0%| F|  |TAMS 0x000000008ea00000, 0x000000008ea00000| Untracked 
| 219|0x000000008eb00000, 0x000000008eb00000, 0x000000008ec00000|  0%| F|  |TAMS 0x000000008eb00000, 0x000000008eb00000| Untracked 
| 220|0x000000008ec00000, 0x000000008ec00000, 0x000000008ed00000|  0%| F|  |TAMS 0x000000008ec00000, 0x000000008ec00000| Untracked 
| 221|0x000000008ed00000, 0x000000008ed00000, 0x000000008ee00000|  0%| F|  |TAMS 0x000000008ed00000, 0x000000008ed00000| Untracked 
| 222|0x000000008ee00000, 0x000000008ee00000, 0x000000008ef00000|  0%| F|  |TAMS 0x000000008ee00000, 0x000000008ee00000| Untracked 
| 223|0x000000008ef00000, 0x000000008ef00000, 0x000000008f000000|  0%| F|  |TAMS 0x000000008ef00000, 0x000000008ef00000| Untracked 
| 224|0x000000008f000000, 0x000000008f000000, 0x000000008f100000|  0%| F|  |TAMS 0x000000008f000000, 0x000000008f000000| Untracked 
| 225|0x000000008f100000, 0x000000008f100000, 0x000000008f200000|  0%| F|  |TAMS 0x000000008f100000, 0x000000008f100000| Untracked 
| 226|0x000000008f200000, 0x000000008f200000, 0x000000008f300000|  0%| F|  |TAMS 0x000000008f200000, 0x000000008f200000| Untracked 
| 227|0x000000008f300000, 0x000000008f300000, 0x000000008f400000|  0%| F|  |TAMS 0x000000008f300000, 0x000000008f300000| Untracked 
| 228|0x000000008f400000, 0x000000008f400000, 0x000000008f500000|  0%| F|  |TAMS 0x000000008f400000, 0x000000008f400000| Untracked 
| 229|0x000000008f500000, 0x000000008f500000, 0x000000008f600000|  0%| F|  |TAMS 0x000000008f500000, 0x000000008f500000| Untracked 
| 230|0x000000008f600000, 0x000000008f600000, 0x000000008f700000|  0%| F|  |TAMS 0x000000008f600000, 0x000000008f600000| Untracked 
| 231|0x000000008f700000, 0x000000008f700000, 0x000000008f800000|  0%| F|  |TAMS 0x000000008f700000, 0x000000008f700000| Untracked 
| 232|0x000000008f800000, 0x000000008f800000, 0x000000008f900000|  0%| F|  |TAMS 0x000000008f800000, 0x000000008f800000| Untracked 
| 233|0x000000008f900000, 0x000000008f900000, 0x000000008fa00000|  0%| F|  |TAMS 0x000000008f900000, 0x000000008f900000| Untracked 
| 234|0x000000008fa00000, 0x000000008fa00000, 0x000000008fb00000|  0%| F|  |TAMS 0x000000008fa00000, 0x000000008fa00000| Untracked 
| 235|0x000000008fb00000, 0x000000008fb00000, 0x000000008fc00000|  0%| F|  |TAMS 0x000000008fb00000, 0x000000008fb00000| Untracked 
| 236|0x000000008fc00000, 0x000000008fc00000, 0x000000008fd00000|  0%| F|  |TAMS 0x000000008fc00000, 0x000000008fc00000| Untracked 
| 237|0x000000008fd00000, 0x000000008fd00000, 0x000000008fe00000|  0%| F|  |TAMS 0x000000008fd00000, 0x000000008fd00000| Untracked 
| 238|0x000000008fe00000, 0x000000008fe00000, 0x000000008ff00000|  0%| F|  |TAMS 0x000000008fe00000, 0x000000008fe00000| Untracked 
| 239|0x000000008ff00000, 0x000000008ff00000, 0x0000000090000000|  0%| F|  |TAMS 0x000000008ff00000, 0x000000008ff00000| Untracked 
| 240|0x0000000090000000, 0x0000000090000000, 0x0000000090100000|  0%| F|  |TAMS 0x0000000090000000, 0x0000000090000000| Untracked 
| 241|0x0000000090100000, 0x0000000090100000, 0x0000000090200000|  0%| F|  |TAMS 0x0000000090100000, 0x0000000090100000| Untracked 
| 242|0x0000000090200000, 0x0000000090200000, 0x0000000090300000|  0%| F|  |TAMS 0x0000000090200000, 0x0000000090200000| Untracked 
| 243|0x0000000090300000, 0x0000000090300000, 0x0000000090400000|  0%| F|  |TAMS 0x0000000090300000, 0x0000000090300000| Untracked 
| 244|0x0000000090400000, 0x0000000090400000, 0x0000000090500000|  0%| F|  |TAMS 0x0000000090400000, 0x0000000090400000| Untracked 
| 245|0x0000000090500000, 0x0000000090500000, 0x0000000090600000|  0%| F|  |TAMS 0x0000000090500000, 0x0000000090500000| Untracked 
| 246|0x0000000090600000, 0x0000000090600000, 0x0000000090700000|  0%| F|  |TAMS 0x0000000090600000, 0x0000000090600000| Untracked 
| 247|0x0000000090700000, 0x0000000090700000, 0x0000000090800000|  0%| F|  |TAMS 0x0000000090700000, 0x0000000090700000| Untracked 
| 248|0x0000000090800000, 0x0000000090800000, 0x0000000090900000|  0%| F|  |TAMS 0x0000000090800000, 0x0000000090800000| Untracked 
| 249|0x0000000090900000, 0x0000000090900000, 0x0000000090a00000|  0%| F|  |TAMS 0x0000000090900000, 0x0000000090900000| Untracked 
| 250|0x0000000090a00000, 0x0000000090a00000, 0x0000000090b00000|  0%| F|  |TAMS 0x0000000090a00000, 0x0000000090a00000| Untracked 
| 251|0x0000000090b00000, 0x0000000090b00000, 0x0000000090c00000|  0%| F|  |TAMS 0x0000000090b00000, 0x0000000090b00000| Untracked 
| 252|0x0000000090c00000, 0x0000000090c00000, 0x0000000090d00000|  0%| F|  |TAMS 0x0000000090c00000, 0x0000000090c00000| Untracked 
| 253|0x0000000090d00000, 0x0000000090d00000, 0x0000000090e00000|  0%| F|  |TAMS 0x0000000090d00000, 0x0000000090d00000| Untracked 
| 254|0x0000000090e00000, 0x0000000090e00000, 0x0000000090f00000|  0%| F|  |TAMS 0x0000000090e00000, 0x0000000090e00000| Untracked 
| 255|0x0000000090f00000, 0x0000000090f00000, 0x0000000091000000|  0%| F|  |TAMS 0x0000000090f00000, 0x0000000090f00000| Untracked 
| 256|0x0000000091000000, 0x0000000091000000, 0x0000000091100000|  0%| F|  |TAMS 0x0000000091000000, 0x0000000091000000| Untracked 
| 257|0x0000000091100000, 0x0000000091100000, 0x0000000091200000|  0%| F|  |TAMS 0x0000000091100000, 0x0000000091100000| Untracked 
| 258|0x0000000091200000, 0x0000000091200000, 0x0000000091300000|  0%| F|  |TAMS 0x0000000091200000, 0x0000000091200000| Untracked 
| 259|0x0000000091300000, 0x0000000091300000, 0x0000000091400000|  0%| F|  |TAMS 0x0000000091300000, 0x0000000091300000| Untracked 
| 260|0x0000000091400000, 0x0000000091400000, 0x0000000091500000|  0%| F|  |TAMS 0x0000000091400000, 0x0000000091400000| Untracked 
| 261|0x0000000091500000, 0x0000000091500000, 0x0000000091600000|  0%| F|  |TAMS 0x0000000091500000, 0x0000000091500000| Untracked 
| 262|0x0000000091600000, 0x0000000091600000, 0x0000000091700000|  0%| F|  |TAMS 0x0000000091600000, 0x0000000091600000| Untracked 
| 263|0x0000000091700000, 0x0000000091700000, 0x0000000091800000|  0%| F|  |TAMS 0x0000000091700000, 0x0000000091700000| Untracked 
| 264|0x0000000091800000, 0x0000000091800000, 0x0000000091900000|  0%| F|  |TAMS 0x0000000091800000, 0x0000000091800000| Untracked 
| 265|0x0000000091900000, 0x0000000091900000, 0x0000000091a00000|  0%| F|  |TAMS 0x0000000091900000, 0x0000000091900000| Untracked 
| 266|0x0000000091a00000, 0x0000000091a00000, 0x0000000091b00000|  0%| F|  |TAMS 0x0000000091a00000, 0x0000000091a00000| Untracked 
| 267|0x0000000091b00000, 0x0000000091b00000, 0x0000000091c00000|  0%| F|  |TAMS 0x0000000091b00000, 0x0000000091b00000| Untracked 
| 268|0x0000000091c00000, 0x0000000091c00000, 0x0000000091d00000|  0%| F|  |TAMS 0x0000000091c00000, 0x0000000091c00000| Untracked 
| 269|0x0000000091d00000, 0x0000000091d00000, 0x0000000091e00000|  0%| F|  |TAMS 0x0000000091d00000, 0x0000000091d00000| Untracked 
| 270|0x0000000091e00000, 0x0000000091e00000, 0x0000000091f00000|  0%| F|  |TAMS 0x0000000091e00000, 0x0000000091e00000| Untracked 
| 271|0x0000000091f00000, 0x0000000091f00000, 0x0000000092000000|  0%| F|  |TAMS 0x0000000091f00000, 0x0000000091f00000| Untracked 
| 272|0x0000000092000000, 0x0000000092000000, 0x0000000092100000|  0%| F|  |TAMS 0x0000000092000000, 0x0000000092000000| Untracked 
| 273|0x0000000092100000, 0x0000000092100000, 0x0000000092200000|  0%| F|  |TAMS 0x0000000092100000, 0x0000000092100000| Untracked 
| 274|0x0000000092200000, 0x0000000092200000, 0x0000000092300000|  0%| F|  |TAMS 0x0000000092200000, 0x0000000092200000| Untracked 
| 275|0x0000000092300000, 0x0000000092300000, 0x0000000092400000|  0%| F|  |TAMS 0x0000000092300000, 0x0000000092300000| Untracked 
| 276|0x0000000092400000, 0x0000000092400000, 0x0000000092500000|  0%| F|  |TAMS 0x0000000092400000, 0x0000000092400000| Untracked 
| 277|0x0000000092500000, 0x0000000092500000, 0x0000000092600000|  0%| F|  |TAMS 0x0000000092500000, 0x0000000092500000| Untracked 
| 278|0x0000000092600000, 0x0000000092600000, 0x0000000092700000|  0%| F|  |TAMS 0x0000000092600000, 0x0000000092600000| Untracked 
| 279|0x0000000092700000, 0x0000000092700000, 0x0000000092800000|  0%| F|  |TAMS 0x0000000092700000, 0x0000000092700000| Untracked 
| 280|0x0000000092800000, 0x0000000092800000, 0x0000000092900000|  0%| F|  |TAMS 0x0000000092800000, 0x0000000092800000| Untracked 
| 281|0x0000000092900000, 0x0000000092900000, 0x0000000092a00000|  0%| F|  |TAMS 0x0000000092900000, 0x0000000092900000| Untracked 
| 282|0x0000000092a00000, 0x0000000092a00000, 0x0000000092b00000|  0%| F|  |TAMS 0x0000000092a00000, 0x0000000092a00000| Untracked 
| 283|0x0000000092b00000, 0x0000000092b00000, 0x0000000092c00000|  0%| F|  |TAMS 0x0000000092b00000, 0x0000000092b00000| Untracked 
| 284|0x0000000092c00000, 0x0000000092c00000, 0x0000000092d00000|  0%| F|  |TAMS 0x0000000092c00000, 0x0000000092c00000| Untracked 
| 285|0x0000000092d00000, 0x0000000092d00000, 0x0000000092e00000|  0%| F|  |TAMS 0x0000000092d00000, 0x0000000092d00000| Untracked 
| 286|0x0000000092e00000, 0x0000000092e00000, 0x0000000092f00000|  0%| F|  |TAMS 0x0000000092e00000, 0x0000000092e00000| Untracked 
| 287|0x0000000092f00000, 0x0000000092f00000, 0x0000000093000000|  0%| F|  |TAMS 0x0000000092f00000, 0x0000000092f00000| Untracked 
| 288|0x0000000093000000, 0x0000000093000000, 0x0000000093100000|  0%| F|  |TAMS 0x0000000093000000, 0x0000000093000000| Untracked 
| 289|0x0000000093100000, 0x0000000093100000, 0x0000000093200000|  0%| F|  |TAMS 0x0000000093100000, 0x0000000093100000| Untracked 
| 290|0x0000000093200000, 0x0000000093200000, 0x0000000093300000|  0%| F|  |TAMS 0x0000000093200000, 0x0000000093200000| Untracked 
| 291|0x0000000093300000, 0x0000000093300000, 0x0000000093400000|  0%| F|  |TAMS 0x0000000093300000, 0x0000000093300000| Untracked 
| 292|0x0000000093400000, 0x0000000093400000, 0x0000000093500000|  0%| F|  |TAMS 0x0000000093400000, 0x0000000093400000| Untracked 
| 293|0x0000000093500000, 0x0000000093500000, 0x0000000093600000|  0%| F|  |TAMS 0x0000000093500000, 0x0000000093500000| Untracked 
| 294|0x0000000093600000, 0x0000000093600000, 0x0000000093700000|  0%| F|  |TAMS 0x0000000093600000, 0x0000000093600000| Untracked 
| 295|0x0000000093700000, 0x0000000093700000, 0x0000000093800000|  0%| F|  |TAMS 0x0000000093700000, 0x0000000093700000| Untracked 
| 296|0x0000000093800000, 0x0000000093800000, 0x0000000093900000|  0%| F|  |TAMS 0x0000000093800000, 0x0000000093800000| Untracked 
| 297|0x0000000093900000, 0x0000000093900000, 0x0000000093a00000|  0%| F|  |TAMS 0x0000000093900000, 0x0000000093900000| Untracked 
| 298|0x0000000093a00000, 0x0000000093a00000, 0x0000000093b00000|  0%| F|  |TAMS 0x0000000093a00000, 0x0000000093a00000| Untracked 
| 299|0x0000000093b00000, 0x0000000093b00000, 0x0000000093c00000|  0%| F|  |TAMS 0x0000000093b00000, 0x0000000093b00000| Untracked 
| 300|0x0000000093c00000, 0x0000000093c00000, 0x0000000093d00000|  0%| F|  |TAMS 0x0000000093c00000, 0x0000000093c00000| Untracked 
| 301|0x0000000093d00000, 0x0000000093d00000, 0x0000000093e00000|  0%| F|  |TAMS 0x0000000093d00000, 0x0000000093d00000| Untracked 
| 302|0x0000000093e00000, 0x0000000093e00000, 0x0000000093f00000|  0%| F|  |TAMS 0x0000000093e00000, 0x0000000093e00000| Untracked 
| 303|0x0000000093f00000, 0x0000000093f00000, 0x0000000094000000|  0%| F|  |TAMS 0x0000000093f00000, 0x0000000093f00000| Untracked 
| 304|0x0000000094000000, 0x0000000094000000, 0x0000000094100000|  0%| F|  |TAMS 0x0000000094000000, 0x0000000094000000| Untracked 
| 305|0x0000000094100000, 0x0000000094100000, 0x0000000094200000|  0%| F|  |TAMS 0x0000000094100000, 0x0000000094100000| Untracked 
| 306|0x0000000094200000, 0x0000000094200000, 0x0000000094300000|  0%| F|  |TAMS 0x0000000094200000, 0x0000000094200000| Untracked 
| 307|0x0000000094300000, 0x0000000094300000, 0x0000000094400000|  0%| F|  |TAMS 0x0000000094300000, 0x0000000094300000| Untracked 
| 308|0x0000000094400000, 0x0000000094400000, 0x0000000094500000|  0%| F|  |TAMS 0x0000000094400000, 0x0000000094400000| Untracked 
| 309|0x0000000094500000, 0x0000000094500000, 0x0000000094600000|  0%| F|  |TAMS 0x0000000094500000, 0x0000000094500000| Untracked 
| 310|0x0000000094600000, 0x0000000094600000, 0x0000000094700000|  0%| F|  |TAMS 0x0000000094600000, 0x0000000094600000| Untracked 
| 311|0x0000000094700000, 0x0000000094700000, 0x0000000094800000|  0%| F|  |TAMS 0x0000000094700000, 0x0000000094700000| Untracked 
| 312|0x0000000094800000, 0x0000000094800000, 0x0000000094900000|  0%| F|  |TAMS 0x0000000094800000, 0x0000000094800000| Untracked 
| 313|0x0000000094900000, 0x0000000094900000, 0x0000000094a00000|  0%| F|  |TAMS 0x0000000094900000, 0x0000000094900000| Untracked 
| 314|0x0000000094a00000, 0x0000000094a00000, 0x0000000094b00000|  0%| F|  |TAMS 0x0000000094a00000, 0x0000000094a00000| Untracked 
| 315|0x0000000094b00000, 0x0000000094b00000, 0x0000000094c00000|  0%| F|  |TAMS 0x0000000094b00000, 0x0000000094b00000| Untracked 
| 316|0x0000000094c00000, 0x0000000094c00000, 0x0000000094d00000|  0%| F|  |TAMS 0x0000000094c00000, 0x0000000094c00000| Untracked 
| 317|0x0000000094d00000, 0x0000000094d00000, 0x0000000094e00000|  0%| F|  |TAMS 0x0000000094d00000, 0x0000000094d00000| Untracked 
| 318|0x0000000094e00000, 0x0000000094e00000, 0x0000000094f00000|  0%| F|  |TAMS 0x0000000094e00000, 0x0000000094e00000| Untracked 
| 319|0x0000000094f00000, 0x0000000094f00000, 0x0000000095000000|  0%| F|  |TAMS 0x0000000094f00000, 0x0000000094f00000| Untracked 
| 320|0x0000000095000000, 0x0000000095000000, 0x0000000095100000|  0%| F|  |TAMS 0x0000000095000000, 0x0000000095000000| Untracked 
| 321|0x0000000095100000, 0x0000000095100000, 0x0000000095200000|  0%| F|  |TAMS 0x0000000095100000, 0x0000000095100000| Untracked 
| 322|0x0000000095200000, 0x0000000095200000, 0x0000000095300000|  0%| F|  |TAMS 0x0000000095200000, 0x0000000095200000| Untracked 
| 323|0x0000000095300000, 0x0000000095300000, 0x0000000095400000|  0%| F|  |TAMS 0x0000000095300000, 0x0000000095300000| Untracked 
| 324|0x0000000095400000, 0x0000000095400000, 0x0000000095500000|  0%| F|  |TAMS 0x0000000095400000, 0x0000000095400000| Untracked 
| 325|0x0000000095500000, 0x0000000095500000, 0x0000000095600000|  0%| F|  |TAMS 0x0000000095500000, 0x0000000095500000| Untracked 
| 326|0x0000000095600000, 0x0000000095600000, 0x0000000095700000|  0%| F|  |TAMS 0x0000000095600000, 0x0000000095600000| Untracked 
| 327|0x0000000095700000, 0x0000000095700000, 0x0000000095800000|  0%| F|  |TAMS 0x0000000095700000, 0x0000000095700000| Untracked 
| 328|0x0000000095800000, 0x0000000095800000, 0x0000000095900000|  0%| F|  |TAMS 0x0000000095800000, 0x0000000095800000| Untracked 
| 329|0x0000000095900000, 0x0000000095900000, 0x0000000095a00000|  0%| F|  |TAMS 0x0000000095900000, 0x0000000095900000| Untracked 
| 330|0x0000000095a00000, 0x0000000095a00000, 0x0000000095b00000|  0%| F|  |TAMS 0x0000000095a00000, 0x0000000095a00000| Untracked 
| 331|0x0000000095b00000, 0x0000000095b00000, 0x0000000095c00000|  0%| F|  |TAMS 0x0000000095b00000, 0x0000000095b00000| Untracked 
| 332|0x0000000095c00000, 0x0000000095c00000, 0x0000000095d00000|  0%| F|  |TAMS 0x0000000095c00000, 0x0000000095c00000| Untracked 
| 333|0x0000000095d00000, 0x0000000095d00000, 0x0000000095e00000|  0%| F|  |TAMS 0x0000000095d00000, 0x0000000095d00000| Untracked 
| 334|0x0000000095e00000, 0x0000000095e00000, 0x0000000095f00000|  0%| F|  |TAMS 0x0000000095e00000, 0x0000000095e00000| Untracked 
| 335|0x0000000095f00000, 0x0000000095f00000, 0x0000000096000000|  0%| F|  |TAMS 0x0000000095f00000, 0x0000000095f00000| Untracked 
| 336|0x0000000096000000, 0x0000000096000000, 0x0000000096100000|  0%| F|  |TAMS 0x0000000096000000, 0x0000000096000000| Untracked 
| 337|0x0000000096100000, 0x0000000096100000, 0x0000000096200000|  0%| F|  |TAMS 0x0000000096100000, 0x0000000096100000| Untracked 
| 338|0x0000000096200000, 0x0000000096200000, 0x0000000096300000|  0%| F|  |TAMS 0x0000000096200000, 0x0000000096200000| Untracked 
| 339|0x0000000096300000, 0x0000000096300000, 0x0000000096400000|  0%| F|  |TAMS 0x0000000096300000, 0x0000000096300000| Untracked 
| 340|0x0000000096400000, 0x0000000096400000, 0x0000000096500000|  0%| F|  |TAMS 0x0000000096400000, 0x0000000096400000| Untracked 
| 341|0x0000000096500000, 0x0000000096500000, 0x0000000096600000|  0%| F|  |TAMS 0x0000000096500000, 0x0000000096500000| Untracked 
| 342|0x0000000096600000, 0x0000000096600000, 0x0000000096700000|  0%| F|  |TAMS 0x0000000096600000, 0x0000000096600000| Untracked 
| 343|0x0000000096700000, 0x0000000096700000, 0x0000000096800000|  0%| F|  |TAMS 0x0000000096700000, 0x0000000096700000| Untracked 
| 344|0x0000000096800000, 0x0000000096800000, 0x0000000096900000|  0%| F|  |TAMS 0x0000000096800000, 0x0000000096800000| Untracked 
| 345|0x0000000096900000, 0x0000000096900000, 0x0000000096a00000|  0%| F|  |TAMS 0x0000000096900000, 0x0000000096900000| Untracked 
| 346|0x0000000096a00000, 0x0000000096a00000, 0x0000000096b00000|  0%| F|  |TAMS 0x0000000096a00000, 0x0000000096a00000| Untracked 
| 347|0x0000000096b00000, 0x0000000096b00000, 0x0000000096c00000|  0%| F|  |TAMS 0x0000000096b00000, 0x0000000096b00000| Untracked 
| 348|0x0000000096c00000, 0x0000000096c00000, 0x0000000096d00000|  0%| F|  |TAMS 0x0000000096c00000, 0x0000000096c00000| Untracked 
| 349|0x0000000096d00000, 0x0000000096d00000, 0x0000000096e00000|  0%| F|  |TAMS 0x0000000096d00000, 0x0000000096d00000| Untracked 
| 350|0x0000000096e00000, 0x0000000096e00000, 0x0000000096f00000|  0%| F|  |TAMS 0x0000000096e00000, 0x0000000096e00000| Untracked 
| 351|0x0000000096f00000, 0x0000000096f00000, 0x0000000097000000|  0%| F|  |TAMS 0x0000000096f00000, 0x0000000096f00000| Untracked 
| 352|0x0000000097000000, 0x0000000097000000, 0x0000000097100000|  0%| F|  |TAMS 0x0000000097000000, 0x0000000097000000| Untracked 
| 353|0x0000000097100000, 0x0000000097100000, 0x0000000097200000|  0%| F|  |TAMS 0x0000000097100000, 0x0000000097100000| Untracked 
| 354|0x0000000097200000, 0x0000000097200000, 0x0000000097300000|  0%| F|  |TAMS 0x0000000097200000, 0x0000000097200000| Untracked 
| 355|0x0000000097300000, 0x0000000097300000, 0x0000000097400000|  0%| F|  |TAMS 0x0000000097300000, 0x0000000097300000| Untracked 
| 356|0x0000000097400000, 0x0000000097400000, 0x0000000097500000|  0%| F|  |TAMS 0x0000000097400000, 0x0000000097400000| Untracked 
| 357|0x0000000097500000, 0x0000000097500000, 0x0000000097600000|  0%| F|  |TAMS 0x0000000097500000, 0x0000000097500000| Untracked 
| 358|0x0000000097600000, 0x0000000097600000, 0x0000000097700000|  0%| F|  |TAMS 0x0000000097600000, 0x0000000097600000| Untracked 
| 359|0x0000000097700000, 0x0000000097700000, 0x0000000097800000|  0%| F|  |TAMS 0x0000000097700000, 0x0000000097700000| Untracked 
| 360|0x0000000097800000, 0x0000000097800000, 0x0000000097900000|  0%| F|  |TAMS 0x0000000097800000, 0x0000000097800000| Untracked 
| 361|0x0000000097900000, 0x0000000097900000, 0x0000000097a00000|  0%| F|  |TAMS 0x0000000097900000, 0x0000000097900000| Untracked 
| 362|0x0000000097a00000, 0x0000000097a00000, 0x0000000097b00000|  0%| F|  |TAMS 0x0000000097a00000, 0x0000000097a00000| Untracked 
| 363|0x0000000097b00000, 0x0000000097b00000, 0x0000000097c00000|  0%| F|  |TAMS 0x0000000097b00000, 0x0000000097b00000| Untracked 

Card table byte_map: [0x0000021d94dd0000,0x0000021d951d0000] _byte_map_base: 0x0000021d949c8000

Marking Bits (Prev, Next): (CMBitMap*) 0x0000021d8a17ae70, (CMBitMap*) 0x0000021d8a17ae30
 Prev Bits: [0x0000021d97590000, 0x0000021d99550000)
 Next Bits: [0x0000021d955d0000, 0x0000021d97590000)

Polling page: 0x0000021d898f0000

Metaspace:

Usage:
  Non-class:     74.85 MB used.
      Class:     12.20 MB used.
       Both:     87.05 MB used.

Virtual space:
  Non-class space:      128.00 MB reserved,      75.56 MB ( 59%) committed,  2 nodes.
      Class space:        1.00 GB reserved,      12.88 MB (  1%) committed,  1 nodes.
             Both:        1.12 GB reserved,      88.44 MB (  8%) committed. 

Chunk freelists:
   Non-Class:  3.98 MB
       Class:  3.05 MB
        Both:  7.03 MB

MaxMetaspaceSize: unlimited
CompressedClassSpaceSize: 1.00 GB
Initial GC threshold: 21.00 MB
Current GC threshold: 145.94 MB
CDS: on
MetaspaceReclaimPolicy: balanced
 - commit_granule_bytes: 65536.
 - commit_granule_words: 8192.
 - virtual_space_node_default_size: 8388608.
 - enlarge_chunks_in_place: 1.
 - new_chunks_are_fully_committed: 0.
 - uncommit_free_chunks: 1.
 - use_allocation_guard: 0.
 - handle_deallocations: 1.


Internal statistics:

num_allocs_failed_limit: 9.
num_arena_births: 3624.
num_arena_deaths: 1820.
num_vsnodes_births: 3.
num_vsnodes_deaths: 0.
num_space_committed: 1534.
num_space_uncommitted: 119.
num_chunks_returned_to_freelist: 3466.
num_chunks_taken_from_freelist: 9219.
num_chunk_merges: 985.
num_chunk_splits: 5166.
num_chunks_enlarged: 3218.
num_inconsistent_stats: 0.

CodeCache: size=49152Kb used=36872Kb max_used=36872Kb free=12280Kb
 bounds [0x0000021d919d0000, 0x0000021d93de0000, 0x0000021d949d0000]
 total_blobs=21621 nmethods=20902 adapters=643
 compilation: enabled
              stopped_count=0, restarted_count=0
 full_count=0

Compilation events (20 events):
Event: 5142.801 Thread 0x0000021de85e5180 nmethod 20890 0x0000021d93dcaf10 code [0x0000021d93dcb1e0, 0x0000021d93dcbca8]
Event: 5142.802 Thread 0x0000021d9b8eccc0 nmethod 20893 0x0000021d93dcc210 code [0x0000021d93dcc540, 0x0000021d93dcceb8]
Event: 5142.991 Thread 0x0000021d9b8eccc0 20894       1       org.hibernate.tool.schema.internal.AbstractSchemaMigrator::applyIndexes (103 bytes)
Event: 5142.991 Thread 0x0000021de8486820 20895       1       org.hibernate.mapping.Table::getIndexes (8 bytes)
Event: 5142.991 Thread 0x0000021de85e5180 20896       1       org.hibernate.tool.schema.internal.AbstractSchemaMigrator::applyUniqueKeys (168 bytes)
Event: 5142.991 Thread 0x0000021de8486820 nmethod 20895 0x0000021d93dcd890 code [0x0000021d93dcda40, 0x0000021d93dcdcc8]
Event: 5142.991 Thread 0x0000021de8486820 20897       1       org.hibernate.mapping.Table::getUniqueKeys (12 bytes)
Event: 5142.992 Thread 0x0000021d9b8eccc0 nmethod 20894 0x0000021d93dcde10 code [0x0000021d93dce0a0, 0x0000021d93dce868]
Event: 5142.992 Thread 0x0000021de8486820 nmethod 20897 0x0000021d93dcee10 code [0x0000021d93dcefe0, 0x0000021d93dcf2f8]
Event: 5142.992 Thread 0x0000021d9b8eccc0 20898       1       org.hibernate.mapping.Table::cleanseUniqueKeyMapIfNeeded (35 bytes)
Event: 5142.992 Thread 0x0000021d9b8eccc0 nmethod 20898 0x0000021d93dcf490 code [0x0000021d93dcf640, 0x0000021d93dcf7c8]
Event: 5142.992 Thread 0x0000021de85e5180 nmethod 20896 0x0000021d93dcf890 code [0x0000021d93dcfb80, 0x0000021d93dd05c8]
Event: 5143.021 Thread 0x0000021d9b8eccc0 20899       1       org.hibernate.service.internal.SessionFactoryServiceRegistryImpl::getServiceRegistry (2 bytes)
Event: 5143.021 Thread 0x0000021d9b8eccc0 nmethod 20899 0x0000021d93dd0c10 code [0x0000021d93dd0da0, 0x0000021d93dd0e78]
Event: 5143.028 Thread 0x0000021de85e5180 20900       1       java.lang.IllegalArgumentException::<init> (7 bytes)
Event: 5143.028 Thread 0x0000021de85e5180 nmethod 20900 0x0000021d93dd0f10 code [0x0000021d93dd10a0, 0x0000021d93dd1188]
Event: 5143.066 Thread 0x0000021de85e5180 20901       1       ch.qos.logback.classic.pattern.ThrowableProxyConverter::recursiveAppend (105 bytes)
Event: 5143.067 Thread 0x0000021de85e5180 nmethod 20901 0x0000021d93dd1210 code [0x0000021d93dd1420, 0x0000021d93dd1828]
Event: 5147.696 Thread 0x0000021de85e5180 20902       1       java.util.Arrays::copyOf (19 bytes)
Event: 5147.696 Thread 0x0000021de85e5180 nmethod 20902 0x0000021d93dd1b90 code [0x0000021d93dd1d20, 0x0000021d93dd1f08]

GC Heap History (20 events):
Event: 5059.296 GC heap after
{Heap after GC invocations=238 (full 49):
 garbage-first heap   total 296960K, used 89935K [0x0000000081000000, 0x0000000100000000)
  region size 1024K, 2 young (2048K), 2 survivors (2048K)
 Metaspace       used 86397K, committed 87616K, reserved 1179648K
  class space    used 12253K, committed 12864K, reserved 1048576K
}
Event: 5083.805 GC heap before
{Heap before GC invocations=238 (full 49):
 garbage-first heap   total 296960K, used 238415K [0x0000000081000000, 0x0000000100000000)
  region size 1024K, 148 young (151552K), 2 survivors (2048K)
 Metaspace       used 86681K, committed 87936K, reserved 1179648K
  class space    used 12279K, committed 12928K, reserved 1048576K
}
Event: 5083.827 GC heap after
{Heap after GC invocations=239 (full 49):
 garbage-first heap   total 296960K, used 95323K [0x0000000081000000, 0x0000000100000000)
  region size 1024K, 7 young (7168K), 7 survivors (7168K)
 Metaspace       used 86681K, committed 87936K, reserved 1179648K
  class space    used 12279K, committed 12928K, reserved 1048576K
}
Event: 5095.818 GC heap before
{Heap before GC invocations=240 (full 49):
 garbage-first heap   total 296960K, used 241755K [0x0000000081000000, 0x0000000100000000)
  region size 1024K, 151 young (154624K), 7 survivors (7168K)
 Metaspace       used 87127K, committed 88384K, reserved 1179648K
  class space    used 12316K, committed 12928K, reserved 1048576K
}
Event: 5095.830 GC heap after
{Heap after GC invocations=241 (full 49):
 garbage-first heap   total 296960K, used 100738K [0x0000000081000000, 0x0000000100000000)
  region size 1024K, 12 young (12288K), 12 survivors (12288K)
 Metaspace       used 87127K, committed 88384K, reserved 1179648K
  class space    used 12316K, committed 12928K, reserved 1048576K
}
Event: 5095.856 GC heap before
{Heap before GC invocations=241 (full 49):
 garbage-first heap   total 296960K, used 102786K [0x0000000081000000, 0x0000000100000000)
  region size 1024K, 14 young (14336K), 12 survivors (12288K)
 Metaspace       used 87127K, committed 88384K, reserved 1179648K
  class space    used 12316K, committed 12928K, reserved 1048576K
}
Event: 5095.864 GC heap after
{Heap after GC invocations=242 (full 49):
 garbage-first heap   total 296960K, used 99720K [0x0000000081000000, 0x0000000100000000)
  region size 1024K, 2 young (2048K), 2 survivors (2048K)
 Metaspace       used 87127K, committed 88384K, reserved 1179648K
  class space    used 12316K, committed 12928K, reserved 1048576K
}
Event: 5109.409 GC heap before
{Heap before GC invocations=242 (full 49):
 garbage-first heap   total 296960K, used 243080K [0x0000000081000000, 0x0000000100000000)
  region size 1024K, 143 young (146432K), 2 survivors (2048K)
 Metaspace       used 87609K, committed 88896K, reserved 1179648K
  class space    used 12357K, committed 12992K, reserved 1048576K
}
Event: 5109.415 GC heap after
{Heap after GC invocations=243 (full 49):
 garbage-first heap   total 296960K, used 105895K [0x0000000081000000, 0x0000000100000000)
  region size 1024K, 8 young (8192K), 8 survivors (8192K)
 Metaspace       used 87609K, committed 88896K, reserved 1179648K
  class space    used 12357K, committed 12992K, reserved 1048576K
}
Event: 5115.088 GC heap before
{Heap before GC invocations=244 (full 49):
 garbage-first heap   total 296960K, used 244135K [0x0000000081000000, 0x0000000100000000)
  region size 1024K, 144 young (147456K), 8 survivors (8192K)
 Metaspace       used 88090K, committed 89408K, reserved 1179648K
  class space    used 12399K, committed 13056K, reserved 1048576K
}
Event: 5115.095 GC heap after
{Heap after GC invocations=245 (full 49):
 garbage-first heap   total 296960K, used 111513K [0x0000000081000000, 0x0000000100000000)
  region size 1024K, 13 young (13312K), 13 survivors (13312K)
 Metaspace       used 88090K, committed 89408K, reserved 1179648K
  class space    used 12399K, committed 13056K, reserved 1048576K
}
Event: 5115.108 GC heap before
{Heap before GC invocations=245 (full 49):
 garbage-first heap   total 296960K, used 112537K [0x0000000081000000, 0x0000000100000000)
  region size 1024K, 14 young (14336K), 13 survivors (13312K)
 Metaspace       used 88090K, committed 89408K, reserved 1179648K
  class space    used 12399K, committed 13056K, reserved 1048576K
}
Event: 5115.116 GC heap after
{Heap after GC invocations=246 (full 49):
 garbage-first heap   total 296960K, used 111454K [0x0000000081000000, 0x0000000100000000)
  region size 1024K, 2 young (2048K), 2 survivors (2048K)
 Metaspace       used 88090K, committed 89408K, reserved 1179648K
  class space    used 12399K, committed 13056K, reserved 1048576K
}
Event: 5136.011 GC heap before
{Heap before GC invocations=246 (full 49):
 garbage-first heap   total 296960K, used 244574K [0x0000000081000000, 0x0000000100000000)
  region size 1024K, 133 young (136192K), 2 survivors (2048K)
 Metaspace       used 88334K, committed 89664K, reserved 1179648K
  class space    used 12420K, committed 13056K, reserved 1048576K
}
Event: 5136.023 GC heap after
{Heap after GC invocations=247 (full 49):
 garbage-first heap   total 296960K, used 115091K [0x0000000081000000, 0x0000000100000000)
  region size 1024K, 6 young (6144K), 6 survivors (6144K)
 Metaspace       used 88334K, committed 89664K, reserved 1179648K
  class space    used 12420K, committed 13056K, reserved 1048576K
}
Event: 5142.506 GC heap before
{Heap before GC invocations=248 (full 49):
 garbage-first heap   total 296960K, used 245139K [0x0000000081000000, 0x0000000100000000)
  region size 1024K, 134 young (137216K), 6 survivors (6144K)
 Metaspace       used 88767K, committed 90112K, reserved 1179648K
  class space    used 12459K, committed 13120K, reserved 1048576K
}
Event: 5142.513 GC heap after
{Heap after GC invocations=249 (full 49):
 garbage-first heap   total 296960K, used 120356K [0x0000000081000000, 0x0000000100000000)
  region size 1024K, 11 young (11264K), 11 survivors (11264K)
 Metaspace       used 88767K, committed 90112K, reserved 1179648K
  class space    used 12459K, committed 13120K, reserved 1048576K
}
Event: 5142.541 GC heap before
{Heap before GC invocations=249 (full 49):
 garbage-first heap   total 296960K, used 123428K [0x0000000081000000, 0x0000000100000000)
  region size 1024K, 14 young (14336K), 11 survivors (11264K)
 Metaspace       used 88767K, committed 90112K, reserved 1179648K
  class space    used 12459K, committed 13120K, reserved 1048576K
}
Event: 5142.549 GC heap after
{Heap after GC invocations=250 (full 49):
 garbage-first heap   total 296960K, used 120212K [0x0000000081000000, 0x0000000100000000)
  region size 1024K, 2 young (2048K), 2 survivors (2048K)
 Metaspace       used 88767K, committed 90112K, reserved 1179648K
  class space    used 12459K, committed 13120K, reserved 1048576K
}
Event: 5150.510 GC heap before
{Heap before GC invocations=250 (full 49):
 garbage-first heap   total 296960K, used 245140K [0x0000000081000000, 0x0000000100000000)
  region size 1024K, 125 young (128000K), 2 survivors (2048K)
 Metaspace       used 89139K, committed 90560K, reserved 1179648K
  class space    used 12496K, committed 13184K, reserved 1048576K
}

Deoptimization events (8 events):
Event: 2.179 Thread 0x0000021de141c650 DEOPT PACKING pc=0x0000021d91e75a01 sp=0x0000005a07dfe290
Event: 2.179 Thread 0x0000021de141c650 DEOPT UNPACKING pc=0x0000021d91a22b43 sp=0x0000005a07dfd720 mode 3
Event: 2.179 Thread 0x0000021de1f258e0 DEOPT PACKING pc=0x0000021d91e70217 sp=0x0000005a07ffee20
Event: 2.179 Thread 0x0000021de1f258e0 DEOPT UNPACKING pc=0x0000021d91a22b43 sp=0x0000005a07ffe278 mode 3
Event: 9.417 Thread 0x0000021de141c650 DEOPT PACKING pc=0x0000021d91ee8922 sp=0x0000005a07dfc460
Event: 9.417 Thread 0x0000021de141c650 DEOPT UNPACKING pc=0x0000021d91a22b43 sp=0x0000005a07dfb968 mode 3
Event: 9.529 Thread 0x0000021de141c650 DEOPT PACKING pc=0x0000021d91eb0aa4 sp=0x0000005a07dfca60
Event: 9.529 Thread 0x0000021de141c650 DEOPT UNPACKING pc=0x0000021d91a22b43 sp=0x0000005a07dfbfb8 mode 0

Classes unloaded (20 events):
Event: 4971.002 Thread 0x0000021d9b8c12d0 Unloading class 0x0000021d9db74590 'com/apprh/apprh/models/Dependente$HibernateProxy$GiCjT08d'
Event: 4971.002 Thread 0x0000021d9b8c12d0 Unloading class 0x0000021d9db74370 'com/apprh/apprh/models/Funcionario$HibernateInstantiator$VKqCM7Lv'
Event: 4971.002 Thread 0x0000021d9b8c12d0 Unloading class 0x0000021d9db74000 'com/apprh/apprh/models/Funcionario$HibernateProxy$NHal0Grw'
Event: 4971.002 Thread 0x0000021d9b8c12d0 Unloading class 0x0000021d9dae8d08 'com/apprh/apprh/models/Vaga'
Event: 4971.002 Thread 0x0000021d9b8c12d0 Unloading class 0x0000021d9dae8b10 'com/apprh/apprh/repository/VagaRepository'
Event: 4971.002 Thread 0x0000021d9b8c12d0 Unloading class 0x0000021d9dae88b0 'com/apprh/apprh/models/Funcionario'
Event: 4971.002 Thread 0x0000021d9b8c12d0 Unloading class 0x0000021d9dae86b8 'com/apprh/apprh/repository/FuncionarioRepository'
Event: 4971.002 Thread 0x0000021d9b8c12d0 Unloading class 0x0000021d9dae8458 'com/apprh/apprh/models/Dependente'
Event: 4971.002 Thread 0x0000021d9b8c12d0 Unloading class 0x0000021d9dae8260 'com/apprh/apprh/repository/DependenteRepository'
Event: 4971.002 Thread 0x0000021d9b8c12d0 Unloading class 0x0000021d9dae8000 'com/apprh/apprh/models/Candidato'
Event: 4971.002 Thread 0x0000021d9b8c12d0 Unloading class 0x0000021d9db0d458 'com/apprh/apprh/repository/CandidatoRepository'
Event: 4971.002 Thread 0x0000021d9b8c12d0 Unloading class 0x0000021d9db0d208 'com/apprh/apprh/controllers/VagaController'
Event: 4971.002 Thread 0x0000021d9b8c12d0 Unloading class 0x0000021d9db0d000 'com/apprh/apprh/controllers/HomeController'
Event: 4971.002 Thread 0x0000021d9b8c12d0 Unloading class 0x0000021d9daeac08 'com/apprh/apprh/controllers/FuncionarioController'
Event: 4971.002 Thread 0x0000021d9b8c12d0 Unloading class 0x0000021d9daeaa00 'com/apprh/apprh/controllers/BuscaController'
Event: 4971.002 Thread 0x0000021d9b8c12d0 Unloading class 0x0000021d9daea800 'com/apprh/apprh/AppRhApplication'
Event: 4974.944 Thread 0x0000021d9b8c12d0 Unloading class 0x0000021d9db3c800 'org/apache/catalina/loader/JdbcLeakPrevention'
Event: 4978.168 Thread 0x0000021d9b8c12d0 Unloading class 0x0000021d9d4ef800 'org/apache/catalina/loader/JdbcLeakPrevention'
Event: 5044.986 Thread 0x0000021d9b8c12d0 Unloading class 0x0000021d9dad9800 'jdk/internal/reflect/GeneratedMethodAccessor317'
Event: 5044.986 Thread 0x0000021d9b8c12d0 Unloading class 0x0000021d9dad9400 'jdk/internal/reflect/GeneratedMethodAccessor316'

Classes redefined (0 events):
No events

Internal exceptions (20 events):
Event: 5143.085 Thread 0x0000021de32e7400 Exception <a 'java/lang/reflect/InvocationTargetException'{0x0000000090a19348}> (0x0000000090a19348) 
thrown [s\open\src\hotspot\share\runtime\reflection.cpp, line 1121]
Event: 5146.870 Thread 0x0000021de85fd040 Exception <a 'sun/nio/fs/WindowsException'{0x000000008ffd61a8}> (0x000000008ffd61a8) 
thrown [s\open\src\hotspot\share\prims\jni.cpp, line 516]
Event: 5146.995 Thread 0x0000021de85fd040 Exception <a 'sun/nio/fs/WindowsException'{0x000000008fcd65f0}> (0x000000008fcd65f0) 
thrown [s\open\src\hotspot\share\prims\jni.cpp, line 516]
Event: 5147.135 Thread 0x0000021de85fd040 Exception <a 'sun/nio/fs/WindowsException'{0x000000008e9cc390}> (0x000000008e9cc390) 
thrown [s\open\src\hotspot\share\prims\jni.cpp, line 516]
Event: 5147.142 Thread 0x0000021de85fd040 Exception <a 'sun/nio/fs/WindowsException'{0x000000008e848220}> (0x000000008e848220) 
thrown [s\open\src\hotspot\share\prims\jni.cpp, line 516]
Event: 5147.195 Thread 0x0000021de85fd040 Exception <a 'java/lang/NoClassDefFoundError'{0x000000008e423dc8}: liquibase/integration/spring/SpringLiquibase> (0x000000008e423dc8) 
thrown [s\open\src\hotspot\share\oops\constantPool.cpp, line 835]
Event: 5147.201 Thread 0x0000021de85fd040 Exception <a 'java/lang/NoClassDefFoundError'{0x000000008e48fb28}: org/jooq/DSLContext> (0x000000008e48fb28) 
thrown [s\open\src\hotspot\share\oops\constantPool.cpp, line 835]
Event: 5147.201 Thread 0x0000021de85fd040 Exception <a 'java/lang/NoClassDefFoundError'{0x000000008e49d680}: org/springframework/batch/core/repository/JobRepository> (0x000000008e49d680) 
thrown [s\open\src\hotspot\share\oops\constantPool.cpp, line 835]
Event: 5147.201 Thread 0x0000021de85fd040 Exception <a 'java/lang/NoClassDefFoundError'{0x000000008e49dcc8}: org/quartz/Scheduler> (0x000000008e49dcc8) 
thrown [s\open\src\hotspot\share\oops\constantPool.cpp, line 835]
Event: 5147.201 Thread 0x0000021de85fd040 Exception <a 'java/lang/NoClassDefFoundError'{0x000000008e49e338}: org/springframework/session/jdbc/JdbcIndexedSessionRepository> (0x000000008e49e338) 
thrown [s\open\src\hotspot\share\oops\constantPool.cpp, line 835]
Event: 5147.247 Thread 0x0000021de85fd040 Exception <a 'sun/nio/fs/WindowsException'{0x000000008dd79b50}> (0x000000008dd79b50) 
thrown [s\open\src\hotspot\share\prims\jni.cpp, line 516]
Event: 5147.247 Thread 0x0000021de85fd040 Exception <a 'sun/nio/fs/WindowsException'{0x000000008dd7a250}> (0x000000008dd7a250) 
thrown [s\open\src\hotspot\share\prims\jni.cpp, line 516]
Event: 5147.247 Thread 0x0000021de85fd040 Exception <a 'sun/nio/fs/WindowsException'{0x000000008dd7a948}> (0x000000008dd7a948) 
thrown [s\open\src\hotspot\share\prims\jni.cpp, line 516]
Event: 5147.257 Thread 0x0000021de85fd040 Exception <a 'java/io/FileNotFoundException'{0x000000008ddb3cb0}> (0x000000008ddb3cb0) 
thrown [s\open\src\hotspot\share\prims\jni.cpp, line 516]
Event: 5147.278 Thread 0x0000021de85fd040 Exception <a 'java/io/FileNotFoundException'{0x000000008db90d48}> (0x000000008db90d48) 
thrown [s\open\src\hotspot\share\prims\jni.cpp, line 516]
Event: 5147.358 Thread 0x0000021de85fd040 Exception <a 'sun/nio/fs/WindowsException'{0x000000008d1340d0}> (0x000000008d1340d0) 
thrown [s\open\src\hotspot\share\prims\jni.cpp, line 516]
Event: 5147.707 Thread 0x0000021de85f9380 Exception <a 'java/lang/InterruptedException'{0x000000008c0ac5a0}: sleep interrupted> (0x000000008c0ac5a0) 
thrown [s\open\src\hotspot\share\prims\jvm.cpp, line 3064]
Event: 5147.713 Thread 0x0000021de85fd040 Exception <a 'java/lang/NoClassDefFoundError'{0x000000008c0d7388}: liquibase/exception/ChangeLogParseException> (0x000000008c0d7388) 
thrown [s\open\src\hotspot\share\classfile\systemDictionary.cpp, line 245]
Event: 5147.732 Thread 0x0000021de85fd040 Exception <a 'java/lang/reflect/InvocationTargetException'{0x000000008bf46780}> (0x000000008bf46780) 
thrown [s\open\src\hotspot\share\runtime\reflection.cpp, line 1121]
Event: 5150.381 Thread 0x0000021de85f60e0 Exception <a 'sun/nio/fs/WindowsException'{0x000000008b74a6c8}> (0x000000008b74a6c8) 
thrown [s\open\src\hotspot\share\prims\jni.cpp, line 516]

VM Operations (20 events):
Event: 5136.442 Executing VM operation: G1Concurrent done
Event: 5137.449 Executing VM operation: Cleanup
Event: 5137.449 Executing VM operation: Cleanup done
Event: 5138.464 Executing VM operation: Cleanup
Event: 5138.464 Executing VM operation: Cleanup done
Event: 5139.475 Executing VM operation: Cleanup
Event: 5139.475 Executing VM operation: Cleanup done
Event: 5140.485 Executing VM operation: Cleanup
Event: 5140.486 Executing VM operation: Cleanup done
Event: 5142.490 Executing VM operation: Cleanup
Event: 5142.490 Executing VM operation: Cleanup done
Event: 5142.506 Executing VM operation: G1CollectForAllocation
Event: 5142.517 Executing VM operation: G1CollectForAllocation done
Event: 5142.541 Executing VM operation: G1CollectForAllocation
Event: 5142.552 Executing VM operation: G1CollectForAllocation done
Event: 5143.559 Executing VM operation: Cleanup
Event: 5143.560 Executing VM operation: Cleanup done
Event: 5147.597 Executing VM operation: Cleanup
Event: 5147.597 Executing VM operation: Cleanup done
Event: 5150.510 Executing VM operation: G1CollectForAllocation

Events (20 events):
Event: 5147.707 Thread 0x0000021de85fa7c0 Thread exited: 0x0000021de85fa7c0
Event: 5147.707 Thread 0x0000021de85facd0 Thread exited: 0x0000021de85facd0
Event: 5147.707 Thread 0x0000021de85f7f40 Thread exited: 0x0000021de85f7f40
Event: 5147.707 Thread 0x0000021de85fbc00 Thread exited: 0x0000021de85fbc00
Event: 5147.707 Thread 0x0000021de85f9380 Thread exited: 0x0000021de85f9380
Event: 5147.707 Thread 0x0000021de85f9890 Thread exited: 0x0000021de85f9890
Event: 5147.707 Thread 0x0000021de85f8960 Thread exited: 0x0000021de85f8960
Event: 5147.707 Thread 0x0000021de85fb6f0 Thread exited: 0x0000021de85fb6f0
Event: 5147.707 Thread 0x0000021de85fa2b0 Thread exited: 0x0000021de85fa2b0
Event: 5147.707 Thread 0x0000021de85f65f0 Thread exited: 0x0000021de85f65f0
Event: 5147.707 Thread 0x0000021de85f8450 Thread exited: 0x0000021de85f8450
Event: 5147.707 Thread 0x0000021de85f60e0 Thread exited: 0x0000021de85f60e0
Event: 5147.708 Thread 0x0000021de85fc620 Thread exited: 0x0000021de85fc620
Event: 5147.715 loading class jdk/internal/reflect/GeneratedMethodAccessor405
Event: 5147.715 loading class jdk/internal/reflect/GeneratedMethodAccessor405 done
Event: 5147.715 loading class jdk/internal/reflect/GeneratedMethodAccessor405
Event: 5147.715 loading class jdk/internal/reflect/GeneratedMethodAccessor405 done
Event: 5147.733 Thread 0x0000021de85fd040 Thread exited: 0x0000021de85fd040
Event: 5147.733 Thread 0x0000021de85fb6f0 Thread added: 0x0000021de85fb6f0
Event: 5150.347 Thread 0x0000021de85f60e0 Thread added: 0x0000021de85f60e0


Dynamic libraries:
0x00007ff7539a0000 - 0x00007ff7539b0000 	C:\Program Files\Java\jdk-17\bin\java.exe
0x00007ffb6f630000 - 0x00007ffb6f828000 	C:\Windows\SYSTEM32\ntdll.dll
0x00007ffb6e6c0000 - 0x00007ffb6e77d000 	C:\Windows\System32\KERNEL32.DLL
0x00007ffb6d0f0000 - 0x00007ffb6d3e6000 	C:\Windows\System32\KERNELBASE.dll
0x00007ffb6ccf0000 - 0x00007ffb6cdf0000 	C:\Windows\System32\ucrtbase.dll
0x00007ffb68660000 - 0x00007ffb68679000 	C:\Program Files\Java\jdk-17\bin\jli.dll
0x00007ffb6edc0000 - 0x00007ffb6ee70000 	C:\Windows\System32\ADVAPI32.dll
0x00007ffb6eb90000 - 0x00007ffb6ec2e000 	C:\Windows\System32\msvcrt.dll
0x00007ffb6f2b0000 - 0x00007ffb6f350000 	C:\Windows\System32\sechost.dll
0x00007ffb6ec30000 - 0x00007ffb6ed53000 	C:\Windows\System32\RPCRT4.dll
0x00007ffb6d0c0000 - 0x00007ffb6d0e7000 	C:\Windows\System32\bcrypt.dll
0x00007ffb6f350000 - 0x00007ffb6f4ef000 	C:\Windows\System32\USER32.dll
0x00007ffb6d460000 - 0x00007ffb6d482000 	C:\Windows\System32\win32u.dll
0x00007ffb6f5c0000 - 0x00007ffb6f5eb000 	C:\Windows\System32\GDI32.dll
0x00007ffb6cdf0000 - 0x00007ffb6cf07000 	C:\Windows\System32\gdi32full.dll
0x00007ffb6d490000 - 0x00007ffb6d52d000 	C:\Windows\System32\msvcp_win.dll
0x00007ffb686d0000 - 0x00007ffb686eb000 	C:\Program Files\Java\jdk-17\bin\VCRUNTIME140.dll
0x00007ffb66220000 - 0x00007ffb664ba000 	C:\Windows\WinSxS\amd64_microsoft.windows.common-controls_6595b64144ccf1df_6.0.19041.4355_none_60b8b9eb71f62e16\COMCTL32.dll
0x00007ffb66eb0000 - 0x00007ffb66eba000 	C:\Windows\SYSTEM32\VERSION.dll
0x00007ffb6d670000 - 0x00007ffb6d69f000 	C:\Windows\System32\IMM32.DLL
0x00007ffb680e0000 - 0x00007ffb680ec000 	C:\Program Files\Java\jdk-17\bin\vcruntime140_1.dll
0x00007ffb5d430000 - 0x00007ffb5d4be000 	C:\Program Files\Java\jdk-17\bin\msvcp140.dll
0x00007ffb30a90000 - 0x00007ffb3166f000 	C:\Program Files\Java\jdk-17\bin\server\jvm.dll
0x00007ffb6d720000 - 0x00007ffb6d728000 	C:\Windows\System32\PSAPI.DLL
0x00007ffb66e80000 - 0x00007ffb66ea7000 	C:\Windows\SYSTEM32\WINMM.dll
0x00007ffb5ae80000 - 0x00007ffb5ae89000 	C:\Windows\SYSTEM32\WSOCK32.dll
0x00007ffb6e8e0000 - 0x00007ffb6e94b000 	C:\Windows\System32\WS2_32.dll
0x00007ffb6ab50000 - 0x00007ffb6ab62000 	C:\Windows\SYSTEM32\kernel.appcore.dll
0x00007ffb66d60000 - 0x00007ffb66d6a000 	C:\Program Files\Java\jdk-17\bin\jimage.dll
0x00007ffb5be40000 - 0x00007ffb5c024000 	C:\Windows\SYSTEM32\DBGHELP.DLL
0x00007ffb5b8d0000 - 0x00007ffb5b904000 	C:\Windows\SYSTEM32\dbgcore.DLL
0x00007ffb6d530000 - 0x00007ffb6d5b2000 	C:\Windows\System32\bcryptPrimitives.dll
0x00007ffb61060000 - 0x00007ffb61085000 	C:\Program Files\Java\jdk-17\bin\java.dll
0x00007ffb53ff0000 - 0x00007ffb540c7000 	C:\Program Files\Java\jdk-17\bin\jsvml.dll
0x00007ffb6df50000 - 0x00007ffb6e6ba000 	C:\Windows\System32\SHELL32.dll
0x00007ffb6ad50000 - 0x00007ffb6b4ed000 	C:\Windows\SYSTEM32\windows.storage.dll
0x00007ffb6ef50000 - 0x00007ffb6f2a3000 	C:\Windows\System32\combase.dll
0x00007ffb6c5c0000 - 0x00007ffb6c5ee000 	C:\Windows\SYSTEM32\Wldp.dll
0x00007ffb6f4f0000 - 0x00007ffb6f5bd000 	C:\Windows\System32\OLEAUT32.dll
0x00007ffb6e830000 - 0x00007ffb6e8dd000 	C:\Windows\System32\SHCORE.dll
0x00007ffb6d8c0000 - 0x00007ffb6d915000 	C:\Windows\System32\shlwapi.dll
0x00007ffb6cc20000 - 0x00007ffb6cc44000 	C:\Windows\SYSTEM32\profapi.dll
0x00007ffb65bb0000 - 0x00007ffb65bc9000 	C:\Program Files\Java\jdk-17\bin\net.dll
0x00007ffb67080000 - 0x00007ffb6718a000 	C:\Windows\SYSTEM32\WINHTTP.dll
0x00007ffb6c340000 - 0x00007ffb6c3aa000 	C:\Windows\system32\mswsock.dll
0x00007ffb61040000 - 0x00007ffb61056000 	C:\Program Files\Java\jdk-17\bin\nio.dll
0x00007ffb5d7e0000 - 0x00007ffb5d7f8000 	C:\Program Files\Java\jdk-17\bin\zip.dll
0x00007ffb61030000 - 0x00007ffb6103a000 	C:\Program Files\Java\jdk-17\bin\management.dll
0x00007ffb5f020000 - 0x00007ffb5f02b000 	C:\Program Files\Java\jdk-17\bin\management_ext.dll
0x00007ffb63b60000 - 0x00007ffb63b6e000 	C:\Program Files\Java\jdk-17\bin\sunmscapi.dll
0x00007ffb6cf10000 - 0x00007ffb6d06e000 	C:\Windows\System32\CRYPT32.dll
0x00007ffb6c6a0000 - 0x00007ffb6c6c9000 	C:\Windows\SYSTEM32\ncrypt.dll
0x00007ffb6c660000 - 0x00007ffb6c69b000 	C:\Windows\SYSTEM32\NTASN1.dll
0x00007ffb6c7d0000 - 0x00007ffb6c7e8000 	C:\Windows\SYSTEM32\CRYPTSP.dll
0x00007ffb6bc80000 - 0x00007ffb6bcb4000 	C:\Windows\system32\rsaenh.dll
0x00007ffb6cbd0000 - 0x00007ffb6cbfe000 	C:\Windows\SYSTEM32\USERENV.dll
0x00007ffb6c4d0000 - 0x00007ffb6c4dc000 	C:\Windows\SYSTEM32\CRYPTBASE.dll
0x00007ffb6c040000 - 0x00007ffb6c07b000 	C:\Windows\SYSTEM32\IPHLPAPI.DLL
0x00007ffb6df40000 - 0x00007ffb6df48000 	C:\Windows\System32\NSI.dll
0x00007ffb675b0000 - 0x00007ffb675c7000 	C:\Windows\SYSTEM32\dhcpcsvc6.DLL
0x00007ffb67700000 - 0x00007ffb6771d000 	C:\Windows\SYSTEM32\dhcpcsvc.DLL
0x00007ffb6c080000 - 0x00007ffb6c14a000 	C:\Windows\SYSTEM32\DNSAPI.dll
0x00007ffb61470000 - 0x00007ffb6147a000 	C:\Windows\System32\rasadhlp.dll
0x00007ffb66600000 - 0x00007ffb66680000 	C:\Windows\System32\fwpuclnt.dll
0x00007ffb66850000 - 0x00007ffb66860000 	C:\Program Files\Java\jdk-17\bin\verify.dll
0x00007ffb59660000 - 0x00007ffb59667000 	C:\Windows\system32\wshunix.dll

dbghelp: loaded successfully - version: 4.0.5 - missing functions: none
symbol engine: initialized successfully - sym options: 0x614 - pdb path: .;C:\Program Files\Java\jdk-17\bin;C:\Windows\SYSTEM32;C:\Windows\WinSxS\amd64_microsoft.windows.common-controls_6595b64144ccf1df_6.0.19041.4355_none_60b8b9eb71f62e16;C:\Program Files\Java\jdk-17\bin\server

VM Arguments:
jvm_args: -XX:TieredStopAtLevel=1 
java_command: com.apprh.apprh.AppRhApplication
java_class_path (initial): C:\Users\CLIENTE\Desktop\AppRh\target\classes;C:\Users\CLIENTE\.m2\repository\org\springframework\spring-aop\6.1.8\spring-aop-6.1.8.jar;C:\Users\CLIENTE\.m2\repository\org\aspectj\aspectjweaver\1.9.22\aspectjweaver-1.9.22.jar;C:\Users\CLIENTE\.m2\repository\com\zaxxer\HikariCP\5.1.0\HikariCP-5.1.0.jar;C:\Users\CLIENTE\.m2\repository\org\springframework\spring-jdbc\6.1.8\spring-jdbc-6.1.8.jar;C:\Users\CLIENTE\.m2\repository\org\hibernate\orm\hibernate-core\6.5.2.Final\hibernate-core-6.5.2.Final.jar;C:\Users\CLIENTE\.m2\repository\jakarta\persistence\jakarta.persistence-api\3.1.0\jakarta.persistence-api-3.1.0.jar;C:\Users\CLIENTE\.m2\repository\jakarta\transaction\jakarta.transaction-api\2.0.1\jakarta.transaction-api-2.0.1.jar;C:\Users\CLIENTE\.m2\repository\org\jboss\logging\jboss-logging\3.5.3.Final\jboss-logging-3.5.3.Final.jar;C:\Users\CLIENTE\.m2\repository\org\hibernate\common\hibernate-commons-annotations\6.0.6.Final\hibernate-commons-annotations-6.0.6.Final.jar;C:\Users\CLIENTE\.m2\repository\io\smallrye\jandex\3.1.2\jandex-3.1.2.jar;C:\Users\CLIENTE\.m2\repository\com\fasterxml\classmate\1.7.0\classmate-1.7.0.jar;C:\Users\CLIENTE\.m2\repository\net\bytebuddy\byte-buddy\1.14.16\byte-buddy-1.14.16.jar;C:\Users\CLIENTE\.m2\repository\org\glassfish\jaxb\jaxb-runtime\4.0.5\jaxb-runtime-4.0.5.jar;C:\Users\CLIENTE\.m2\repository\org\glassfish\jaxb\jaxb-core\4.0.5\jaxb-core-4.0.5.jar;C:\Users\CLIENTE\.m2\repository\org\eclipse\angus\angus-activation\2.0.2\angus-activation-2.0.2.jar;C:\Users\CLIENTE\.m2\repository\org\glassfish\jaxb\txw2\4.0.5\txw2-4.0.5.jar;C:\Users\CLIENTE\.m2\repository\com\sun\istack\istack-commons-runtime\4.1.2\istack-commons-runtime-4.1.2.jar;C:\Users\CLIENTE\.m2\repository\jakarta\inject\jakarta.inject-api\2.0.1\jakarta.inject-api-2.0.1.jar;C:\Users\CLIENTE\.m2\repository\org\antlr\antlr4-runtime\4.13.0\antlr4-runtime-4.13.0.jar;C:\Users\CLIENTE\.m2\repository\org\springframework\data\spring-data-jpa\3.3.0\spring-da
Launcher Type: SUN_STANDARD

[Global flags]
     intx CICompilerCount                          = 3                                         {product} {ergonomic}
     uint ConcGCThreads                            = 1                                         {product} {ergonomic}
     uint G1ConcRefinementThreads                  = 4                                         {product} {ergonomic}
   size_t G1HeapRegionSize                         = 1048576                                   {product} {ergonomic}
    uintx GCDrainStackTargetSize                   = 64                                        {product} {ergonomic}
   size_t InitialHeapSize                          = 134217728                                 {product} {ergonomic}
   size_t MarkStackSize                            = 4194304                                   {product} {ergonomic}
   size_t MaxHeapSize                              = 2130706432                                {product} {ergonomic}
   size_t MaxNewSize                               = 1278214144                                {product} {ergonomic}
   size_t MinHeapDeltaBytes                        = 1048576                                   {product} {ergonomic}
   size_t MinHeapSize                              = 8388608                                   {product} {ergonomic}
    uintx NonProfiledCodeHeapSize                  = 0                                      {pd product} {ergonomic}
     bool ProfileInterpreter                       = false                                  {pd product} {command line}
    uintx ProfiledCodeHeapSize                     = 0                                      {pd product} {ergonomic}
   size_t SoftMaxHeapSize                          = 2130706432                             {manageable} {ergonomic}
     intx TieredStopAtLevel                        = 1                                         {product} {command line}
     bool UseCompressedClassPointers               = true                           {product lp64_product} {ergonomic}
     bool UseCompressedOops                        = true                           {product lp64_product} {ergonomic}
     bool UseG1GC                                  = true                                      {product} {ergonomic}
     bool UseLargePagesIndividualAllocation        = false                                  {pd product} {ergonomic}

Logging:
Log output configuration:
 #0: stdout all=warning uptime,level,tags
 #1: stderr all=off uptime,level,tags

Environment Variables:
PATH=C:\Program Files\Common Files\Oracle\Java\javapath;C:\Windows\system32;C:\Windows;C:\Windows\System32\Wbem;C:\Windows\System32\WindowsPowerShell\v1.0\;C:\Windows\System32\OpenSSH\;C:\Program Files\Git\cmd;C:\Program Files\Java\jdk-15.0.2\bin;C:\xampp\php;C:\ProgramData\ComposerSetup\bin;C:\Program Files\nodejs\;C:\Program Files\Docker\Docker\resources\bin;C:\ruby;C:\Users\CLIENTE\OneDrive\Documentos\apache-maven-3.9.0\bin;C:\msys64\mingw64\bin;C:\msys64\usr\bin;C:\Ruby33-x64\bin;C:\Ruby30-x64\bin;C:\Program Files\MySQL\MySQL Shell 8.0\bin\;C:\Users\CLIENTE\AppData\Local\Microsoft\WindowsApps;C:\Users\CLIENTE\AppData\Local\Programs\Microsoft VS Code\bin;C:\Users\CLIENTE\OneDrive\Documentos\flutter\bin;C:\Users\CLIENTE\Documents\apache-maven-3.9.0\bin;C:\Users\CLIENTE\AppData\Roaming\Composer\vendor\bin;C:\Users\CLIENTE\AppData\Roaming\npm
USERNAME=CLIENTE
LANG=pt_BR.UTF-8
OS=Windows_NT
PROCESSOR_IDENTIFIER=Intel64 Family 6 Model 158 Stepping 10, GenuineIntel



---------------  S Y S T E M  ---------------

OS:
 Windows 10 , 64 bit Build 19041 (10.0.19041.3636)
OS uptime: 4 days 21:31 hours
Hyper-V role detected

CPU: total 4 (initial active 4) (4 cores per cpu, 1 threads per core) family 6 model 158 stepping 10 microcode 0xd6, cx8, cmov, fxsr, mmx, 3dnowpref, sse, sse2, sse3, ssse3, sse4.1, sse4.2, popcnt, lzcnt, tsc, tscinvbit, avx, avx2, aes, erms, clmul, bmi1, bmi2, adx, fma, vzeroupper, clflush, clflushopt, hv

Memory: 4k page, system-wide physical 8127M (1518M free)
TotalPageFile size 14266M (AvailPageFile size 339M)
current process WorkingSet (physical memory assigned to process): 498M, peak: 498M
current process commit charge ("private bytes"): 617M, peak: 1096M

vm_info: Java HotSpot(TM) 64-Bit Server VM (17.0.10+11-LTS-240) for windows-amd64 JRE (17.0.10+11-LTS-240), built on Dec 19 2023 21:47:25 by "mach5one" with MS VC++ 17.1 (VS2022)

END.
